
*** Running vivado
    with args -log toplvl.vds -m64 -product Vivado -mode batch -messageDb vivado.pb -notrace -source toplvl.tcl


****** Vivado v2019.1 (64-bit)
  **** SW Build 2552052 on Fri May 24 14:49:42 MDT 2019
  **** IP Build 2548770 on Fri May 24 18:01:18 MDT 2019
    ** Copyright 1986-2019 Xilinx, Inc. All Rights Reserved.

source toplvl.tcl -notrace
Command: synth_design -top toplvl -part xc7a35tcpg236-1
Starting synth_design
Attempting to get a license for feature 'Synthesis' and/or device 'xc7a35t'
INFO: [Common 17-349] Got license for feature 'Synthesis' and/or device 'xc7a35t'
INFO: [Device 21-403] Loading part xc7a35tcpg236-1
INFO: Launching helper process for spawning children vivado processes
INFO: Helper process launched with PID 10076 
---------------------------------------------------------------------------------
Starting RTL Elaboration : Time (s): cpu = 00:00:03 ; elapsed = 00:00:04 . Memory (MB): peak = 814.082 ; gain = 178.113
---------------------------------------------------------------------------------
INFO: [Synth 8-6157] synthesizing module 'toplvl' [C:/Users/kho29/Desktop/p5_14/p5_14.srcs/sources_1/imports/new/toplvl.v:23]
INFO: [Synth 8-6157] synthesizing module 'qsec_clks' [C:/Users/kho29/Desktop/p5_14/p5_14.srcs/sources_1/imports/Downloads/qsec_clks.v:24]
INFO: [Synth 8-6157] synthesizing module 'clk_wiz_0' [C:/Users/kho29/Desktop/p5_14/p5_14.srcs/sources_1/imports/Downloads/qsec_clks.v:58]
INFO: [Synth 8-6157] synthesizing module 'IBUF' [C:/Xilinx/Vivado/2019.1/scripts/rt/data/unisim_comp.v:32856]
	Parameter CAPACITANCE bound to: DONT_CARE - type: string 
	Parameter IBUF_DELAY_VALUE bound to: 0 - type: string 
	Parameter IBUF_LOW_PWR bound to: TRUE - type: string 
	Parameter IFD_DELAY_VALUE bound to: AUTO - type: string 
	Parameter IOSTANDARD bound to: DEFAULT - type: string 
INFO: [Synth 8-6155] done synthesizing module 'IBUF' (1#1) [C:/Xilinx/Vivado/2019.1/scripts/rt/data/unisim_comp.v:32856]
INFO: [Synth 8-6157] synthesizing module 'MMCME2_ADV' [C:/Xilinx/Vivado/2019.1/scripts/rt/data/unisim_comp.v:39813]
	Parameter BANDWIDTH bound to: OPTIMIZED - type: string 
	Parameter CLKFBOUT_MULT_F bound to: 9.125000 - type: float 
	Parameter CLKFBOUT_PHASE bound to: 0.000000 - type: float 
	Parameter CLKFBOUT_USE_FINE_PS bound to: FALSE - type: string 
	Parameter CLKIN1_PERIOD bound to: 10.000000 - type: float 
	Parameter CLKIN2_PERIOD bound to: 0.000000 - type: float 
	Parameter CLKOUT0_DIVIDE_F bound to: 36.500000 - type: float 
	Parameter CLKOUT0_DUTY_CYCLE bound to: 0.500000 - type: float 
	Parameter CLKOUT0_PHASE bound to: 0.000000 - type: float 
	Parameter CLKOUT0_USE_FINE_PS bound to: FALSE - type: string 
	Parameter CLKOUT1_DIVIDE bound to: 1 - type: integer 
	Parameter CLKOUT1_DUTY_CYCLE bound to: 0.500000 - type: float 
	Parameter CLKOUT1_PHASE bound to: 0.000000 - type: float 
	Parameter CLKOUT1_USE_FINE_PS bound to: FALSE - type: string 
	Parameter CLKOUT2_DIVIDE bound to: 1 - type: integer 
	Parameter CLKOUT2_DUTY_CYCLE bound to: 0.500000 - type: float 
	Parameter CLKOUT2_PHASE bound to: 0.000000 - type: float 
	Parameter CLKOUT2_USE_FINE_PS bound to: FALSE - type: string 
	Parameter CLKOUT3_DIVIDE bound to: 1 - type: integer 
	Parameter CLKOUT3_DUTY_CYCLE bound to: 0.500000 - type: float 
	Parameter CLKOUT3_PHASE bound to: 0.000000 - type: float 
	Parameter CLKOUT3_USE_FINE_PS bound to: FALSE - type: string 
	Parameter CLKOUT4_CASCADE bound to: FALSE - type: string 
	Parameter CLKOUT4_DIVIDE bound to: 1 - type: integer 
	Parameter CLKOUT4_DUTY_CYCLE bound to: 0.500000 - type: float 
	Parameter CLKOUT4_PHASE bound to: 0.000000 - type: float 
	Parameter CLKOUT4_USE_FINE_PS bound to: FALSE - type: string 
	Parameter CLKOUT5_DIVIDE bound to: 1 - type: integer 
	Parameter CLKOUT5_DUTY_CYCLE bound to: 0.500000 - type: float 
	Parameter CLKOUT5_PHASE bound to: 0.000000 - type: float 
	Parameter CLKOUT5_USE_FINE_PS bound to: FALSE - type: string 
	Parameter CLKOUT6_DIVIDE bound to: 1 - type: integer 
	Parameter CLKOUT6_DUTY_CYCLE bound to: 0.500000 - type: float 
	Parameter CLKOUT6_PHASE bound to: 0.000000 - type: float 
	Parameter CLKOUT6_USE_FINE_PS bound to: FALSE - type: string 
	Parameter COMPENSATION bound to: ZHOLD - type: string 
	Parameter DIVCLK_DIVIDE bound to: 1 - type: integer 
	Parameter IS_CLKINSEL_INVERTED bound to: 1'b0 
	Parameter IS_PSEN_INVERTED bound to: 1'b0 
	Parameter IS_PSINCDEC_INVERTED bound to: 1'b0 
	Parameter IS_PWRDWN_INVERTED bound to: 1'b0 
	Parameter IS_RST_INVERTED bound to: 1'b0 
	Parameter REF_JITTER1 bound to: 0.010000 - type: float 
	Parameter REF_JITTER2 bound to: 0.010000 - type: float 
	Parameter SS_EN bound to: FALSE - type: string 
	Parameter SS_MODE bound to: CENTER_HIGH - type: string 
	Parameter SS_MOD_PERIOD bound to: 10000 - type: integer 
	Parameter STARTUP_WAIT bound to: FALSE - type: string 
INFO: [Synth 8-6155] done synthesizing module 'MMCME2_ADV' (2#1) [C:/Xilinx/Vivado/2019.1/scripts/rt/data/unisim_comp.v:39813]
INFO: [Synth 8-6157] synthesizing module 'BUFG' [C:/Xilinx/Vivado/2019.1/scripts/rt/data/unisim_comp.v:1075]
INFO: [Synth 8-6155] done synthesizing module 'BUFG' (3#1) [C:/Xilinx/Vivado/2019.1/scripts/rt/data/unisim_comp.v:1075]
INFO: [Synth 8-6155] done synthesizing module 'clk_wiz_0' (4#1) [C:/Users/kho29/Desktop/p5_14/p5_14.srcs/sources_1/imports/Downloads/qsec_clks.v:58]
INFO: [Synth 8-6157] synthesizing module 'clkcntrl4' [C:/Users/kho29/Desktop/p5_14/p5_14.srcs/sources_1/imports/Downloads/qsec_clks.v:187]
INFO: [Synth 8-6157] synthesizing module 'count4_MSCLK_clkcntrl4' [C:/Users/kho29/Desktop/p5_14/p5_14.srcs/sources_1/imports/Downloads/qsec_clks.v:324]
INFO: [Synth 8-6157] synthesizing module 'FDRE' [C:/Xilinx/Vivado/2019.1/scripts/rt/data/unisim_comp.v:13664]
	Parameter INIT bound to: 1'b0 
	Parameter IS_C_INVERTED bound to: 1'b0 
	Parameter IS_D_INVERTED bound to: 1'b0 
	Parameter IS_R_INVERTED bound to: 1'b0 
INFO: [Synth 8-6155] done synthesizing module 'FDRE' (5#1) [C:/Xilinx/Vivado/2019.1/scripts/rt/data/unisim_comp.v:13664]
INFO: [Synth 8-6155] done synthesizing module 'count4_MSCLK_clkcntrl4' (6#1) [C:/Users/kho29/Desktop/p5_14/p5_14.srcs/sources_1/imports/Downloads/qsec_clks.v:324]
INFO: [Synth 8-6157] synthesizing module 'AND2' [C:/Xilinx/Vivado/2019.1/scripts/rt/data/unisim_comp.v:466]
INFO: [Synth 8-6155] done synthesizing module 'AND2' (7#1) [C:/Xilinx/Vivado/2019.1/scripts/rt/data/unisim_comp.v:466]
INFO: [Synth 8-6157] synthesizing module 'BUF' [C:/Xilinx/Vivado/2019.1/scripts/rt/data/unisim_comp.v:1021]
INFO: [Synth 8-6155] done synthesizing module 'BUF' (8#1) [C:/Xilinx/Vivado/2019.1/scripts/rt/data/unisim_comp.v:1021]
INFO: [Synth 8-6155] done synthesizing module 'clkcntrl4' (9#1) [C:/Users/kho29/Desktop/p5_14/p5_14.srcs/sources_1/imports/Downloads/qsec_clks.v:187]
INFO: [Synth 8-6157] synthesizing module 'STARTUPE2' [C:/Xilinx/Vivado/2019.1/scripts/rt/data/unisim_comp.v:77870]
	Parameter PROG_USR bound to: FALSE - type: string 
	Parameter SIM_CCLK_FREQ bound to: 0.000000 - type: float 
INFO: [Synth 8-6155] done synthesizing module 'STARTUPE2' (10#1) [C:/Xilinx/Vivado/2019.1/scripts/rt/data/unisim_comp.v:77870]
INFO: [Synth 8-6155] done synthesizing module 'qsec_clks' (11#1) [C:/Users/kho29/Desktop/p5_14/p5_14.srcs/sources_1/imports/Downloads/qsec_clks.v:24]
INFO: [Synth 8-6157] synthesizing module 'rand_num' [C:/Users/kho29/Desktop/p5_14/p5_14.srcs/sources_1/imports/sources_1/new/rand_num.v:23]
INFO: [Synth 8-6157] synthesizing module 'FDRE__parameterized0' [C:/Xilinx/Vivado/2019.1/scripts/rt/data/unisim_comp.v:13664]
	Parameter INIT bound to: 1'b1 
	Parameter IS_C_INVERTED bound to: 1'b0 
	Parameter IS_D_INVERTED bound to: 1'b0 
	Parameter IS_R_INVERTED bound to: 1'b0 
INFO: [Synth 8-6155] done synthesizing module 'FDRE__parameterized0' (11#1) [C:/Xilinx/Vivado/2019.1/scripts/rt/data/unisim_comp.v:13664]
INFO: [Synth 8-6155] done synthesizing module 'rand_num' (12#1) [C:/Users/kho29/Desktop/p5_14/p5_14.srcs/sources_1/imports/sources_1/new/rand_num.v:23]
INFO: [Synth 8-6157] synthesizing module 'target_num' [C:/Users/kho29/Desktop/p5_14/p5_14.srcs/sources_1/imports/sources_1/new/target_num.v:23]
INFO: [Synth 8-6155] done synthesizing module 'target_num' (13#1) [C:/Users/kho29/Desktop/p5_14/p5_14.srcs/sources_1/imports/sources_1/new/target_num.v:23]
INFO: [Synth 8-6157] synthesizing module 'Decoder' [C:/Users/kho29/Desktop/p5_14/p5_14.srcs/sources_1/imports/sources_1/new/Decoder.v:23]
INFO: [Synth 8-6155] done synthesizing module 'Decoder' (14#1) [C:/Users/kho29/Desktop/p5_14/p5_14.srcs/sources_1/imports/sources_1/new/Decoder.v:23]
INFO: [Synth 8-6157] synthesizing module 'Edge_dect' [C:/Users/kho29/Desktop/p5_14/p5_14.srcs/sources_1/imports/sources_1/imports/new/Edge_counter.v:23]
INFO: [Synth 8-6155] done synthesizing module 'Edge_dect' (15#1) [C:/Users/kho29/Desktop/p5_14/p5_14.srcs/sources_1/imports/sources_1/imports/new/Edge_counter.v:23]
INFO: [Synth 8-6157] synthesizing module 'score_counter' [C:/Users/kho29/Desktop/p5_14/p5_14.srcs/sources_1/imports/sources_1/new/score_counter.v:23]
INFO: [Synth 8-6157] synthesizing module 'Counter_four' [C:/Users/kho29/Desktop/p5_14/p5_14.srcs/sources_1/imports/sources_1/imports/sources_1/imports/new/Counter.v:23]
INFO: [Synth 8-6155] done synthesizing module 'Counter_four' (16#1) [C:/Users/kho29/Desktop/p5_14/p5_14.srcs/sources_1/imports/sources_1/imports/sources_1/imports/new/Counter.v:23]
INFO: [Synth 8-6155] done synthesizing module 'score_counter' (17#1) [C:/Users/kho29/Desktop/p5_14/p5_14.srcs/sources_1/imports/sources_1/new/score_counter.v:23]
INFO: [Synth 8-6157] synthesizing module 'time_counter' [C:/Users/kho29/Desktop/p5_14/p5_14.srcs/sources_1/imports/sources_1/new/time_counter.v:23]
INFO: [Synth 8-6155] done synthesizing module 'time_counter' (18#1) [C:/Users/kho29/Desktop/p5_14/p5_14.srcs/sources_1/imports/sources_1/new/time_counter.v:23]
INFO: [Synth 8-6157] synthesizing module 'ledstatemachine' [C:/Users/kho29/Desktop/p5_14/p5_14.srcs/sources_1/new/led state machine.v:23]
INFO: [Synth 8-6155] done synthesizing module 'ledstatemachine' (19#1) [C:/Users/kho29/Desktop/p5_14/p5_14.srcs/sources_1/new/led state machine.v:23]
INFO: [Synth 8-6157] synthesizing module 'led_shifter' [C:/Users/kho29/Desktop/p5_14/p5_14.srcs/sources_1/new/led_shifter.v:23]
INFO: [Synth 8-6157] synthesizing module 'two_one_Mux' [C:/Users/kho29/Desktop/p5_14/p5_14.srcs/sources_1/imports/new/2to1Mux.v:23]
INFO: [Synth 8-6155] done synthesizing module 'two_one_Mux' (20#1) [C:/Users/kho29/Desktop/p5_14/p5_14.srcs/sources_1/imports/new/2to1Mux.v:23]
INFO: [Synth 8-6155] done synthesizing module 'led_shifter' (21#1) [C:/Users/kho29/Desktop/p5_14/p5_14.srcs/sources_1/new/led_shifter.v:23]
INFO: [Synth 8-6157] synthesizing module 'statemachine' [C:/Users/kho29/Desktop/p5_14/p5_14.srcs/sources_1/new/p5_statemachine.v:23]
WARNING: [Synth 8-3848] Net showled in module/entity statemachine does not have driver. [C:/Users/kho29/Desktop/p5_14/p5_14.srcs/sources_1/new/p5_statemachine.v:44]
INFO: [Synth 8-6155] done synthesizing module 'statemachine' (22#1) [C:/Users/kho29/Desktop/p5_14/p5_14.srcs/sources_1/new/p5_statemachine.v:23]
WARNING: [Synth 8-689] width (16) of port connection 'match' does not match port width (1) of module 'statemachine' [C:/Users/kho29/Desktop/p5_14/p5_14.srcs/sources_1/imports/new/toplvl.v:97]
WARNING: [Synth 8-7023] instance 'states1' of module 'statemachine' has 23 connections declared, but only 22 given [C:/Users/kho29/Desktop/p5_14/p5_14.srcs/sources_1/imports/new/toplvl.v:97]
INFO: [Synth 8-6157] synthesizing module 'Ring_counter' [C:/Users/kho29/Desktop/p5_14/p5_14.srcs/sources_1/imports/sources_1/imports/Desktop/p3_12/p3_12.srcs/sources_1/imports/new/Ring_counter.v:23]
INFO: [Synth 8-6155] done synthesizing module 'Ring_counter' (23#1) [C:/Users/kho29/Desktop/p5_14/p5_14.srcs/sources_1/imports/sources_1/imports/Desktop/p3_12/p3_12.srcs/sources_1/imports/new/Ring_counter.v:23]
INFO: [Synth 8-6157] synthesizing module 'selector' [C:/Users/kho29/Desktop/p5_14/p5_14.srcs/sources_1/imports/sources_1/imports/Desktop/p3_12/p3_12.srcs/sources_1/imports/new/selector.v:23]
INFO: [Synth 8-6155] done synthesizing module 'selector' (24#1) [C:/Users/kho29/Desktop/p5_14/p5_14.srcs/sources_1/imports/sources_1/imports/Desktop/p3_12/p3_12.srcs/sources_1/imports/new/selector.v:23]
INFO: [Synth 8-6157] synthesizing module 'hex7seg' [C:/Users/kho29/Desktop/p5_14/p5_14.srcs/sources_1/imports/sources_1/imports/Desktop/p3_12/p3_12.srcs/sources_1/imports/sources_1/imports/new/hex7seg.v:23]
INFO: [Synth 8-6155] done synthesizing module 'hex7seg' (25#1) [C:/Users/kho29/Desktop/p5_14/p5_14.srcs/sources_1/imports/sources_1/imports/Desktop/p3_12/p3_12.srcs/sources_1/imports/sources_1/imports/new/hex7seg.v:23]
INFO: [Synth 8-6155] done synthesizing module 'toplvl' (26#1) [C:/Users/kho29/Desktop/p5_14/p5_14.srcs/sources_1/imports/new/toplvl.v:23]
WARNING: [Synth 8-3917] design toplvl has port an[2] driven by constant 1
WARNING: [Synth 8-3917] design toplvl has port dp driven by constant 1
WARNING: [Synth 8-3331] design statemachine has unconnected port showled
WARNING: [Synth 8-3331] design toplvl has unconnected port sw[15]
WARNING: [Synth 8-3331] design toplvl has unconnected port sw[14]
WARNING: [Synth 8-3331] design toplvl has unconnected port sw[13]
WARNING: [Synth 8-3331] design toplvl has unconnected port sw[12]
WARNING: [Synth 8-3331] design toplvl has unconnected port sw[11]
WARNING: [Synth 8-3331] design toplvl has unconnected port sw[10]
WARNING: [Synth 8-3331] design toplvl has unconnected port sw[9]
WARNING: [Synth 8-3331] design toplvl has unconnected port sw[8]
WARNING: [Synth 8-3331] design toplvl has unconnected port sw[7]
WARNING: [Synth 8-3331] design toplvl has unconnected port sw[6]
WARNING: [Synth 8-3331] design toplvl has unconnected port sw[5]
WARNING: [Synth 8-3331] design toplvl has unconnected port sw[4]
WARNING: [Synth 8-3331] design toplvl has unconnected port sw[3]
WARNING: [Synth 8-3331] design toplvl has unconnected port sw[2]
WARNING: [Synth 8-3331] design toplvl has unconnected port sw[1]
WARNING: [Synth 8-3331] design toplvl has unconnected port sw[0]
---------------------------------------------------------------------------------
Finished RTL Elaboration : Time (s): cpu = 00:00:05 ; elapsed = 00:00:05 . Memory (MB): peak = 878.652 ; gain = 242.684
---------------------------------------------------------------------------------

Report Check Netlist: 
+------+------------------+-------+---------+-------+------------------+
|      |Item              |Errors |Warnings |Status |Description       |
+------+------------------+-------+---------+-------+------------------+
|1     |multi_driven_nets |      0|        0|Passed |Multi driven nets |
+------+------------------+-------+---------+-------+------------------+
---------------------------------------------------------------------------------
Start Handling Custom Attributes
---------------------------------------------------------------------------------
---------------------------------------------------------------------------------
Finished Handling Custom Attributes : Time (s): cpu = 00:00:05 ; elapsed = 00:00:05 . Memory (MB): peak = 878.652 ; gain = 242.684
---------------------------------------------------------------------------------
---------------------------------------------------------------------------------
Finished RTL Optimization Phase 1 : Time (s): cpu = 00:00:05 ; elapsed = 00:00:05 . Memory (MB): peak = 878.652 ; gain = 242.684
---------------------------------------------------------------------------------
INFO: [Netlist 29-17] Analyzing 5 Unisim elements for replacement
INFO: [Netlist 29-28] Unisim Transformation completed in 0 CPU seconds
INFO: [Project 1-570] Preparing netlist for logic optimization

Processing XDC Constraints
Initializing timing engine
Parsing XDC File [C:/Users/kho29/Desktop/p5_14/p5_14.srcs/constrs_1/imports/Desktop/Basys3_Master.xdc]
Finished Parsing XDC File [C:/Users/kho29/Desktop/p5_14/p5_14.srcs/constrs_1/imports/Desktop/Basys3_Master.xdc]
INFO: [Project 1-236] Implementation specific constraints were found while reading constraint file [C:/Users/kho29/Desktop/p5_14/p5_14.srcs/constrs_1/imports/Desktop/Basys3_Master.xdc]. These constraints will be ignored for synthesis but will be used in implementation. Impacted constraints are listed in the file [.Xil/toplvl_propImpl.xdc].
Resolution: To avoid this warning, move constraints listed in [.Xil/toplvl_propImpl.xdc] to another XDC file and exclude this new file from synthesis with the used_in_synthesis property (File Properties dialog in GUI) and re-run elaboration/synthesis.
INFO: [Timing 38-2] Deriving generated clocks
Completed Processing XDC Constraints

Netlist sorting complete. Time (s): cpu = 00:00:00 ; elapsed = 00:00:00 . Memory (MB): peak = 1006.645 ; gain = 0.000
INFO: [Project 1-111] Unisim Transformation Summary:
  A total of 3 instances were transformed.
  AND2 => LUT2: 1 instances
  BUF => LUT1: 2 instances

Constraint Validation Runtime : Time (s): cpu = 00:00:00 ; elapsed = 00:00:00.006 . Memory (MB): peak = 1006.645 ; gain = 0.000
---------------------------------------------------------------------------------
Finished Constraint Validation : Time (s): cpu = 00:00:11 ; elapsed = 00:00:12 . Memory (MB): peak = 1006.645 ; gain = 370.676
---------------------------------------------------------------------------------
---------------------------------------------------------------------------------
Start Loading Part and Timing Information
---------------------------------------------------------------------------------
Loading part: xc7a35tcpg236-1
---------------------------------------------------------------------------------
Finished Loading Part and Timing Information : Time (s): cpu = 00:00:11 ; elapsed = 00:00:12 . Memory (MB): peak = 1006.645 ; gain = 370.676
---------------------------------------------------------------------------------
---------------------------------------------------------------------------------
Start Applying 'set_property' XDC Constraints
---------------------------------------------------------------------------------
---------------------------------------------------------------------------------
Finished applying 'set_property' XDC Constraints : Time (s): cpu = 00:00:11 ; elapsed = 00:00:12 . Memory (MB): peak = 1006.645 ; gain = 370.676
---------------------------------------------------------------------------------
---------------------------------------------------------------------------------
Finished RTL Optimization Phase 2 : Time (s): cpu = 00:00:11 ; elapsed = 00:00:12 . Memory (MB): peak = 1006.645 ; gain = 370.676
---------------------------------------------------------------------------------

Report RTL Partitions: 
+-+--------------+------------+----------+
| |RTL Partition |Replication |Instances |
+-+--------------+------------+----------+
+-+--------------+------------+----------+
---------------------------------------------------------------------------------
Start RTL Component Statistics 
---------------------------------------------------------------------------------
Detailed RTL Component Info : 
+---XORs : 
	   2 Input      1 Bit         XORs := 106   
	   4 Input      1 Bit         XORs := 1     
+---Muxes : 
	   2 Input     18 Bit        Muxes := 1     
---------------------------------------------------------------------------------
Finished RTL Component Statistics 
---------------------------------------------------------------------------------
---------------------------------------------------------------------------------
Start RTL Hierarchical Component Statistics 
---------------------------------------------------------------------------------
Hierarchical RTL Component report 
Module count4_MSCLK_clkcntrl4 
Detailed RTL Component Info : 
+---XORs : 
	   2 Input      1 Bit         XORs := 3     
Module rand_num 
Detailed RTL Component Info : 
+---XORs : 
	   4 Input      1 Bit         XORs := 1     
Module Counter_four 
Detailed RTL Component Info : 
+---XORs : 
	   2 Input      1 Bit         XORs := 9     
Module time_counter 
Detailed RTL Component Info : 
+---XORs : 
	   2 Input      1 Bit         XORs := 13    
Module two_one_Mux 
Detailed RTL Component Info : 
+---Muxes : 
	   2 Input     18 Bit        Muxes := 1     
---------------------------------------------------------------------------------
Finished RTL Hierarchical Component Statistics
---------------------------------------------------------------------------------
---------------------------------------------------------------------------------
Start Part Resource Summary
---------------------------------------------------------------------------------
Part Resources:
DSPs: 90 (col length:60)
BRAMs: 100 (col length: RAMB18 60 RAMB36 30)
---------------------------------------------------------------------------------
Finished Part Resource Summary
---------------------------------------------------------------------------------
---------------------------------------------------------------------------------
Start Cross Boundary and Area Optimization
---------------------------------------------------------------------------------
Warning: Parallel synthesis criteria is not met 
WARNING: [Synth 8-3917] design toplvl has port an[2] driven by constant 1
WARNING: [Synth 8-3917] design toplvl has port dp driven by constant 1
WARNING: [Synth 8-3331] design toplvl has unconnected port sw[15]
WARNING: [Synth 8-3331] design toplvl has unconnected port sw[14]
WARNING: [Synth 8-3331] design toplvl has unconnected port sw[13]
WARNING: [Synth 8-3331] design toplvl has unconnected port sw[12]
WARNING: [Synth 8-3331] design toplvl has unconnected port sw[11]
WARNING: [Synth 8-3331] design toplvl has unconnected port sw[10]
WARNING: [Synth 8-3331] design toplvl has unconnected port sw[9]
WARNING: [Synth 8-3331] design toplvl has unconnected port sw[8]
WARNING: [Synth 8-3331] design toplvl has unconnected port sw[7]
WARNING: [Synth 8-3331] design toplvl has unconnected port sw[6]
WARNING: [Synth 8-3331] design toplvl has unconnected port sw[5]
WARNING: [Synth 8-3331] design toplvl has unconnected port sw[4]
WARNING: [Synth 8-3331] design toplvl has unconnected port sw[3]
WARNING: [Synth 8-3331] design toplvl has unconnected port sw[2]
WARNING: [Synth 8-3331] design toplvl has unconnected port sw[1]
WARNING: [Synth 8-3331] design toplvl has unconnected port sw[0]
WARNING: [Synth 8-3332] Sequential element (slowit/slowclk/XLXI_44/MSCLK_CNT4ff_3) is unused and will be removed from module toplvl.
WARNING: [Synth 8-3332] Sequential element (s1/c1/f0) is unused and will be removed from module toplvl.
WARNING: [Synth 8-3332] Sequential element (s1/c1/f1) is unused and will be removed from module toplvl.
WARNING: [Synth 8-3332] Sequential element (s1/c1/f2) is unused and will be removed from module toplvl.
WARNING: [Synth 8-3332] Sequential element (s1/c1/f3) is unused and will be removed from module toplvl.
WARNING: [Synth 8-3332] Sequential element (s1/c2/f0) is unused and will be removed from module toplvl.
WARNING: [Synth 8-3332] Sequential element (s1/c2/f1) is unused and will be removed from module toplvl.
WARNING: [Synth 8-3332] Sequential element (s1/c2/f2) is unused and will be removed from module toplvl.
WARNING: [Synth 8-3332] Sequential element (s1/c2/f3) is unused and will be removed from module toplvl.
WARNING: [Synth 8-3332] Sequential element (s1/c3/f0) is unused and will be removed from module toplvl.
WARNING: [Synth 8-3332] Sequential element (s1/c3/f1) is unused and will be removed from module toplvl.
WARNING: [Synth 8-3332] Sequential element (s1/c3/f2) is unused and will be removed from module toplvl.
WARNING: [Synth 8-3332] Sequential element (s1/c3/f3) is unused and will be removed from module toplvl.
WARNING: [Synth 8-3332] Sequential element (s2/c1/f0) is unused and will be removed from module toplvl.
WARNING: [Synth 8-3332] Sequential element (s2/c1/f1) is unused and will be removed from module toplvl.
WARNING: [Synth 8-3332] Sequential element (s2/c1/f2) is unused and will be removed from module toplvl.
WARNING: [Synth 8-3332] Sequential element (s2/c1/f3) is unused and will be removed from module toplvl.
WARNING: [Synth 8-3332] Sequential element (s2/c2/f0) is unused and will be removed from module toplvl.
WARNING: [Synth 8-3332] Sequential element (s2/c2/f1) is unused and will be removed from module toplvl.
WARNING: [Synth 8-3332] Sequential element (s2/c2/f2) is unused and will be removed from module toplvl.
WARNING: [Synth 8-3332] Sequential element (s2/c2/f3) is unused and will be removed from module toplvl.
WARNING: [Synth 8-3332] Sequential element (s2/c3/f0) is unused and will be removed from module toplvl.
WARNING: [Synth 8-3332] Sequential element (s2/c3/f1) is unused and will be removed from module toplvl.
WARNING: [Synth 8-3332] Sequential element (s2/c3/f2) is unused and will be removed from module toplvl.
WARNING: [Synth 8-3332] Sequential element (s2/c3/f3) is unused and will be removed from module toplvl.
---------------------------------------------------------------------------------
Finished Cross Boundary and Area Optimization : Time (s): cpu = 00:00:13 ; elapsed = 00:00:14 . Memory (MB): peak = 1006.645 ; gain = 370.676
---------------------------------------------------------------------------------

Report RTL Partitions: 
+-+--------------+------------+----------+
| |RTL Partition |Replication |Instances |
+-+--------------+------------+----------+
+-+--------------+------------+----------+
---------------------------------------------------------------------------------
Start Applying XDC Timing Constraints
---------------------------------------------------------------------------------
---------------------------------------------------------------------------------
Finished Applying XDC Timing Constraints : Time (s): cpu = 00:00:21 ; elapsed = 00:00:22 . Memory (MB): peak = 1006.645 ; gain = 370.676
---------------------------------------------------------------------------------
---------------------------------------------------------------------------------
Start Timing Optimization
---------------------------------------------------------------------------------
---------------------------------------------------------------------------------
Finished Timing Optimization : Time (s): cpu = 00:00:21 ; elapsed = 00:00:22 . Memory (MB): peak = 1006.645 ; gain = 370.676
---------------------------------------------------------------------------------

Report RTL Partitions: 
+-+--------------+------------+----------+
| |RTL Partition |Replication |Instances |
+-+--------------+------------+----------+
+-+--------------+------------+----------+
---------------------------------------------------------------------------------
Start Technology Mapping
---------------------------------------------------------------------------------
---------------------------------------------------------------------------------
Finished Technology Mapping : Time (s): cpu = 00:00:21 ; elapsed = 00:00:22 . Memory (MB): peak = 1006.645 ; gain = 370.676
---------------------------------------------------------------------------------

Report RTL Partitions: 
+-+--------------+------------+----------+
| |RTL Partition |Replication |Instances |
+-+--------------+------------+----------+
+-+--------------+------------+----------+
---------------------------------------------------------------------------------
Start IO Insertion
---------------------------------------------------------------------------------
---------------------------------------------------------------------------------
Start Flattening Before IO Insertion
---------------------------------------------------------------------------------
---------------------------------------------------------------------------------
Finished Flattening Before IO Insertion
---------------------------------------------------------------------------------
---------------------------------------------------------------------------------
Start Final Netlist Cleanup
---------------------------------------------------------------------------------
---------------------------------------------------------------------------------
Finished Final Netlist Cleanup
---------------------------------------------------------------------------------
---------------------------------------------------------------------------------
Finished IO Insertion : Time (s): cpu = 00:00:23 ; elapsed = 00:00:24 . Memory (MB): peak = 1006.645 ; gain = 370.676
---------------------------------------------------------------------------------

Report Check Netlist: 
+------+------------------+-------+---------+-------+------------------+
|      |Item              |Errors |Warnings |Status |Description       |
+------+------------------+-------+---------+-------+------------------+
|1     |multi_driven_nets |      0|        0|Passed |Multi driven nets |
+------+------------------+-------+---------+-------+------------------+
---------------------------------------------------------------------------------
Start Renaming Generated Instances
---------------------------------------------------------------------------------
---------------------------------------------------------------------------------
Finished Renaming Generated Instances : Time (s): cpu = 00:00:23 ; elapsed = 00:00:24 . Memory (MB): peak = 1006.645 ; gain = 370.676
---------------------------------------------------------------------------------

Report RTL Partitions: 
+-+--------------+------------+----------+
| |RTL Partition |Replication |Instances |
+-+--------------+------------+----------+
+-+--------------+------------+----------+
---------------------------------------------------------------------------------
Start Rebuilding User Hierarchy
---------------------------------------------------------------------------------
---------------------------------------------------------------------------------
Finished Rebuilding User Hierarchy : Time (s): cpu = 00:00:23 ; elapsed = 00:00:24 . Memory (MB): peak = 1006.645 ; gain = 370.676
---------------------------------------------------------------------------------
---------------------------------------------------------------------------------
Start Renaming Generated Ports
---------------------------------------------------------------------------------
---------------------------------------------------------------------------------
Finished Renaming Generated Ports : Time (s): cpu = 00:00:23 ; elapsed = 00:00:24 . Memory (MB): peak = 1006.645 ; gain = 370.676
---------------------------------------------------------------------------------
---------------------------------------------------------------------------------
Start Handling Custom Attributes
---------------------------------------------------------------------------------
---------------------------------------------------------------------------------
Finished Handling Custom Attributes : Time (s): cpu = 00:00:23 ; elapsed = 00:00:24 . Memory (MB): peak = 1006.645 ; gain = 370.676
---------------------------------------------------------------------------------
---------------------------------------------------------------------------------
Start Renaming Generated Nets
---------------------------------------------------------------------------------
---------------------------------------------------------------------------------
Finished Renaming Generated Nets : Time (s): cpu = 00:00:23 ; elapsed = 00:00:24 . Memory (MB): peak = 1006.645 ; gain = 370.676
---------------------------------------------------------------------------------
---------------------------------------------------------------------------------
Start Writing Synthesis Report
---------------------------------------------------------------------------------

Report BlackBoxes: 
+-+--------------+----------+
| |BlackBox name |Instances |
+-+--------------+----------+
+-+--------------+----------+

Report Cell Usage: 
+------+-----------+------+
|      |Cell       |Count |
+------+-----------+------+
|1     |AND2       |     1|
|2     |BUF        |     2|
|3     |BUFG       |     3|
|4     |LUT1       |     7|
|5     |LUT2       |    27|
|6     |LUT3       |    11|
|7     |LUT4       |    31|
|8     |LUT5       |    18|
|9     |LUT6       |    39|
|10    |MMCME2_ADV |     1|
|11    |STARTUPE2  |     1|
|12    |FDRE       |    96|
|13    |IBUF       |     6|
|14    |OBUF       |    28|
+------+-----------+------+

Report Instance Areas: 
+------+----------------+-------------------------+------+
|      |Instance        |Module                   |Cells |
+------+----------------+-------------------------+------+
|1     |top             |                         |   271|
|2     |  eL            |Edge_dect                |     3|
|3     |  eR            |Edge_dect_0              |     5|
|4     |  eleft         |Edge_dect_1              |     3|
|5     |  eright        |Edge_dect_2              |     3|
|6     |  led_shift     |led_shifter              |    57|
|7     |  led_state     |ledstatemachine          |     2|
|8     |  r1            |rand_num                 |     9|
|9     |  ring1         |Ring_counter             |    15|
|10    |  s1            |score_counter            |    10|
|11    |    c0          |Counter_four_10          |    10|
|12    |  s2            |score_counter_3          |     8|
|13    |    c0          |Counter_four             |     8|
|14    |  slowit        |qsec_clks                |    70|
|15    |    my_clk_inst |clk_wiz_0                |     4|
|16    |    slowclk     |clkcntrl4                |    65|
|17    |      XLXI_37   |count4_MSCLK_clkcntrl4   |     9|
|18    |      XLXI_38   |count4_MSCLK_clkcntrl4_4 |     9|
|19    |      XLXI_39   |count4_MSCLK_clkcntrl4_5 |     8|
|20    |      XLXI_40   |count4_MSCLK_clkcntrl4_6 |     9|
|21    |      XLXI_44   |count4_MSCLK_clkcntrl4_7 |     6|
|22    |      XLXI_45   |count4_MSCLK_clkcntrl4_8 |     9|
|23    |      XLXI_49   |count4_MSCLK_clkcntrl4_9 |     9|
|24    |  states1       |statemachine             |    32|
|25    |  t1            |target_num               |     4|
|26    |  time1         |time_counter             |    17|
+------+----------------+-------------------------+------+
---------------------------------------------------------------------------------
Finished Writing Synthesis Report : Time (s): cpu = 00:00:23 ; elapsed = 00:00:24 . Memory (MB): peak = 1006.645 ; gain = 370.676
---------------------------------------------------------------------------------
Synthesis finished with 0 errors, 0 critical warnings and 43 warnings.
Synthesis Optimization Runtime : Time (s): cpu = 00:00:16 ; elapsed = 00:00:22 . Memory (MB): peak = 1006.645 ; gain = 242.684
Synthesis Optimization Complete : Time (s): cpu = 00:00:23 ; elapsed = 00:00:24 . Memory (MB): peak = 1006.645 ; gain = 370.676
INFO: [Project 1-571] Translating synthesized netlist
INFO: [Netlist 29-17] Analyzing 5 Unisim elements for replacement
INFO: [Netlist 29-28] Unisim Transformation completed in 0 CPU seconds
INFO: [Project 1-570] Preparing netlist for logic optimization
INFO: [Opt 31-138] Pushed 0 inverter(s) to 0 load pin(s).
Netlist sorting complete. Time (s): cpu = 00:00:00 ; elapsed = 00:00:00 . Memory (MB): peak = 1014.008 ; gain = 0.000
INFO: [Project 1-111] Unisim Transformation Summary:
  A total of 3 instances were transformed.
  AND2 => LUT2: 1 instances
  BUF => LUT1: 2 instances

INFO: [Common 17-83] Releasing license: Synthesis
69 Infos, 65 Warnings, 0 Critical Warnings and 0 Errors encountered.
synth_design completed successfully
synth_design: Time (s): cpu = 00:00:29 ; elapsed = 00:00:31 . Memory (MB): peak = 1014.008 ; gain = 635.914
Netlist sorting complete. Time (s): cpu = 00:00:00 ; elapsed = 00:00:00 . Memory (MB): peak = 1014.008 ; gain = 0.000
WARNING: [Constraints 18-5210] No constraints selected for write.
Resolution: This message can indicate that there are no constraints for the design, or it can indicate that the used_in flags are set such that the constraints are ignored. This later case is used when running synth_design to not write synthesis constraints to the resulting checkpoint. Instead, project constraints are read when the synthesized design is opened.
INFO: [Common 17-1381] The checkpoint 'C:/Users/kho29/Desktop/p5_14/p5_14.runs/synth_1/toplvl.dcp' has been generated.
INFO: [runtcl-4] Executing : report_utilization -file toplvl_utilization_synth.rpt -pb toplvl_utilization_synth.pb
INFO: [Common 17-206] Exiting Vivado at Thu Feb 23 15:12:48 2023...
