#
# A fatal error has been detected by the Java Runtime Environment:
#
#  EXCEPTION_ACCESS_VIOLATION (0xc0000005) at pc=0x00007fff8d213370, pid=9092, tid=9640
#
# JRE version: Java(TM) SE Runtime Environment (9.0+11) (build 9.0.4+11)
# Java VM: Java HotSpot(TM) 64-Bit Server VM (9.0.4+11, mixed mode, tiered, compressed oops, g1 gc, windows-amd64)
# Problematic frame:
# C  [librdi_wavedata.dll+0x453370]
#
# No core dump will be written. Minidumps are not enabled by default on client versions of Windows
#
# If you would like to submit a bug report, please visit:
#   http://bugreport.java.com/bugreport/crash.jsp
# The crash happened outside the Java Virtual Machine in native code.
# See problematic frame for where to report the bug.
#

---------------  S U M M A R Y ------------

Command Line: -Dsun.java2d.pmoffscreen=false -Dsun.java2d.xrender=false -Dsun.java2d.d3d=false -Dsun.awt.nopixfmt=true -Dsun.java2d.dpiaware=true -Dsun.java2d.uiScale.enabled=false -Xverify:none -Dswing.aatext=true -XX:-UsePerfData -Djdk.map.althashing.threshold=512 -XX:StringTableSize=4072 --add-opens=java.base/java.nio=ALL-UNNAMED --add-opens=java.desktop/sun.swing=ALL-UNNAMED --add-opens=java.desktop/javax.swing=ALL-UNNAMED --add-opens=java.desktop/javax.swing.tree=ALL-UNNAMED --add-opens=java.desktop/javax.swing.plaf.basic=ALL-UNNAMED --add-opens=java.desktop/javax.swing.plaf.synth=ALL-UNNAMED --add-opens=java.desktop/com.sun.awt=ALL-UNNAMED -XX:NewSize=60m -XX:MaxNewSize=60m -Xms128m -Xmx3072m -Xss5m 

Host: Intel(R) Core(TM) i5-6500 CPU @ 3.20GHz, 4 cores, 15G,  Windows 10 , 64 bit Build 19041 (10.0.19041.1348)
Time: Mon Feb 13 19:35:24 2023 Pacific Standard Time elapsed time: 1447 seconds (0d 0h 24m 7s)

---------------  T H R E A D  ---------------

Current thread (0x0000014a79673000):  JavaThread "AWT-EventQueue-1" [_thread_in_native, id=9640, stack(0x0000003332400000,0x0000003332900000)]

Stack: [0x0000003332400000,0x0000003332900000],  sp=0x00000033328f39c8,  free space=5070k
Native frames: (J=compiled Java code, j=interpreted, Vv=VM code, C=native code)
C  [librdi_wavedata.dll+0x453370]

Java frames: (J=compiled Java code, j=interpreted, Vv=VM code)
J 21240  ui.views.waveform.waveformi.WVExecutive_getGraphicsDataSize(J)J (0 bytes) @ 0x0000014a6b887321 [0x0000014a6b8872e0+0x0000000000000041]
J 21239 c1 ui.views.waveform.executive.a.gEt()Ljava/io/ByteArrayInputStream; (93 bytes) @ 0x0000014a64d3ba2c [0x0000014a64d3b940+0x00000000000000ec]
j  ui.views.waveform.b.a.gEf()V+7
J 20972 c1 ui.views.waveform.w.cRi()V (38 bytes) @ 0x0000014a64a7ec6c [0x0000014a64a7e500+0x000000000000076c]
J 19584 c1 ui.views.waveform.c.b.j(Lui/frmwork/b/i;)V (603 bytes) @ 0x0000014a6522370c [0x0000014a65218500+0x000000000000b20c]
J 19583 c1 ui.views.waveform.w.a(Lui/frmwork/b/i;)V (17 bytes) @ 0x0000014a64ace894 [0x0000014a64ace7c0+0x00000000000000d4]
J 12829 c1 ui.frmwork.b.l.d(Lui/frmwork/b/i;)V (61 bytes) @ 0x0000014a6548059c [0x0000014a6547fd40+0x000000000000085c]
J 12814 c1 ui.frmwork.HTclEventBroker.i(JZ)V (471 bytes) @ 0x0000014a6545732c [0x0000014a65452b40+0x00000000000047ec]
J 12815 c1 ui.frmwork.HTclEventBroker.fireTclEvent(J)I (113 bytes) @ 0x0000014a6545bf4c [0x0000014a6545b740+0x000000000000080c]
v  ~StubRoutines::call_stub
j  ui.views.waveform.waveformi.WVExecutive_processModelEvent(JJ)V+0
j  ui.views.waveform.executive.a.eE(J)V+5
j  ui.views.waveform.c.b.eD(J)V+8
J 19584 c1 ui.views.waveform.c.b.j(Lui/frmwork/b/i;)V (603 bytes) @ 0x0000014a65224444 [0x0000014a65218500+0x000000000000bf44]
J 19583 c1 ui.views.waveform.w.a(Lui/frmwork/b/i;)V (17 bytes) @ 0x0000014a64ace894 [0x0000014a64ace7c0+0x00000000000000d4]
J 12829 c1 ui.frmwork.b.l.d(Lui/frmwork/b/i;)V (61 bytes) @ 0x0000014a6548059c [0x0000014a6547fd40+0x000000000000085c]
J 12814 c1 ui.frmwork.HTclEventBroker.i(JZ)V (471 bytes) @ 0x0000014a6545732c [0x0000014a65452b40+0x00000000000047ec]
J 12815 c1 ui.frmwork.HTclEventBroker.fireTclEvent(J)I (113 bytes) @ 0x0000014a6545bf4c [0x0000014a6545b740+0x000000000000080c]
v  ~StubRoutines::call_stub
j  ui.views.waveform.waveformi.WVExecutive_processModelEvent(JJ)V+0
j  ui.views.waveform.executive.a.eE(J)V+5
j  ui.views.waveform.c.b.eD(J)V+8
j  ui.views.waveform.c.e.actionPerformed(Ljava/awt/event/ActionEvent;)V+8
J 18228 c2 javax.swing.Timer.fireActionPerformed(Ljava/awt/event/ActionEvent;)V java.desktop@9.0.4 (46 bytes) @ 0x0000014a6bc6f158 [0x0000014a6bc6f040+0x0000000000000118]
J 18232 c2 javax.swing.Timer$DoPostEvent.run()V java.desktop@9.0.4 (82 bytes) @ 0x0000014a6bc7046c [0x0000014a6bc70160+0x000000000000030c]
J 14951 c2 java.awt.EventQueue$3.run()Ljava/lang/Object; java.desktop@9.0.4 (5 bytes) @ 0x0000014a6b815024 [0x0000014a6b814f20+0x0000000000000104]
v  ~StubRoutines::call_stub
J 4169  java.security.AccessController.doPrivileged(Ljava/security/PrivilegedAction;Ljava/security/AccessControlContext;)Ljava/lang/Object; java.base@9.0.4 (0 bytes) @ 0x0000014a6af1cc46 [0x0000014a6af1cbe0+0x0000000000000066]
J 14910 c2 ui.frmwork.b.d.dispatchEvent(Ljava/awt/AWTEvent;)V (34 bytes) @ 0x0000014a6b7f51a4 [0x0000014a6b7f4b80+0x0000000000000624]
J 22458 c1 java.awt.EventDispatchThread.pumpOneEventForFilters(I)V java.desktop@9.0.4 (218 bytes) @ 0x0000014a64a12494 [0x0000014a64a110c0+0x00000000000013d4]
J 21057 c1 java.awt.EventDispatchThread.pumpEventsForFilter(ILjava/awt/Conditional;Ljava/awt/EventFilter;)V java.desktop@9.0.4 (47 bytes) @ 0x0000014a63c0968c [0x0000014a63c093a0+0x00000000000002ec]
j  java.awt.EventDispatchThread.pumpEventsForFilter(Ljava/awt/Conditional;Ljava/awt/EventFilter;)V+4 java.desktop@9.0.4
j  java.awt.WaitDispatchSupport$2.run()V+59 java.desktop@9.0.4
j  java.awt.WaitDispatchSupport$4.run()Ljava/lang/Void;+4 java.desktop@9.0.4
j  java.awt.WaitDispatchSupport$4.run()Ljava/lang/Object;+1 java.desktop@9.0.4
v  ~StubRoutines::call_stub
J 1041  java.security.AccessController.doPrivileged(Ljava/security/PrivilegedAction;)Ljava/lang/Object; java.base@9.0.4 (0 bytes) @ 0x0000014a6ad6c8b2 [0x0000014a6ad6c860+0x0000000000000052]
j  java.awt.WaitDispatchSupport.enter()Z+260 java.desktop@9.0.4
j  java.awt.Dialog.show()V+225 java.desktop@9.0.4
J 11782 c1 java.awt.Component.setVisible(Z)V java.desktop@9.0.4 (6 bytes) @ 0x0000014a650d1f4c [0x0000014a650d1d60+0x00000000000001ec]
j  java.awt.Window.setVisible(Z)V+2 java.desktop@9.0.4
j  java.awt.Dialog.setVisible(Z)V+2 java.desktop@9.0.4
j  ui.b.c.g.setVisible(Z)V+2
j  ui.b.c.by.showDialog()V+64
j  ui.b.c.bF.actionPerformed(Ljava/awt/event/ActionEvent;)V+8
j  ui.b.c.by.cJI()V+396
j  ui.views.c.t.b.a.run()V+60
j  ui.frmwork.a.dWF()Z+66
j  ui.frmwork.V.dYl()V+42
j  ui.bk.actionPerformed(Ljava/awt/event/ActionEvent;)V+25
j  javax.swing.AbstractButton.fireActionPerformed(Ljava/awt/event/ActionEvent;)V+84 java.desktop@9.0.4
j  ui.utils.o.b.B.fireActionPerformed(Ljava/awt/event/ActionEvent;)V+7
j  javax.swing.AbstractButton$Handler.actionPerformed(Ljava/awt/event/ActionEvent;)V+5 java.desktop@9.0.4
j  javax.swing.DefaultButtonModel.fireActionPerformed(Ljava/awt/event/ActionEvent;)V+34 java.desktop@9.0.4
j  javax.swing.DefaultButtonModel.setPressed(Z)V+117 java.desktop@9.0.4
j  javax.swing.plaf.basic.BasicButtonListener.mouseReleased(Ljava/awt/event/MouseEvent;)V+35 java.desktop@9.0.4
j  com.jidesoft.plaf.basic.BasicJideButtonListener.mouseReleased(Ljava/awt/event/MouseEvent;)V+61
J 19150 c1 java.awt.AWTEventMulticaster.mouseReleased(Ljava/awt/event/MouseEvent;)V java.desktop@9.0.4 (27 bytes) @ 0x0000014a6623160c [0x0000014a66231400+0x000000000000020c]
J 19150 c1 java.awt.AWTEventMulticaster.mouseReleased(Ljava/awt/event/MouseEvent;)V java.desktop@9.0.4 (27 bytes) @ 0x0000014a6623160c [0x0000014a66231400+0x000000000000020c]
J 19150 c1 java.awt.AWTEventMulticaster.mouseReleased(Ljava/awt/event/MouseEvent;)V java.desktop@9.0.4 (27 bytes) @ 0x0000014a6623160c [0x0000014a66231400+0x000000000000020c]
J 19150 c1 java.awt.AWTEventMulticaster.mouseReleased(Ljava/awt/event/MouseEvent;)V java.desktop@9.0.4 (27 bytes) @ 0x0000014a6623160c [0x0000014a66231400+0x000000000000020c]
J 16723 c1 java.awt.Component.processMouseEvent(Ljava/awt/event/MouseEvent;)V java.desktop@9.0.4 (100 bytes) @ 0x0000014a63c42c34 [0x0000014a63c428a0+0x0000000000000394]
J 16724 c1 javax.swing.JComponent.processMouseEvent(Ljava/awt/event/MouseEvent;)V java.desktop@9.0.4 (27 bytes) @ 0x0000014a63a076ec [0x0000014a63a074e0+0x000000000000020c]
J 18655 c2 java.awt.Container.processEvent(Ljava/awt/AWTEvent;)V java.desktop@9.0.4 (22 bytes) @ 0x0000014a6bd37aa4 [0x0000014a6bd37940+0x0000000000000164]
J 22471 c1 java.awt.Component.dispatchEventImpl(Ljava/awt/AWTEvent;)V java.desktop@9.0.4 (739 bytes) @ 0x0000014a6526a594 [0x0000014a65266760+0x0000000000003e34]
J 22468 c1 java.awt.Container.dispatchEventImpl(Ljava/awt/AWTEvent;)V java.desktop@9.0.4 (129 bytes) @ 0x0000014a6412360c [0x0000014a641234e0+0x000000000000012c]
J 22455 c1 java.awt.LightweightDispatcher.retargetMouseEvent(Ljava/awt/Component;ILjava/awt/event/MouseEvent;)V java.desktop@9.0.4 (350 bytes) @ 0x0000014a64744f8c [0x0000014a64742ca0+0x00000000000022ec]
J 19605 c2 java.awt.LightweightDispatcher.processMouseEvent(Ljava/awt/event/MouseEvent;)Z java.desktop@9.0.4 (265 bytes) @ 0x0000014a6be689d4 [0x0000014a6be68240+0x0000000000000794]
J 12333 c1 java.awt.LightweightDispatcher.dispatchEvent(Ljava/awt/AWTEvent;)Z java.desktop@9.0.4 (73 bytes) @ 0x0000014a6529f14c [0x0000014a6529ed20+0x000000000000042c]
J 22468 c1 java.awt.Container.dispatchEventImpl(Ljava/awt/AWTEvent;)V java.desktop@9.0.4 (129 bytes) @ 0x0000014a641235ac [0x0000014a641234e0+0x00000000000000cc]
J 22495 c1 java.awt.Window.dispatchEventImpl(Ljava/awt/AWTEvent;)V java.desktop@9.0.4 (23 bytes) @ 0x0000014a642f2674 [0x0000014a642f20a0+0x00000000000005d4]
J 14951 c2 java.awt.EventQueue$3.run()Ljava/lang/Object; java.desktop@9.0.4 (5 bytes) @ 0x0000014a6b8150d4 [0x0000014a6b814f20+0x00000000000001b4]
v  ~StubRoutines::call_stub
J 4169  java.security.AccessController.doPrivileged(Ljava/security/PrivilegedAction;Ljava/security/AccessControlContext;)Ljava/lang/Object; java.base@9.0.4 (0 bytes) @ 0x0000014a6af1cc46 [0x0000014a6af1cbe0+0x0000000000000066]
J 20315 c2 java.awt.EventQueue$4.run()Ljava/lang/Object; java.desktop@9.0.4 (5 bytes) @ 0x0000014a6bf120c0 [0x0000014a6bf11e60+0x0000000000000260]
v  ~StubRoutines::call_stub
J 4169  java.security.AccessController.doPrivileged(Ljava/security/PrivilegedAction;Ljava/security/AccessControlContext;)Ljava/lang/Object; java.base@9.0.4 (0 bytes) @ 0x0000014a6af1cc46 [0x0000014a6af1cbe0+0x0000000000000066]
J 14910 c2 ui.frmwork.b.d.dispatchEvent(Ljava/awt/AWTEvent;)V (34 bytes) @ 0x0000014a6b7f4fcc [0x0000014a6b7f4b80+0x000000000000044c]
J 22458 c1 java.awt.EventDispatchThread.pumpOneEventForFilters(I)V java.desktop@9.0.4 (218 bytes) @ 0x0000014a64a12494 [0x0000014a64a110c0+0x00000000000013d4]
J 21044% c1 java.awt.EventDispatchThread.pumpEventsForFilter(ILjava/awt/Conditional;Ljava/awt/EventFilter;)V java.desktop@9.0.4 (47 bytes) @ 0x0000014a63bd5c64 [0x0000014a63bd5920+0x0000000000000344]
j  java.awt.EventDispatchThread.pumpEventsForHierarchy(ILjava/awt/Conditional;Ljava/awt/Component;)V+11 java.desktop@9.0.4
j  java.awt.EventDispatchThread.pumpEvents(ILjava/awt/Conditional;)V+4 java.desktop@9.0.4
j  java.awt.EventDispatchThread.pumpEvents(Ljava/awt/Conditional;)V+3 java.desktop@9.0.4
j  java.awt.EventDispatchThread.run()V+9 java.desktop@9.0.4
v  ~StubRoutines::call_stub

siginfo: EXCEPTION_ACCESS_VIOLATION (0xc0000005), data execution prevention violation at address 0x00007fff8d213370


Register to memory mapping:

RIP=0x00007fff8d213370 librdi_wavedata.dll
RAX=0x00007fff8d1b85e0 librdi_wavedata.dll
RBX=0x00000033328f3b30 is pointing into the stack for thread: 0x0000014a79673000
RCX=0x0000014a0031e720 is an unknown value
RDX=0x0000014a0aa024f0 is an unknown value
RSP=0x00000033328f39c8 is pointing into the stack for thread: 0x0000014a79673000
RBP=0x00000033328f3af0 is pointing into the stack for thread: 0x0000014a79673000
RSI=0x0000014a0aa024f0 is an unknown value
RDI=0x0000014a0031e720 is an unknown value
R8 =0x00000033328f3af0 is pointing into the stack for thread: 0x0000014a79673000
R9 =0x00000033328f3b30 is pointing into the stack for thread: 0x0000014a79673000
R10=0x0000014a0aa02500 is an unknown value
R11=0x0000014a7b9e0040 is an unknown value
R12=0x0000000000000000 is an unknown value
R13=0x0000000000000000 is an unknown value
R14=0x0000014a0aa024f0 is an unknown value
R15=0x0000000000000001 is an unknown value


Registers:
RAX=0x00007fff8d1b85e0, RBX=0x00000033328f3b30, RCX=0x0000014a0031e720, RDX=0x0000014a0aa024f0
RSP=0x00000033328f39c8, RBP=0x00000033328f3af0, RSI=0x0000014a0aa024f0, RDI=0x0000014a0031e720
R8 =0x00000033328f3af0, R9 =0x00000033328f3b30, R10=0x0000014a0aa02500, R11=0x0000014a7b9e0040
R12=0x0000000000000000, R13=0x0000000000000000, R14=0x0000014a0aa024f0, R15=0x0000000000000001
RIP=0x00007fff8d213370, EFLAGS=0x0000000000010206

Top of Stack: (sp=0x00000033328f39c8)
0x00000033328f39c8:   00007fff8ceeeedc 0000000000000000
0x00000033328f39d8:   0000014a4d485f40 0000000000000288
0x00000033328f39e8:   0000014a4d480000 0000014a4d4802a4
0x00000033328f39f8:   00000033328f3b30 00000033328f3af0
0x00000033328f3a08:   0000014a0aa024f0 fffffffffffffffe
0x00000033328f3a18:   0000000000000000 0000000000000000
0x00000033328f3a28:   0000000000000010 0000000000000008
0x00000033328f3a38:   0000000000000002 0000014a4d580000
0x00000033328f3a48:   00000033328f3b09 0000000000000001
0x00000033328f3a58:   00007ff81a2db3c7 0000014a4d480000
0x00000033328f3a68:   0000000000000001 0000000000000008
0x00000033328f3a78:   0000000000000000 0000eddd4494350a
0x00000033328f3a88:   00007fffe003c2d4 00000002010ac438
0x00000033328f3a98:   00000033328f3c08 0000014a0c9fe930
0x00000033328f3aa8:   00000033328f3b39 00000033328f3bf0
0x00000033328f3ab8:   00007fff8cee5fc7 000000000000004f 

Instructions: (pc=0x00007fff8d213370)
0x00007fff8d213350:   00 00 00 00 ff ff ff ff 00 00 00 00 40 00 00 00
0x00007fff8d213360:   20 33 45 00 00 00 00 00 00 00 00 00 00 00 00 00
0x00007fff8d213370:   01 00 00 00 00 00 00 00 00 00 00 00 10 8a 58 00
0x00007fff8d213380:   98 33 45 00 70 33 45 00 00 00 00 00 00 00 00 00 



---------------  P R O C E S S  ---------------

Java Threads: ( => current thread )
  0x0000014a57ff9000 JavaThread "Relaunch Simulation" [_thread_blocked, id=4628, stack(0x0000003336800000,0x0000003336d00000)]
  0x0000014a7eda9800 JavaThread "Image Animator 3" daemon [_thread_blocked, id=9764, stack(0x0000003337700000,0x0000003337c00000)]
  0x0000014a7eda1000 JavaThread "Monitor File Timestamp Swing Worker" [_thread_blocked, id=2364, stack(0x0000003335e00000,0x0000003336300000)]
  0x0000014a7eda8000 JavaThread "Timer-0" [_thread_blocked, id=5564, stack(0x0000003332e00000,0x0000003333300000)]
  0x0000014a7eda7000 JavaThread "SyntheticaAnimation 50" daemon [_thread_blocked, id=3260, stack(0x0000003332900000,0x0000003332e00000)]
  0x0000014a7eda0000 JavaThread "Update Runs Swing Worker" [_thread_blocked, id=2252, stack(0x0000003336300000,0x0000003336800000)]
  0x0000014a7eda4000 JavaThread "hw_ila_monitor" [_thread_blocked, id=13908, stack(0x0000003335900000,0x0000003335e00000)]
  0x0000014a7eda3800 JavaThread "Refresh Filesets Swing Worker" [_thread_blocked, id=4992, stack(0x0000003335400000,0x0000003335900000)]
  0x0000014a7eda6800 JavaThread "SyntheticaAnimation 70" daemon [_thread_blocked, id=12360, stack(0x0000003334f00000,0x0000003335400000)]
  0x0000014a57ff8800 JavaThread "SyntheticaAnimation 25" daemon [_thread_blocked, id=9100, stack(0x0000003334500000,0x0000003334a00000)]
  0x0000014a57ffa000 JavaThread "SyntheticaAnimation 50" daemon [_thread_blocked, id=7668, stack(0x0000003334000000,0x0000003334500000)]
  0x0000014a57ffc000 JavaThread "Monitor HEventQueue" [_thread_blocked, id=13236, stack(0x0000003333b00000,0x0000003334000000)]
  0x0000014a57ff7800 JavaThread "SyntheticaCleanerThread" daemon [_thread_blocked, id=9760, stack(0x0000003333300000,0x0000003333800000)]
  0x0000014a57ff7000 JavaThread "Batik CleanerThread" daemon [_thread_blocked, id=8004, stack(0x0000003331a00000,0x0000003331f00000)]
=>0x0000014a79673000 JavaThread "AWT-EventQueue-1" [_thread_in_native, id=9640, stack(0x0000003332400000,0x0000003332900000)]
  0x0000014a7972e800 JavaThread "Process Messages" [_thread_blocked, id=8720, stack(0x0000003331f00000,0x0000003332400000)]
  0x0000014a7b00e800 JavaThread "Thread-1" [_thread_in_native, id=12256, stack(0x000000332b700000,0x000000332cb00000)]
  0x0000014a7b1ea000 JavaThread "TimerQueue" daemon [_thread_blocked, id=12396, stack(0x0000003331000000,0x0000003331500000)]
  0x0000014a78d1d000 JavaThread "AWT-Windows" daemon [_thread_in_native, id=6564, stack(0x0000003330b00000,0x0000003331000000)]
  0x0000014a78fb4000 JavaThread "AWT-Shutdown" [_thread_blocked, id=14452, stack(0x0000003330600000,0x0000003330b00000)]
  0x0000014a5c69b000 JavaThread "Java2D Disposer" daemon [_thread_blocked, id=12172, stack(0x0000003330100000,0x0000003330600000)]
  0x0000014a5517c000 JavaThread "Service Thread" daemon [_thread_blocked, id=2524, stack(0x000000332fb00000,0x0000003330000000)]
  0x0000014a57b1e000 JavaThread "Common-Cleaner" daemon [_thread_blocked, id=12104, stack(0x000000332f600000,0x000000332fb00000)]
  0x0000014a57ffa800 JavaThread "Sweeper thread" daemon [_thread_blocked, id=14500, stack(0x000000332f100000,0x000000332f600000)]
  0x0000014a57b0c800 JavaThread "C1 CompilerThread2" daemon [_thread_blocked, id=9264, stack(0x000000332f000000,0x000000332f100000)]
  0x0000014a57b0b000 JavaThread "C2 CompilerThread1" daemon [_thread_blocked, id=13396, stack(0x000000332ef00000,0x000000332f000000)]
  0x0000014a57b0a800 JavaThread "C2 CompilerThread0" daemon [_thread_blocked, id=13284, stack(0x000000332ee00000,0x000000332ef00000)]
  0x0000014a58fd9000 JavaThread "Attach Listener" daemon [_thread_blocked, id=13504, stack(0x000000332e900000,0x000000332ee00000)]
  0x0000014a58fd6800 JavaThread "Signal Dispatcher" daemon [_thread_blocked, id=12496, stack(0x000000332e400000,0x000000332e900000)]
  0x0000014a55553000 JavaThread "Finalizer" daemon [_thread_blocked, id=10964, stack(0x000000332df00000,0x000000332e400000)]
  0x0000014a55552800 JavaThread "Reference Handler" daemon [_thread_blocked, id=216, stack(0x000000332da00000,0x000000332df00000)]
  0x0000014a4f59f000 JavaThread "main" [_thread_blocked, id=14356, stack(0x000000332b600000,0x000000332b700000)]

Other Threads:
  0x0000014a59201000 VMThread "VM Thread" [stack: 0x000000332d900000,0x000000332da00000] [id=14732]
  0x0000014a55049000 WatcherThread [stack: 0x0000003330000000,0x0000003330100000] [id=14488]
  0x0000014a554e4000 GCTaskThread "GC Thread#0" [stack: 0x000000332ce00000,0x000000332cf00000] [id=10620]
  0x0000014a584d5800 GCTaskThread "GC Thread#1" [stack: 0x000000332cf00000,0x000000332d000000] [id=14468]
  0x0000014a584d2800 GCTaskThread "GC Thread#2" [stack: 0x000000332d000000,0x000000332d100000] [id=11396]
  0x0000014a584d6000 GCTaskThread "GC Thread#3" [stack: 0x000000332d100000,0x000000332d200000] [id=13924]
  0x0000014a52b3e800 ConcurrentGCThread "G1 Main Marker" [stack: 0x000000332d700000,0x000000332d800000] [id=7492]
  0x0000014a584d8800 ConcurrentGCThread "G1 Marker#0" [stack: 0x000000332d800000,0x000000332d900000] [id=13736]
  0x0000014a58f1e000 ConcurrentGCThread "G1 Refine#0" [stack: 0x000000332d500000,0x000000332d600000] [id=8692]
  0x0000014a591a8800 ConcurrentGCThread "G1 Refine#1" [stack: 0x000000332d400000,0x000000332d500000] [id=12296]
  0x0000014a58feb000 ConcurrentGCThread "G1 Refine#2" [stack: 0x000000332d300000,0x000000332d400000] [id=14504]
  0x0000014a58a05800 ConcurrentGCThread "G1 Refine#3" [stack: 0x000000332d200000,0x000000332d300000] [id=6192]
  0x0000014a5bdaa000 ConcurrentGCThread "G1 Young RemSet Sampling" [stack: 0x000000332d600000,0x000000332d700000] [id=4644]

Threads with active compile tasks:

VM state:not at safepoint (normal execution)

VM Mutex/Monitor currently owned by a thread: None

Heap address: 0x0000000700000000, size: 3072 MB, Compressed Oops mode: Zero based, Oop shift amount: 3
Narrow klass base: 0x0000000000000000, Narrow klass shift: 3
Compressed class space size: 1073741824 Address: 0x00000007c0000000

Heap:
 garbage-first heap   total 183296K, used 106960K [0x0000000700000000, 0x0000000700100598, 0x00000007c0000000)
  region size 1024K, 35 young (35840K), 1 survivors (1024K)
 Metaspace       used 86382K, capacity 92951K, committed 93308K, reserved 1130496K
  class space    used 11718K, capacity 12854K, committed 12924K, reserved 1048576K
Heap Regions: E=young(eden), S=young(survivor), O=old, HS=humongous(starts), HC=humongous(continues), CS=collection set, F=free, A=archive, TS=gc time stamp, AC=allocation context, TAMS=top-at-mark-start (previous, next)
|   0|0x0000000700000000, 0x00000007000fc258, 0x0000000700100000| 98%| O|  |TS  0|AC  0|TAMS 0x0000000700000000, 0x0000000700000000|
|   1|0x0000000700100000, 0x0000000700200000, 0x0000000700200000|100%|HS|  |TS  0|AC  0|TAMS 0x0000000700100000, 0x0000000700100000|
|   2|0x0000000700200000, 0x0000000700300000, 0x0000000700300000|100%|HC|  |TS  0|AC  0|TAMS 0x0000000700200000, 0x0000000700200000|
|   3|0x0000000700300000, 0x0000000700400000, 0x0000000700400000|100%|HS|  |TS  0|AC  0|TAMS 0x0000000700300000, 0x0000000700300000|
|   4|0x0000000700400000, 0x00000007004fcca0, 0x0000000700500000| 98%| O|  |TS  0|AC  0|TAMS 0x0000000700400000, 0x0000000700400000|
|   5|0x0000000700500000, 0x00000007005f6268, 0x0000000700600000| 96%| O|  |TS  0|AC  0|TAMS 0x0000000700500000, 0x0000000700500000|
|   6|0x0000000700600000, 0x0000000700700000, 0x0000000700700000|100%| O|  |TS  0|AC  0|TAMS 0x0000000700600000, 0x0000000700600000|
|   7|0x0000000700700000, 0x00000007007fffa8, 0x0000000700800000| 99%| O|  |TS  0|AC  0|TAMS 0x0000000700700000, 0x0000000700700000|
|   8|0x0000000700800000, 0x00000007008ffff0, 0x0000000700900000| 99%| O|  |TS  0|AC  0|TAMS 0x0000000700800000, 0x0000000700800000|
|   9|0x0000000700900000, 0x00000007009fff18, 0x0000000700a00000| 99%| O|  |TS  0|AC  0|TAMS 0x0000000700900000, 0x0000000700900000|
|  10|0x0000000700a00000, 0x0000000700b00000, 0x0000000700b00000|100%| O|  |TS  0|AC  0|TAMS 0x0000000700a00000, 0x0000000700a00000|
|  11|0x0000000700b00000, 0x0000000700bfe228, 0x0000000700c00000| 99%| O|  |TS  0|AC  0|TAMS 0x0000000700b00000, 0x0000000700b00000|
|  12|0x0000000700c00000, 0x0000000700cffb28, 0x0000000700d00000| 99%| O|  |TS  0|AC  0|TAMS 0x0000000700c00000, 0x0000000700c00000|
|  13|0x0000000700d00000, 0x0000000700dffff8, 0x0000000700e00000| 99%| O|  |TS  0|AC  0|TAMS 0x0000000700d00000, 0x0000000700d00000|
|  14|0x0000000700e00000, 0x0000000700ed4428, 0x0000000700f00000| 82%| O|  |TS  0|AC  0|TAMS 0x0000000700e00000, 0x0000000700e00000|
|  15|0x0000000700f00000, 0x0000000700ffa570, 0x0000000701000000| 97%| O|  |TS  0|AC  0|TAMS 0x0000000700f00000, 0x0000000700f00000|
|  16|0x0000000701000000, 0x00000007010fffe0, 0x0000000701100000| 99%| O|  |TS  0|AC  0|TAMS 0x0000000701000000, 0x0000000701000000|
|  17|0x0000000701100000, 0x00000007011ffff8, 0x0000000701200000| 99%| O|  |TS  0|AC  0|TAMS 0x0000000701100000, 0x0000000701100000|
|  18|0x0000000701200000, 0x00000007012ffff0, 0x0000000701300000| 99%| O|  |TS  0|AC  0|TAMS 0x0000000701200000, 0x0000000701200000|
|  19|0x0000000701300000, 0x00000007013fffe8, 0x0000000701400000| 99%| O|  |TS  0|AC  0|TAMS 0x0000000701300000, 0x0000000701300000|
|  20|0x0000000701400000, 0x00000007014f4ac0, 0x0000000701500000| 95%| O|  |TS  0|AC  0|TAMS 0x0000000701400000, 0x0000000701400000|
|  21|0x0000000701500000, 0x00000007015ffff0, 0x0000000701600000| 99%| O|  |TS  0|AC  0|TAMS 0x0000000701500000, 0x0000000701500000|
|  22|0x0000000701600000, 0x00000007016ffff0, 0x0000000701700000| 99%| O|  |TS  0|AC  0|TAMS 0x0000000701600000, 0x0000000701600000|
|  23|0x0000000701700000, 0x00000007017ffff8, 0x0000000701800000| 99%| O|  |TS  0|AC  0|TAMS 0x0000000701700000, 0x0000000701700000|
|  24|0x0000000701800000, 0x00000007018fffe8, 0x0000000701900000| 99%| O|  |TS  0|AC  0|TAMS 0x0000000701800000, 0x0000000701800000|
|  25|0x0000000701900000, 0x00000007019fffe8, 0x0000000701a00000| 99%| O|  |TS  0|AC  0|TAMS 0x0000000701900000, 0x0000000701900000|
|  26|0x0000000701a00000, 0x0000000701afffe8, 0x0000000701b00000| 99%| O|  |TS  0|AC  0|TAMS 0x0000000701a00000, 0x0000000701a00000|
|  27|0x0000000701b00000, 0x0000000701bfe7e0, 0x0000000701c00000| 99%| O|  |TS  0|AC  0|TAMS 0x0000000701b00000, 0x0000000701b00000|
|  28|0x0000000701c00000, 0x0000000701d00000, 0x0000000701d00000|100%| O|  |TS  0|AC  0|TAMS 0x0000000701c00000, 0x0000000701c00000|
|  29|0x0000000701d00000, 0x0000000701dffff0, 0x0000000701e00000| 99%| O|  |TS  0|AC  0|TAMS 0x0000000701d00000, 0x0000000701d00000|
|  30|0x0000000701e00000, 0x0000000701effff0, 0x0000000701f00000| 99%| O|  |TS  0|AC  0|TAMS 0x0000000701e00000, 0x0000000701e00000|
|  31|0x0000000701f00000, 0x0000000701fffff8, 0x0000000702000000| 99%| O|  |TS  0|AC  0|TAMS 0x0000000701f00000, 0x0000000701f00000|
|  32|0x0000000702000000, 0x00000007020ffeb8, 0x0000000702100000| 99%| O|  |TS  0|AC  0|TAMS 0x0000000702000000, 0x0000000702000000|
|  33|0x0000000702100000, 0x00000007021ffff8, 0x0000000702200000| 99%| O|  |TS  0|AC  0|TAMS 0x0000000702100000, 0x0000000702100000|
|  34|0x0000000702200000, 0x00000007022fffe8, 0x0000000702300000| 99%| O|  |TS  0|AC  0|TAMS 0x0000000702200000, 0x0000000702200000|
|  35|0x0000000702300000, 0x00000007023fffb0, 0x0000000702400000| 99%| O|  |TS  0|AC  0|TAMS 0x0000000702300000, 0x0000000702300000|
|  36|0x0000000702400000, 0x00000007024ffff0, 0x0000000702500000| 99%| O|  |TS  0|AC  0|TAMS 0x0000000702400000, 0x0000000702400000|
|  37|0x0000000702500000, 0x00000007025ffff8, 0x0000000702600000| 99%| O|  |TS  0|AC  0|TAMS 0x0000000702500000, 0x0000000702500000|
|  38|0x0000000702600000, 0x00000007026fffe8, 0x0000000702700000| 99%| O|  |TS  0|AC  0|TAMS 0x0000000702600000, 0x0000000702600000|
|  39|0x0000000702700000, 0x00000007027ffff0, 0x0000000702800000| 99%| O|  |TS  0|AC  0|TAMS 0x0000000702700000, 0x0000000702700000|
|  40|0x0000000702800000, 0x00000007028ffd30, 0x0000000702900000| 99%| O|  |TS  0|AC  0|TAMS 0x0000000702800000, 0x0000000702800000|
|  41|0x0000000702900000, 0x00000007029ffff8, 0x0000000702a00000| 99%| O|  |TS  0|AC  0|TAMS 0x0000000702900000, 0x0000000702900000|
|  42|0x0000000702a00000, 0x0000000702afcb70, 0x0000000702b00000| 98%| O|  |TS  0|AC  0|TAMS 0x0000000702a00000, 0x0000000702a00000|
|  43|0x0000000702b00000, 0x0000000702bfffd0, 0x0000000702c00000| 99%| O|  |TS  0|AC  0|TAMS 0x0000000702b00000, 0x0000000702b00000|
|  44|0x0000000702c00000, 0x0000000702cfffe8, 0x0000000702d00000| 99%| O|  |TS  0|AC  0|TAMS 0x0000000702c00000, 0x0000000702c00000|
|  45|0x0000000702d00000, 0x0000000702dffff8, 0x0000000702e00000| 99%| O|  |TS  0|AC  0|TAMS 0x0000000702d00000, 0x0000000702d00000|
|  46|0x0000000702e00000, 0x0000000702effff0, 0x0000000702f00000| 99%| O|  |TS  0|AC  0|TAMS 0x0000000702e00000, 0x0000000702e00000|
|  47|0x0000000702f00000, 0x0000000702fffff0, 0x0000000703000000| 99%| O|  |TS  0|AC  0|TAMS 0x0000000702f00000, 0x0000000702f00000|
|  48|0x0000000703000000, 0x0000000703100000, 0x0000000703100000|100%| O|  |TS  0|AC  0|TAMS 0x0000000703000000, 0x0000000703000000|
|  49|0x0000000703100000, 0x0000000703200000, 0x0000000703200000|100%|HS|  |TS  0|AC  0|TAMS 0x0000000703100000, 0x0000000703100000|
|  50|0x0000000703200000, 0x0000000703300000, 0x0000000703300000|100%|HC|  |TS  0|AC  0|TAMS 0x0000000703200000, 0x0000000703200000|
|  51|0x0000000703300000, 0x0000000703400000, 0x0000000703400000|100%|HC|  |TS  0|AC  0|TAMS 0x0000000703300000, 0x0000000703300000|
|  52|0x0000000703400000, 0x0000000703500000, 0x0000000703500000|100%|HC|  |TS  0|AC  0|TAMS 0x0000000703400000, 0x0000000703400000|
|  53|0x0000000703500000, 0x0000000703600000, 0x0000000703600000|100%|HC|  |TS  0|AC  0|TAMS 0x0000000703500000, 0x0000000703500000|
|  54|0x0000000703600000, 0x0000000703700000, 0x0000000703700000|100%|HC|  |TS  0|AC  0|TAMS 0x0000000703600000, 0x0000000703600000|
|  55|0x0000000703700000, 0x0000000703800000, 0x0000000703800000|100%|HC|  |TS  0|AC  0|TAMS 0x0000000703700000, 0x0000000703700000|
|  56|0x0000000703800000, 0x0000000703900000, 0x0000000703900000|100%|HC|  |TS  0|AC  0|TAMS 0x0000000703800000, 0x0000000703800000|
|  57|0x0000000703900000, 0x00000007039ffe68, 0x0000000703a00000| 99%| O|  |TS  0|AC  0|TAMS 0x0000000703900000, 0x0000000703900000|
|  58|0x0000000703a00000, 0x0000000703b00000, 0x0000000703b00000|100%| O|  |TS  0|AC  0|TAMS 0x0000000703a00000, 0x0000000703a00000|
|  59|0x0000000703b00000, 0x0000000703bfffe8, 0x0000000703c00000| 99%| O|  |TS  0|AC  0|TAMS 0x0000000703b00000, 0x0000000703b00000|
|  60|0x0000000703c00000, 0x0000000703d00000, 0x0000000703d00000|100%|HS|  |TS  0|AC  0|TAMS 0x0000000703c00000, 0x0000000703c00000|
|  61|0x0000000703d00000, 0x0000000703dffff0, 0x0000000703e00000| 99%| O|  |TS  0|AC  0|TAMS 0x0000000703d00000, 0x0000000703d00000|
|  62|0x0000000703e00000, 0x0000000703efffe8, 0x0000000703f00000| 99%| O|  |TS  0|AC  0|TAMS 0x0000000703e00000, 0x0000000703e00000|
|  63|0x0000000703f00000, 0x0000000703fffd68, 0x0000000704000000| 99%| O|  |TS  0|AC  0|TAMS 0x0000000703f00000, 0x0000000703f00000|
|  64|0x0000000704000000, 0x00000007040ffee8, 0x0000000704100000| 99%| O|  |TS  0|AC  0|TAMS 0x0000000704000000, 0x0000000704000000|
|  65|0x0000000704100000, 0x00000007041ff8f8, 0x0000000704200000| 99%| O|  |TS  0|AC  0|TAMS 0x0000000704100000, 0x0000000704100000|
|  66|0x0000000704200000, 0x00000007042e2260, 0x0000000704300000| 88%| O|  |TS  0|AC  0|TAMS 0x0000000704200000, 0x0000000704200000|
|  67|0x0000000704300000, 0x0000000704400000, 0x0000000704400000|100%|HS|  |TS  0|AC  0|TAMS 0x0000000704300000, 0x0000000704300000|
|  68|0x0000000704400000, 0x0000000704500000, 0x0000000704500000|100%|HC|  |TS  0|AC  0|TAMS 0x0000000704400000, 0x0000000704400000|
|  69|0x0000000704500000, 0x0000000704500000, 0x0000000704600000|  0%| F|  |TS  0|AC  0|TAMS 0x0000000704500000, 0x0000000704500000|
|  70|0x0000000704600000, 0x0000000704600000, 0x0000000704700000|  0%| F|  |TS  0|AC  0|TAMS 0x0000000704600000, 0x0000000704600000|
|  71|0x0000000704700000, 0x0000000704700000, 0x0000000704800000|  0%| F|  |TS  0|AC  0|TAMS 0x0000000704700000, 0x0000000704700000|
|  72|0x0000000704800000, 0x0000000704800000, 0x0000000704900000|  0%| F|  |TS  0|AC  0|TAMS 0x0000000704800000, 0x0000000704800000|
|  73|0x0000000704900000, 0x0000000704a00000, 0x0000000704a00000|100%|HS|  |TS  0|AC  0|TAMS 0x0000000704900000, 0x0000000704900000|
|  74|0x0000000704a00000, 0x0000000704b00000, 0x0000000704b00000|100%|HC|  |TS  0|AC  0|TAMS 0x0000000704a00000, 0x0000000704a00000|
|  75|0x0000000704b00000, 0x0000000704b00000, 0x0000000704c00000|  0%| F|  |TS  0|AC  0|TAMS 0x0000000704b00000, 0x0000000704b00000|
|  76|0x0000000704c00000, 0x0000000704c00000, 0x0000000704d00000|  0%| F|  |TS  0|AC  0|TAMS 0x0000000704c00000, 0x0000000704c00000|
|  77|0x0000000704d00000, 0x0000000704d00000, 0x0000000704e00000|  0%| F|  |TS  0|AC  0|TAMS 0x0000000704d00000, 0x0000000704d00000|
|  78|0x0000000704e00000, 0x0000000704e00000, 0x0000000704f00000|  0%| F|  |TS  0|AC  0|TAMS 0x0000000704e00000, 0x0000000704e00000|
|  79|0x0000000704f00000, 0x0000000704f00000, 0x0000000705000000|  0%| F|  |TS  0|AC  0|TAMS 0x0000000704f00000, 0x0000000704f00000|
|  80|0x0000000705000000, 0x0000000705000000, 0x0000000705100000|  0%| F|  |TS  0|AC  0|TAMS 0x0000000705000000, 0x0000000705000000|
|  81|0x0000000705100000, 0x0000000705100000, 0x0000000705200000|  0%| F|  |TS  0|AC  0|TAMS 0x0000000705100000, 0x0000000705100000|
|  82|0x0000000705200000, 0x0000000705200000, 0x0000000705300000|  0%| F|  |TS  0|AC  0|TAMS 0x0000000705200000, 0x0000000705200000|
|  83|0x0000000705300000, 0x0000000705300000, 0x0000000705400000|  0%| F|  |TS  0|AC  0|TAMS 0x0000000705300000, 0x0000000705300000|
|  84|0x0000000705400000, 0x0000000705400000, 0x0000000705500000|  0%| F|  |TS  0|AC  0|TAMS 0x0000000705400000, 0x0000000705400000|
|  85|0x0000000705500000, 0x0000000705500000, 0x0000000705600000|  0%| F|  |TS  0|AC  0|TAMS 0x0000000705500000, 0x0000000705500000|
|  86|0x0000000705600000, 0x0000000705600000, 0x0000000705700000|  0%| F|  |TS  0|AC  0|TAMS 0x0000000705600000, 0x0000000705600000|
|  87|0x0000000705700000, 0x0000000705700000, 0x0000000705800000|  0%| F|  |TS  0|AC  0|TAMS 0x0000000705700000, 0x0000000705700000|
|  88|0x0000000705800000, 0x0000000705800000, 0x0000000705900000|  0%| F|  |TS  0|AC  0|TAMS 0x0000000705800000, 0x0000000705800000|
|  89|0x0000000705900000, 0x0000000705900000, 0x0000000705a00000|  0%| F|  |TS  0|AC  0|TAMS 0x0000000705900000, 0x0000000705900000|
|  90|0x0000000705a00000, 0x0000000705a00000, 0x0000000705b00000|  0%| F|  |TS  0|AC  0|TAMS 0x0000000705a00000, 0x0000000705a00000|
|  91|0x0000000705b00000, 0x0000000705b00000, 0x0000000705c00000|  0%| F|  |TS  0|AC  0|TAMS 0x0000000705b00000, 0x0000000705b00000|
|  92|0x0000000705c00000, 0x0000000705c00000, 0x0000000705d00000|  0%| F|  |TS  0|AC  0|TAMS 0x0000000705c00000, 0x0000000705c00000|
|  93|0x0000000705d00000, 0x0000000705d00000, 0x0000000705e00000|  0%| F|  |TS  0|AC  0|TAMS 0x0000000705d00000, 0x0000000705d00000|
|  94|0x0000000705e00000, 0x0000000705e00000, 0x0000000705f00000|  0%| F|  |TS  0|AC  0|TAMS 0x0000000705e00000, 0x0000000705e00000|
|  95|0x0000000705f00000, 0x0000000705f00000, 0x0000000706000000|  0%| F|  |TS  0|AC  0|TAMS 0x0000000705f00000, 0x0000000705f00000|
|  96|0x0000000706000000, 0x0000000706000000, 0x0000000706100000|  0%| F|  |TS  0|AC  0|TAMS 0x0000000706000000, 0x0000000706000000|
|  97|0x0000000706100000, 0x0000000706100000, 0x0000000706200000|  0%| F|  |TS  0|AC  0|TAMS 0x0000000706100000, 0x0000000706100000|
|  98|0x0000000706200000, 0x0000000706200000, 0x0000000706300000|  0%| F|  |TS  0|AC  0|TAMS 0x0000000706200000, 0x0000000706200000|
|  99|0x0000000706300000, 0x0000000706300000, 0x0000000706400000|  0%| F|  |TS  0|AC  0|TAMS 0x0000000706300000, 0x0000000706300000|
| 100|0x0000000706400000, 0x0000000706400000, 0x0000000706500000|  0%| F|  |TS  0|AC  0|TAMS 0x0000000706400000, 0x0000000706400000|
| 101|0x0000000706500000, 0x0000000706500000, 0x0000000706600000|  0%| F|  |TS  0|AC  0|TAMS 0x0000000706500000, 0x0000000706500000|
| 102|0x0000000706600000, 0x0000000706600000, 0x0000000706700000|  0%| F|  |TS  0|AC  0|TAMS 0x0000000706600000, 0x0000000706600000|
| 103|0x0000000706700000, 0x0000000706700000, 0x0000000706800000|  0%| F|  |TS  0|AC  0|TAMS 0x0000000706700000, 0x0000000706700000|
| 104|0x0000000706800000, 0x0000000706800000, 0x0000000706900000|  0%| F|  |TS  0|AC  0|TAMS 0x0000000706800000, 0x0000000706800000|
| 105|0x0000000706900000, 0x0000000706900000, 0x0000000706a00000|  0%| F|  |TS  0|AC  0|TAMS 0x0000000706900000, 0x0000000706900000|
| 106|0x0000000706a00000, 0x0000000706a00000, 0x0000000706b00000|  0%| F|  |TS  0|AC  0|TAMS 0x0000000706a00000, 0x0000000706a00000|
| 107|0x0000000706b00000, 0x0000000706b00000, 0x0000000706c00000|  0%| F|  |TS  0|AC  0|TAMS 0x0000000706b00000, 0x0000000706b00000|
| 108|0x0000000706c00000, 0x0000000706c00000, 0x0000000706d00000|  0%| F|  |TS  0|AC  0|TAMS 0x0000000706c00000, 0x0000000706c00000|
| 109|0x0000000706d00000, 0x0000000706d00000, 0x0000000706e00000|  0%| F|  |TS  0|AC  0|TAMS 0x0000000706d00000, 0x0000000706d00000|
| 110|0x0000000706e00000, 0x0000000706e00000, 0x0000000706f00000|  0%| F|  |TS  0|AC  0|TAMS 0x0000000706e00000, 0x0000000706e00000|
| 111|0x0000000706f00000, 0x0000000706f00000, 0x0000000707000000|  0%| F|  |TS  0|AC  0|TAMS 0x0000000706f00000, 0x0000000706f00000|
| 112|0x0000000707000000, 0x0000000707000000, 0x0000000707100000|  0%| F|  |TS  0|AC  0|TAMS 0x0000000707000000, 0x0000000707000000|
| 113|0x0000000707100000, 0x0000000707100000, 0x0000000707200000|  0%| F|  |TS  0|AC  0|TAMS 0x0000000707100000, 0x0000000707100000|
| 114|0x0000000707200000, 0x0000000707200000, 0x0000000707300000|  0%| F|  |TS  0|AC  0|TAMS 0x0000000707200000, 0x0000000707200000|
| 115|0x0000000707300000, 0x0000000707300000, 0x0000000707400000|  0%| F|  |TS  0|AC  0|TAMS 0x0000000707300000, 0x0000000707300000|
| 116|0x0000000707400000, 0x0000000707400000, 0x0000000707500000|  0%| F|  |TS  0|AC  0|TAMS 0x0000000707400000, 0x0000000707400000|
| 117|0x0000000707500000, 0x0000000707500000, 0x0000000707600000|  0%| F|  |TS 21|AC  0|TAMS 0x0000000707500000, 0x0000000707500000|
| 118|0x0000000707600000, 0x00000007076e7cc0, 0x0000000707700000| 90%| S|CS|TS 25|AC  0|TAMS 0x0000000707600000, 0x0000000707600000|
| 119|0x0000000707700000, 0x0000000707700000, 0x0000000707800000|  0%| F|  |TS 25|AC  0|TAMS 0x0000000707700000, 0x0000000707700000|
| 120|0x0000000707800000, 0x0000000707800000, 0x0000000707900000|  0%| F|  |TS 25|AC  0|TAMS 0x0000000707800000, 0x0000000707800000|
| 121|0x0000000707900000, 0x0000000707900000, 0x0000000707a00000|  0%| F|  |TS 25|AC  0|TAMS 0x0000000707900000, 0x0000000707900000|
| 122|0x0000000707a00000, 0x0000000707a00000, 0x0000000707b00000|  0%| F|  |TS 25|AC  0|TAMS 0x0000000707a00000, 0x0000000707a00000|
| 123|0x0000000707b00000, 0x0000000707b00000, 0x0000000707c00000|  0%| F|  |TS 25|AC  0|TAMS 0x0000000707b00000, 0x0000000707b00000|
| 124|0x0000000707c00000, 0x0000000707c00000, 0x0000000707d00000|  0%| F|  |TS 25|AC  0|TAMS 0x0000000707c00000, 0x0000000707c00000|
| 125|0x0000000707d00000, 0x0000000707d00000, 0x0000000707e00000|  0%| F|  |TS 25|AC  0|TAMS 0x0000000707d00000, 0x0000000707d00000|
| 126|0x0000000707e00000, 0x0000000707e00000, 0x0000000707f00000|  0%| F|  |TS 25|AC  0|TAMS 0x0000000707e00000, 0x0000000707e00000|
| 127|0x0000000707f00000, 0x0000000707f00000, 0x0000000708000000|  0%| F|  |TS 25|AC  0|TAMS 0x0000000707f00000, 0x0000000707f00000|
| 128|0x0000000708000000, 0x0000000708000000, 0x0000000708100000|  0%| F|  |TS 25|AC  0|TAMS 0x0000000708000000, 0x0000000708000000|
| 129|0x0000000708100000, 0x0000000708100000, 0x0000000708200000|  0%| F|  |TS 25|AC  0|TAMS 0x0000000708100000, 0x0000000708100000|
| 130|0x0000000708200000, 0x0000000708200000, 0x0000000708300000|  0%| F|  |TS 25|AC  0|TAMS 0x0000000708200000, 0x0000000708200000|
| 131|0x0000000708300000, 0x0000000708300000, 0x0000000708400000|  0%| F|  |TS 25|AC  0|TAMS 0x0000000708300000, 0x0000000708300000|
| 132|0x0000000708400000, 0x0000000708400000, 0x0000000708500000|  0%| F|  |TS 25|AC  0|TAMS 0x0000000708400000, 0x0000000708400000|
| 133|0x0000000708500000, 0x0000000708500000, 0x0000000708600000|  0%| F|  |TS 25|AC  0|TAMS 0x0000000708500000, 0x0000000708500000|
| 134|0x0000000708600000, 0x0000000708600000, 0x0000000708700000|  0%| F|  |TS 25|AC  0|TAMS 0x0000000708600000, 0x0000000708600000|
| 135|0x0000000708700000, 0x0000000708700000, 0x0000000708800000|  0%| F|  |TS 25|AC  0|TAMS 0x0000000708700000, 0x0000000708700000|
| 136|0x0000000708800000, 0x0000000708800000, 0x0000000708900000|  0%| F|  |TS 25|AC  0|TAMS 0x0000000708800000, 0x0000000708800000|
| 137|0x0000000708900000, 0x0000000708900000, 0x0000000708a00000|  0%| F|  |TS 25|AC  0|TAMS 0x0000000708900000, 0x0000000708900000|
| 138|0x0000000708a00000, 0x0000000708a00000, 0x0000000708b00000|  0%| F|  |TS 25|AC  0|TAMS 0x0000000708a00000, 0x0000000708a00000|
| 139|0x0000000708b00000, 0x0000000708b00000, 0x0000000708c00000|  0%| F|  |TS 25|AC  0|TAMS 0x0000000708b00000, 0x0000000708b00000|
| 140|0x0000000708c00000, 0x0000000708c00000, 0x0000000708d00000|  0%| F|  |TS 25|AC  0|TAMS 0x0000000708c00000, 0x0000000708c00000|
| 141|0x0000000708d00000, 0x0000000708d00000, 0x0000000708e00000|  0%| F|  |TS 25|AC  0|TAMS 0x0000000708d00000, 0x0000000708d00000|
| 142|0x0000000708e00000, 0x0000000708e00000, 0x0000000708f00000|  0%| F|  |TS 25|AC  0|TAMS 0x0000000708e00000, 0x0000000708e00000|
| 143|0x0000000708f00000, 0x0000000708f00000, 0x0000000709000000|  0%| F|  |TS 25|AC  0|TAMS 0x0000000708f00000, 0x0000000708f00000|
| 144|0x0000000709000000, 0x0000000709000000, 0x0000000709100000|  0%| F|  |TS 25|AC  0|TAMS 0x0000000709000000, 0x0000000709000000|
| 145|0x0000000709100000, 0x00000007091b5f18, 0x0000000709200000| 71%| E|  |TS 25|AC  0|TAMS 0x0000000709100000, 0x0000000709100000|
| 146|0x0000000709200000, 0x0000000709300000, 0x0000000709300000|100%| E|CS|TS 25|AC  0|TAMS 0x0000000709200000, 0x0000000709200000|
| 147|0x0000000709300000, 0x0000000709400000, 0x0000000709400000|100%| E|CS|TS 25|AC  0|TAMS 0x0000000709300000, 0x0000000709300000|
| 148|0x0000000709400000, 0x0000000709500000, 0x0000000709500000|100%| E|CS|TS 25|AC  0|TAMS 0x0000000709400000, 0x0000000709400000|
| 149|0x0000000709500000, 0x0000000709600000, 0x0000000709600000|100%| E|CS|TS 25|AC  0|TAMS 0x0000000709500000, 0x0000000709500000|
| 150|0x0000000709600000, 0x0000000709700000, 0x0000000709700000|100%| E|CS|TS 25|AC  0|TAMS 0x0000000709600000, 0x0000000709600000|
| 151|0x0000000709700000, 0x0000000709800000, 0x0000000709800000|100%| E|CS|TS 25|AC  0|TAMS 0x0000000709700000, 0x0000000709700000|
| 152|0x0000000709800000, 0x0000000709900000, 0x0000000709900000|100%| E|CS|TS 25|AC  0|TAMS 0x0000000709800000, 0x0000000709800000|
| 153|0x0000000709900000, 0x0000000709a00000, 0x0000000709a00000|100%| E|CS|TS 25|AC  0|TAMS 0x0000000709900000, 0x0000000709900000|
| 154|0x0000000709a00000, 0x0000000709b00000, 0x0000000709b00000|100%| E|CS|TS 25|AC  0|TAMS 0x0000000709a00000, 0x0000000709a00000|
| 155|0x0000000709b00000, 0x0000000709c00000, 0x0000000709c00000|100%| E|CS|TS 25|AC  0|TAMS 0x0000000709b00000, 0x0000000709b00000|
| 156|0x0000000709c00000, 0x0000000709d00000, 0x0000000709d00000|100%| E|CS|TS 25|AC  0|TAMS 0x0000000709c00000, 0x0000000709c00000|
| 157|0x0000000709d00000, 0x0000000709e00000, 0x0000000709e00000|100%| E|CS|TS 25|AC  0|TAMS 0x0000000709d00000, 0x0000000709d00000|
| 158|0x0000000709e00000, 0x0000000709f00000, 0x0000000709f00000|100%| E|CS|TS 25|AC  0|TAMS 0x0000000709e00000, 0x0000000709e00000|
| 159|0x0000000709f00000, 0x000000070a000000, 0x000000070a000000|100%| E|CS|TS 25|AC  0|TAMS 0x0000000709f00000, 0x0000000709f00000|
| 160|0x000000070a000000, 0x000000070a100000, 0x000000070a100000|100%| E|CS|TS 25|AC  0|TAMS 0x000000070a000000, 0x000000070a000000|
| 161|0x000000070a100000, 0x000000070a200000, 0x000000070a200000|100%| E|CS|TS 25|AC  0|TAMS 0x000000070a100000, 0x000000070a100000|
| 162|0x000000070a200000, 0x000000070a300000, 0x000000070a300000|100%| E|CS|TS 25|AC  0|TAMS 0x000000070a200000, 0x000000070a200000|
| 163|0x000000070a300000, 0x000000070a400000, 0x000000070a400000|100%| E|CS|TS 25|AC  0|TAMS 0x000000070a300000, 0x000000070a300000|
| 164|0x000000070a400000, 0x000000070a500000, 0x000000070a500000|100%| E|CS|TS 25|AC  0|TAMS 0x000000070a400000, 0x000000070a400000|
| 165|0x000000070a500000, 0x000000070a600000, 0x000000070a600000|100%| E|CS|TS 25|AC  0|TAMS 0x000000070a500000, 0x000000070a500000|
| 166|0x000000070a600000, 0x000000070a700000, 0x000000070a700000|100%| E|CS|TS 25|AC  0|TAMS 0x000000070a600000, 0x000000070a600000|
| 167|0x000000070a700000, 0x000000070a800000, 0x000000070a800000|100%| E|CS|TS 25|AC  0|TAMS 0x000000070a700000, 0x000000070a700000|
| 168|0x000000070a800000, 0x000000070a900000, 0x000000070a900000|100%| E|CS|TS 25|AC  0|TAMS 0x000000070a800000, 0x000000070a800000|
| 169|0x000000070a900000, 0x000000070aa00000, 0x000000070aa00000|100%| E|CS|TS 25|AC  0|TAMS 0x000000070a900000, 0x000000070a900000|
| 170|0x000000070aa00000, 0x000000070ab00000, 0x000000070ab00000|100%| E|CS|TS 25|AC  0|TAMS 0x000000070aa00000, 0x000000070aa00000|
| 171|0x000000070ab00000, 0x000000070ac00000, 0x000000070ac00000|100%| E|CS|TS 25|AC  0|TAMS 0x000000070ab00000, 0x000000070ab00000|
| 172|0x000000070ac00000, 0x000000070ad00000, 0x000000070ad00000|100%| E|CS|TS 25|AC  0|TAMS 0x000000070ac00000, 0x000000070ac00000|
| 173|0x000000070ad00000, 0x000000070ae00000, 0x000000070ae00000|100%| E|CS|TS 25|AC  0|TAMS 0x000000070ad00000, 0x000000070ad00000|
| 174|0x000000070ae00000, 0x000000070af00000, 0x000000070af00000|100%| E|CS|TS 25|AC  0|TAMS 0x000000070ae00000, 0x000000070ae00000|
| 175|0x000000070af00000, 0x000000070b000000, 0x000000070b000000|100%| E|CS|TS 25|AC  0|TAMS 0x000000070af00000, 0x000000070af00000|
| 176|0x000000070b000000, 0x000000070b100000, 0x000000070b100000|100%| E|CS|TS 25|AC  0|TAMS 0x000000070b000000, 0x000000070b000000|
| 177|0x000000070b100000, 0x000000070b200000, 0x000000070b200000|100%| E|CS|TS 25|AC  0|TAMS 0x000000070b100000, 0x000000070b100000|
| 178|0x000000070b200000, 0x000000070b300000, 0x000000070b300000|100%| E|CS|TS 25|AC  0|TAMS 0x000000070b200000, 0x000000070b200000|

Card table byte_map: [0x0000014a569a0000,0x0000014a56fa0000] byte_map_base: 0x0000014a531a0000

Marking Bits (Prev, Next): (CMBitMap*) 0x0000014a5bdaa488, (CMBitMap*) 0x0000014a5bdaa450
 Prev Bits: [0x0000014a75250000, 0x0000014a78250000)
 Next Bits: [0x0000014a72250000, 0x0000014a75250000)

Polling page: 0x0000014a4d680000

CodeHeap 'non-profiled nmethods': size=120064Kb used=20889Kb max_used=20889Kb free=99174Kb
 bounds [0x0000014a6ad10000, 0x0000014a6c180000, 0x0000014a72250000]
CodeHeap 'profiled nmethods': size=120000Kb used=43911Kb max_used=44726Kb free=76088Kb
 bounds [0x0000014a637e0000, 0x0000014a66430000, 0x0000014a6ad10000]
CodeHeap 'non-nmethods': size=5696Kb used=1809Kb max_used=1873Kb free=3887Kb
 bounds [0x0000014a63250000, 0x0000014a634c0000, 0x0000014a637e0000]
 total_blobs=32075 nmethods=17378 adapters=1151
 compilation: enabled

Compilation events (10 events):
Event: 1445.103 Thread 0x0000014a57b0a800 22567       4       sun.awt.geom.CurveLink::<init> (73 bytes)
Event: 1445.107 Thread 0x0000014a57b0a800 nmethod 22567 0x0000014a6c176910 code [0x0000014a6c176aa0, 0x0000014a6c176cd8]
Event: 1445.156 Thread 0x0000014a57b0c800 22568       3       javax.swing.JComponent::processMouseMotionEvent (46 bytes)
Event: 1445.157 Thread 0x0000014a57b0c800 nmethod 22568 0x0000014a64528f10 code [0x0000014a64529140, 0x0000014a64529900]
Event: 1445.800 Thread 0x0000014a57b0c800 22569       3       ui.utils.i.j.Q::columnSelectionChanged (1 bytes)
Event: 1445.800 Thread 0x0000014a57b0c800 nmethod 22569 0x0000014a64332510 code [0x0000014a643326c0, 0x0000014a64332818]
Event: 1445.800 Thread 0x0000014a57b0c800 22570       3       ui.views.O.i.g::columnSelectionChanged (1 bytes)
Event: 1445.800 Thread 0x0000014a57b0c800 nmethod 22570 0x0000014a64346c90 code [0x0000014a64346e40, 0x0000014a64346f98]
Event: 1445.804 Thread 0x0000014a57b0b000 22571       4       ui.b.c.b.A::getMinSelectionIndex (71 bytes)
Event: 1445.817 Thread 0x0000014a57b0b000 nmethod 22571 0x0000014a6c176e10 code [0x0000014a6c1770a0, 0x0000014a6c177a80]

GC Heap History (10 events):
Event: 1438.767 GC heap before
{Heap before GC invocations=218 (full 54):
 garbage-first heap   total 183296K, used 132698K [0x0000000700000000, 0x0000000700100598, 0x00000007c0000000)
  region size 1024K, 60 young (61440K), 2 survivors (2048K)
 Metaspace       used 86214K, capacity 92751K, committed 93052K, reserved 1130496K
  class space    used 11702K, capacity 12852K, committed 12924K, reserved 1048576K
}
Event: 1438.772 GC heap after
{Heap after GC invocations=219 (full 54):
 garbage-first heap   total 183296K, used 73355K [0x0000000700000000, 0x0000000700100598, 0x00000007c0000000)
  region size 1024K, 2 young (2048K), 2 survivors (2048K)
 Metaspace       used 86214K, capacity 92751K, committed 93052K, reserved 1130496K
  class space    used 11702K, capacity 12852K, committed 12924K, reserved 1048576K
}
Event: 1440.933 GC heap before
{Heap before GC invocations=219 (full 54):
 garbage-first heap   total 183296K, used 132747K [0x0000000700000000, 0x0000000700100598, 0x00000007c0000000)
  region size 1024K, 60 young (61440K), 2 survivors (2048K)
 Metaspace       used 86357K, capacity 92887K, committed 93052K, reserved 1130496K
  class space    used 11718K, capacity 12854K, committed 12924K, reserved 1048576K
}
Event: 1440.936 GC heap after
{Heap after GC invocations=220 (full 54):
 garbage-first heap   total 183296K, used 73409K [0x0000000700000000, 0x0000000700100598, 0x00000007c0000000)
  region size 1024K, 2 young (2048K), 2 survivors (2048K)
 Metaspace       used 86357K, capacity 92887K, committed 93052K, reserved 1130496K
  class space    used 11718K, capacity 12854K, committed 12924K, reserved 1048576K
}
Event: 1442.253 GC heap before
{Heap before GC invocations=220 (full 54):
 garbage-first heap   total 183296K, used 132801K [0x0000000700000000, 0x0000000700100598, 0x00000007c0000000)
  region size 1024K, 60 young (61440K), 2 survivors (2048K)
 Metaspace       used 86360K, capacity 92887K, committed 93052K, reserved 1130496K
  class space    used 11718K, capacity 12854K, committed 12924K, reserved 1048576K
}
Event: 1442.257 GC heap after
{Heap after GC invocations=221 (full 54):
 garbage-first heap   total 183296K, used 73419K [0x0000000700000000, 0x0000000700100598, 0x00000007c0000000)
  region size 1024K, 2 young (2048K), 2 survivors (2048K)
 Metaspace       used 86360K, capacity 92887K, committed 93052K, reserved 1130496K
  class space    used 11718K, capacity 12854K, committed 12924K, reserved 1048576K
}
Event: 1443.445 GC heap before
{Heap before GC invocations=221 (full 54):
 garbage-first heap   total 183296K, used 132811K [0x0000000700000000, 0x0000000700100598, 0x00000007c0000000)
  region size 1024K, 60 young (61440K), 2 survivors (2048K)
 Metaspace       used 86369K, capacity 92887K, committed 93052K, reserved 1130496K
  class space    used 11718K, capacity 12854K, committed 12924K, reserved 1048576K
}
Event: 1443.449 GC heap after
{Heap after GC invocations=222 (full 54):
 garbage-first heap   total 183296K, used 73075K [0x0000000700000000, 0x0000000700100598, 0x00000007c0000000)
  region size 1024K, 1 young (1024K), 1 survivors (1024K)
 Metaspace       used 86369K, capacity 92887K, committed 93052K, reserved 1130496K
  class space    used 11718K, capacity 12854K, committed 12924K, reserved 1048576K
}
Event: 1444.899 GC heap before
{Heap before GC invocations=222 (full 54):
 garbage-first heap   total 183296K, used 133491K [0x0000000700000000, 0x0000000700100598, 0x00000007c0000000)
  region size 1024K, 60 young (61440K), 1 survivors (1024K)
 Metaspace       used 86381K, capacity 92887K, committed 93052K, reserved 1130496K
  class space    used 11718K, capacity 12854K, committed 12924K, reserved 1048576K
}
Event: 1444.902 GC heap after
{Heap after GC invocations=223 (full 54):
 garbage-first heap   total 183296K, used 73168K [0x0000000700000000, 0x0000000700100598, 0x00000007c0000000)
  region size 1024K, 1 young (1024K), 1 survivors (1024K)
 Metaspace       used 86381K, capacity 92887K, committed 93052K, reserved 1130496K
  class space    used 11718K, capacity 12854K, committed 12924K, reserved 1048576K
}

Deoptimization events (10 events):
Event: 1439.175 Thread 0x0000014a79673000 Uncommon trap: reason=class_check action=maybe_recompile pc=0x0000014a6b9525ec method=java.lang.Throwable.<init>()V @ 24 c2
Event: 1440.356 Thread 0x0000014a79673000 Uncommon trap: reason=bimorphic_or_optimized_type_check action=maybe_recompile pc=0x0000014a6af8c774 method=java.util.TreeMap.getEntryUsingComparator(Ljava/lang/Object;)Ljava/util/TreeMap$Entry; @ 29 c2
Event: 1440.364 Thread 0x0000014a79673000 Uncommon trap: reason=class_check action=maybe_recompile pc=0x0000014a6b9525ec method=java.lang.Throwable.<init>()V @ 24 c2
Event: 1440.364 Thread 0x0000014a79673000 Uncommon trap: reason=class_check action=maybe_recompile pc=0x0000014a6bfced64 method=java.awt.LightweightDispatcher.retargetMouseEnterExit(Ljava/awt/Component;Ljava/awt/event/MouseEvent;Ljava/awt/Component;Z)Ljava/awt/Component; @ 73 c2
Event: 1440.429 Thread 0x0000014a79673000 Uncommon trap: reason=class_check action=maybe_recompile pc=0x0000014a6b9525ec method=java.lang.Throwable.<init>()V @ 24 c2
Event: 1441.657 Thread 0x0000014a79673000 Uncommon trap: reason=bimorphic_or_optimized_type_check action=maybe_recompile pc=0x0000014a6af8c774 method=java.util.TreeMap.getEntryUsingComparator(Ljava/lang/Object;)Ljava/util/TreeMap$Entry; @ 29 c2
Event: 1441.670 Thread 0x0000014a79673000 Uncommon trap: reason=class_check action=maybe_recompile pc=0x0000014a6bc6eaec method=java.lang.Throwable.<init>()V @ 24 c2
Event: 1441.670 Thread 0x0000014a79673000 Uncommon trap: reason=class_check action=maybe_recompile pc=0x0000014a6bfced64 method=java.awt.LightweightDispatcher.retargetMouseEnterExit(Ljava/awt/Component;Ljava/awt/event/MouseEvent;Ljava/awt/Component;Z)Ljava/awt/Component; @ 73 c2
Event: 1442.833 Thread 0x0000014a79673000 Uncommon trap: reason=bimorphic_or_optimized_type_check action=maybe_recompile pc=0x0000014a6af8c774 method=java.util.TreeMap.getEntryUsingComparator(Ljava/lang/Object;)Ljava/util/TreeMap$Entry; @ 29 c2
Event: 1442.837 Thread 0x0000014a79673000 Uncommon trap: reason=class_check action=maybe_recompile pc=0x0000014a6bfced64 method=java.awt.LightweightDispatcher.retargetMouseEnterExit(Ljava/awt/Component;Ljava/awt/event/MouseEvent;Ljava/awt/Component;Z)Ljava/awt/Component; @ 73 c2

Classes redefined (0 events):
No events

Internal exceptions (10 events):
Event: 1381.192 Thread 0x0000014a7eda2000 Exception <a 'java/lang/InterruptedException'{0x0000000708009588}: sleep interrupted> (0x0000000708009588) thrown at [t:/workspace/hotspot/src/share/vm/prims/jvm.cpp, line 2984]
Event: 1381.201 Thread 0x0000014a7eda2000 Exception <a 'java/lang/InterruptedException'{0x0000000708016748}: sleep interrupted> (0x0000000708016748) thrown at [t:/workspace/hotspot/src/share/vm/prims/jvm.cpp, line 2984]
Event: 1382.439 Thread 0x0000014a7eda5000 Exception <a 'ui/frmwork/CommandFailedException'{0x0000000707a12c00}> (0x0000000707a12c00) thrown at [t:/workspace/hotspot/src/share/vm/prims/jni.cpp, line 604]
Event: 1382.445 Thread 0x0000014a79673000 Implicit null exception at 0x0000014a6bb03b74 to 0x0000014a6bb05379
Event: 1416.544 Thread 0x0000014a7edab800 Exception <a 'java/lang/InterruptedException'{0x0000000709082c20}: sleep interrupted> (0x0000000709082c20) thrown at [t:/workspace/hotspot/src/share/vm/prims/jvm.cpp, line 2984]
Event: 1427.950 Thread 0x0000014a7edad000 Exception <a 'java/lang/InterruptedException'{0x000000070af82058}: sleep interrupted> (0x000000070af82058) thrown at [t:/workspace/hotspot/src/share/vm/prims/jvm.cpp, line 2984]
Event: 1428.242 Thread 0x0000014a79673000 Implicit null exception at 0x0000014a6bcc77ea to 0x0000014a6bcc8179
Event: 1428.243 Thread 0x0000014a79673000 Implicit null exception at 0x0000014a6bb62a98 to 0x0000014a6bb62b21
Event: 1428.243 Thread 0x0000014a79673000 Implicit null exception at 0x0000014a6b9396e2 to 0x0000014a6b93a14d
Event: 1428.379 Thread 0x0000014a79673000 Implicit null exception at 0x0000014a6bbe67f8 to 0x0000014a6bbead05

Events (10 events):
Event: 1444.951 Executing VM operation: RevokeBias done
Event: 1445.471 Thread 0x0000014a57ff9000 Thread added: 0x0000014a57ff9000
Event: 1445.479 Thread 0x0000014a57ff9000 Thread exited: 0x0000014a57ff9000
Event: 1445.781 Thread 0x0000014a57ff9000 Thread added: 0x0000014a57ff9000
Event: 1445.783 Executing VM operation: RevokeBias
Event: 1445.784 Executing VM operation: RevokeBias done
Event: 1445.785 Executing VM operation: RevokeBias
Event: 1445.785 Executing VM operation: RevokeBias done
Event: 1446.472 Thread 0x0000014a57ffb800 Thread added: 0x0000014a57ffb800
Event: 1446.477 Thread 0x0000014a57ffb800 Thread exited: 0x0000014a57ffb800


Dynamic libraries:
0x00007ff634710000 - 0x00007ff634740000 	C:\Xilinx\Vivado\2019.1\bin\unwrapped\win64.o\vivado.exe
0x00007ff81a2b0000 - 0x00007ff81a4a5000 	C:\WINDOWS\SYSTEM32\ntdll.dll
0x00007ff819ba0000 - 0x00007ff819c5e000 	C:\WINDOWS\System32\KERNEL32.DLL
0x00007ff817bf0000 - 0x00007ff817eb8000 	C:\WINDOWS\System32\KERNELBASE.dll
0x00007ff818010000 - 0x00007ff818110000 	C:\WINDOWS\System32\ucrtbase.dll
0x00007fffceb30000 - 0x00007fffcfa12000 	C:\Xilinx\Vivado\2019.1\lib\win64.o\librdi_common.dll
0x00007ff81a0a0000 - 0x00007ff81a241000 	C:\WINDOWS\System32\USER32.dll
0x00007ffffaf90000 - 0x00007ffffafa4000 	C:\Xilinx\Vivado\2019.1\lib\win64.o\libboost_signals.dll
0x00007ff817a60000 - 0x00007ff817a82000 	C:\WINDOWS\System32\win32u.dll
0x00007ff819db0000 - 0x00007ff819ddb000 	C:\WINDOWS\System32\GDI32.dll
0x00007ffffabf0000 - 0x00007ffffac04000 	C:\Xilinx\Vivado\2019.1\lib\win64.o\librdi_commonmain.dll
0x00007fffe0030000 - 0x00007fffe00cd000 	C:\WINDOWS\SYSTEM32\MSVCP140.dll
0x00007ff8181f0000 - 0x00007ff8182fb000 	C:\WINDOWS\System32\gdi32full.dll
0x00007ff817f70000 - 0x00007ff81800d000 	C:\WINDOWS\System32\msvcp_win.dll
0x00007ff805ab0000 - 0x00007ff805ac7000 	C:\WINDOWS\SYSTEM32\VCRUNTIME140.dll
0x00007ff818b90000 - 0x00007ff818c3c000 	C:\WINDOWS\System32\ADVAPI32.dll
0x00007fffce7c0000 - 0x00007fffceb2e000 	C:\Xilinx\Vivado\2019.1\lib\win64.o\libCOIN-all.dll
0x00007ff819660000 - 0x00007ff8196fe000 	C:\WINDOWS\System32\msvcrt.dll
0x00007ffffaa70000 - 0x00007ffffaa84000 	C:\Xilinx\Vivado\2019.1\lib\win64.o\libboost_date_time.dll
0x00007ff8184e0000 - 0x00007ff81857b000 	C:\WINDOWS\System32\sechost.dll
0x00007ff818300000 - 0x00007ff81842a000 	C:\WINDOWS\System32\RPCRT4.dll
0x00007ffffab00000 - 0x00007ffffab26000 	C:\Xilinx\Vivado\2019.1\lib\win64.o\libboost_filesystem.dll
0x00007ff818f20000 - 0x00007ff81965f000 	C:\WINDOWS\System32\SHELL32.dll
0x00007fffd9860000 - 0x00007fffd98df000 	C:\Xilinx\Vivado\2019.1\lib\win64.o\libboost_program_options.dll
0x00007fffd3ce0000 - 0x00007fffd3df4000 	C:\Xilinx\Vivado\2019.1\lib\win64.o\libboost_regex.dll
0x00007ffffad00000 - 0x00007ffffad0b000 	C:\Xilinx\Vivado\2019.1\lib\win64.o\libboost_system.dll
0x00007ffff9890000 - 0x00007ffff98b1000 	C:\Xilinx\Vivado\2019.1\lib\win64.o\libboost_thread.dll
0x00007ffffaaf0000 - 0x00007ffffaaff000 	C:\Xilinx\Vivado\2019.1\lib\win64.o\libboost_xilinx.dll
0x00007fffd8c00000 - 0x00007fffd8c82000 	C:\Xilinx\Vivado\2019.1\lib\win64.o\libhdlpsolve.dll
0x00007fffd8680000 - 0x00007fffd8725000 	C:\Xilinx\Vivado\2019.1\lib\win64.o\libhdxml.dll
0x00007fffccd70000 - 0x00007fffcd91f400 	C:\Xilinx\Vivado\2019.1\lib\win64.o\libisl_iostreams.dll
0x00007ffff0d40000 - 0x00007ffff0d6e000 	C:\Xilinx\Vivado\2019.1\lib\win64.o\libisl_sysinfo.dll
0x00007fffd85e0000 - 0x00007fffd8645000 	C:\Xilinx\Vivado\2019.1\lib\win64.o\liblmx6.0.dll
0x00007ff819c60000 - 0x00007ff819ccb000 	C:\WINDOWS\System32\WS2_32.dll
0x00007ffff97b0000 - 0x00007ffff97ca000 	C:\Xilinx\Vivado\2019.1\lib\win64.o\pthreadVC2.dll
0x00007fffd6300000 - 0x00007fffd6421000 	C:\Xilinx\Vivado\2019.1\lib\win64.o\librdi_commonxillic.dll
0x00007ffff0c00000 - 0x00007ffff0c1c000 	C:\Xilinx\Vivado\2019.1\lib\win64.o\librdiconfig.dll
0x00007fffefa30000 - 0x00007fffefa51000 	C:\Xilinx\Vivado\2019.1\lib\win64.o\librdizlib.dll
0x0000000067410000 - 0x000000006753b000 	C:\Xilinx\Vivado\2019.1\lib\win64.o\tcl85t.dll
0x0000000012000000 - 0x0000000012270000 	C:\Xilinx\Vivado\2019.1\lib\win64.o\xerces-c_3_1.dll
0x00007ff8059f0000 - 0x00007ff8059fa000 	C:\Xilinx\Vivado\2019.1\lib\win64.o\librdi_commonversion.dll
0x00007ffffecb0000 - 0x00007ffffecc8000 	C:\WINDOWS\SYSTEM32\NETAPI32.dll
0x00007ffffd620000 - 0x00007ffffdaf8000 	C:\WINDOWS\SYSTEM32\WININET.dll
0x00007ff811c70000 - 0x00007ff811d7c000 	C:\WINDOWS\SYSTEM32\WINHTTP.dll
0x00007ff8113f0000 - 0x00007ff8115db000 	C:\WINDOWS\SYSTEM32\urlmon.dll
0x00007ffffabe0000 - 0x00007ffffabe9000 	C:\WINDOWS\SYSTEM32\WSOCK32.dll
0x00007fffea170000 - 0x00007fffea19e000 	C:\WINDOWS\SYSTEM32\VCOMP140.DLL
0x00007fffcd920000 - 0x00007fffce7b1000 	C:\Xilinx\Vivado\2019.1\lib\win64.o\gurobi65.dll
0x00007ffffaac0000 - 0x00007ffffaacd000 	C:\Xilinx\Vivado\2019.1\lib\win64.o\libboost_chrono.dll
0x00007fffef270000 - 0x00007fffef28b000 	C:\Xilinx\Vivado\2019.1\lib\win64.o\libboost_iostreams.dll
0x00007fffe7b50000 - 0x00007fffe7b75000 	C:\Xilinx\Vivado\2019.1\lib\win64.o\libisl_iosutils.dll
0x00007fffcfa20000 - 0x00007fffcfcf8000 	C:\Xilinx\Vivado\2019.1\lib\win64.o\libXil_lmgr11.dll
0x00007ff819fc0000 - 0x00007ff81a09a000 	C:\WINDOWS\System32\COMDLG32.dll
0x00007ff810800000 - 0x00007ff810ab0000 	C:\WINDOWS\SYSTEM32\iertutil.dll
0x00007ff80f550000 - 0x00007ff80f578000 	C:\WINDOWS\SYSTEM32\srvcli.dll
0x00007ff819840000 - 0x00007ff819b95000 	C:\WINDOWS\System32\combase.dll
0x00007ff818cd0000 - 0x00007ff818d7d000 	C:\WINDOWS\System32\shcore.dll
0x00007ff816f60000 - 0x00007ff816f6c000 	C:\WINDOWS\SYSTEM32\netutils.dll
0x00007ff819cd0000 - 0x00007ff819d25000 	C:\WINDOWS\System32\SHLWAPI.dll
0x00007ff819710000 - 0x00007ff8197dd000 	C:\WINDOWS\System32\OLEAUT32.dll
0x00007ff818de0000 - 0x00007ff818f0a000 	C:\WINDOWS\System32\ole32.dll
0x00007ffffc550000 - 0x00007ffffc600000 	C:\WINDOWS\WinSxS\amd64_microsoft.windows.common-controls_6595b64144ccf1df_5.82.19041.1110_none_792d1c772443f647\COMCTL32.dll
0x00007ff818190000 - 0x00007ff8181f0000 	C:\WINDOWS\System32\WINTRUST.dll
0x00007ff817a90000 - 0x00007ff817be6000 	C:\WINDOWS\System32\CRYPT32.dll
0x00007ff813120000 - 0x00007ff81313d000 	C:\WINDOWS\SYSTEM32\dhcpcsvc.DLL
0x00007ff819de0000 - 0x00007ff819e10000 	C:\WINDOWS\System32\IMM32.DLL
0x00007ff8175b0000 - 0x00007ff8175c2000 	C:\WINDOWS\SYSTEM32\MSASN1.dll
0x00007ff8158f0000 - 0x00007ff815902000 	C:\WINDOWS\SYSTEM32\kernel.appcore.dll
0x00007fffcc850000 - 0x00007fffccd67000 	C:\Xilinx\Vivado\2019.1\lib\win64.o\librdi_commontasks.dll
0x00007ff80fe50000 - 0x00007ff80fe5a000 	C:\WINDOWS\SYSTEM32\VERSION.dll
0x00007fffcc5c0000 - 0x00007fffcc846000 	C:\Xilinx\Vivado\2019.1\lib\win64.o\librdi_sio.dll
0x00007ff816e00000 - 0x00007ff816e3b000 	C:\WINDOWS\SYSTEM32\IPHLPAPI.DLL
0x0000000066010000 - 0x0000000066a35000 	C:\Xilinx\Vivado\2019.1\tps\win64\jre9.0.4\bin\server\jvm.dll
0x00007ff819700000 - 0x00007ff819708000 	C:\WINDOWS\System32\PSAPI.DLL
0x00007ff80f310000 - 0x00007ff80f337000 	C:\WINDOWS\SYSTEM32\WINMM.dll
0x00007fffcc4d0000 - 0x00007fffcc5bf000 	C:\Xilinx\Vivado\2019.1\tps\win64\jre9.0.4\bin\MSVCR120.dll
0x00007ff817180000 - 0x00007ff8171ea000 	C:\WINDOWS\SYSTEM32\MSWSOCK.DLL
0x00007ff815af0000 - 0x00007ff816280000 	C:\WINDOWS\SYSTEM32\windows.storage.dll
0x00007ff817420000 - 0x00007ff81744e000 	C:\WINDOWS\SYSTEM32\Wldp.dll
0x00007fffca010000 - 0x00007fffcc4cc000 	C:\Xilinx\Vivado\2019.1\lib\win64.o\librdi_tcltasks.dll
0x00007fffc8800000 - 0x00007fffc8c08000 	C:\Xilinx\Vivado\2019.1\lib\win64.o\librdi_bitstream.dll
0x00007fffc5c20000 - 0x00007fffc5db1000 	C:\Xilinx\Vivado\2019.1\lib\win64.o\librdi_board.dll
0x00007fffd3c60000 - 0x00007fffd3cd8000 	C:\Xilinx\Vivado\2019.1\lib\win64.o\librdi_boarddep.dll
0x00007fffc8710000 - 0x00007fffc87fb000 	C:\Xilinx\Vivado\2019.1\lib\win64.o\librdi_chipscope.dll
0x00007fffc5a60000 - 0x00007fffc5c1d000 	C:\Xilinx\Vivado\2019.1\lib\win64.o\librdi_chipscopeimpl.dll
0x00007fffb2690000 - 0x00007fffb407a000 	C:\Xilinx\Vivado\2019.1\lib\win64.o\librdi_constraints.dll
0x00007fffc5900000 - 0x00007fffc5a56000 	C:\Xilinx\Vivado\2019.1\lib\win64.o\librdi_containers.dll
0x00007fffafbe0000 - 0x00007fffb1a91000 	C:\Xilinx\Vivado\2019.1\lib\win64.o\librdi_coregen.dll
0x00007fff9b200000 - 0x00007fff9b8da000 	C:\Xilinx\Vivado\2019.1\lib\win64.o\librdi_coregenipxact.dll
0x00007fffb4080000 - 0x00007fffb80c3000 	C:\Xilinx\Vivado\2019.1\lib\win64.o\librdi_designutils.dll
0x00007fff9d7b0000 - 0x00007fffafbdc000 	C:\Xilinx\Vivado\2019.1\lib\win64.o\librdi_device.dll
0x00007fffc55e0000 - 0x00007fffc58fe000 	C:\Xilinx\Vivado\2019.1\lib\win64.o\librdi_dlyest.dll
0x00007fffb20f0000 - 0x00007fffb268a000 	C:\Xilinx\Vivado\2019.1\lib\win64.o\librdi_drc.dll
0x00007fffd38f0000 - 0x00007fffd39b4000 	C:\Xilinx\Vivado\2019.1\lib\win64.o\librdi_dsp.dll
0x00007fffb1aa0000 - 0x00007fffb20ed000 	C:\Xilinx\Vivado\2019.1\lib\win64.o\librdi_filemgmt.dll
0x00007fff9d4c0000 - 0x00007fff9d7a3000 	C:\Xilinx\Vivado\2019.1\lib\win64.o\librdi_guitools.dll
0x00007fffd8500000 - 0x00007fffd8565000 	C:\Xilinx\Vivado\2019.1\lib\win64.o\librdi_hdf.dll
0x00007fff9b8e0000 - 0x00007fff9cea0000 	C:\Xilinx\Vivado\2019.1\lib\win64.o\librdi_implflow.dll
0x00007fff9cea0000 - 0x00007fff9d4b5000 	C:\Xilinx\Vivado\2019.1\lib\win64.o\librdi_memdata.dll
0x00007fffc5ee0000 - 0x00007fffc5f53000 	C:\Xilinx\Vivado\2019.1\lib\win64.o\librdi_memoryarray.dll
0x00007fff96c30000 - 0x00007fff99916000 	C:\Xilinx\Vivado\2019.1\lib\win64.o\librdi_mig.dll
0x00007fff9ab50000 - 0x00007fff9b1f2000 	C:\Xilinx\Vivado\2019.1\lib\win64.o\librdi_netlist.dll
0x00007fffe0210000 - 0x00007fffe025b000 	C:\Xilinx\Vivado\2019.1\lib\win64.o\librdi_pfi.dll
0x00007fff93d20000 - 0x00007fff96396000 	C:\Xilinx\Vivado\2019.1\lib\win64.o\librdi_place.dll
0x00007fff9a320000 - 0x00007fff9aa6a000 	C:\Xilinx\Vivado\2019.1\lib\win64.o\librdi_power.dll
0x00007fff96920000 - 0x00007fff96c2f000 	C:\Xilinx\Vivado\2019.1\lib\win64.o\librdi_platform.dll
0x00007fff963a0000 - 0x00007fff9691f000 	C:\Xilinx\Vivado\2019.1\lib\win64.o\librdi_project.dll
0x00007fff92f00000 - 0x00007fff93609000 	C:\Xilinx\Vivado\2019.1\lib\win64.o\librdi_psta.dll
0x00007fff93610000 - 0x00007fff93d16000 	C:\Xilinx\Vivado\2019.1\lib\win64.o\librdi_rsb.dll
0x00007fff928a0000 - 0x00007fff92c91000 	C:\Xilinx\Vivado\2019.1\lib\win64.o\librdi_runs.dll
0x00007fffc54e0000 - 0x00007fffc55da000 	C:\Xilinx\Vivado\2019.1\lib\win64.o\librdi_runsbase.dll
0x00007fff92ca0000 - 0x00007fff92ef6000 	C:\Xilinx\Vivado\2019.1\lib\win64.o\librdi_simdata.dll
0x00007fff91a80000 - 0x00007fff92891000 	C:\Xilinx\Vivado\2019.1\lib\win64.o\librdi_timing.dll
0x00007fffc5360000 - 0x00007fffc54d2000 	C:\Xilinx\Vivado\2019.1\lib\win64.o\librdi_advchipscopeimpl.dll
0x00007fffdffe0000 - 0x00007fffe002c000 	C:\Xilinx\Vivado\2019.1\lib\win64.o\libboost_serialization.dll
0x00007fff9a180000 - 0x00007fff9a31f000 	C:\Xilinx\Vivado\2019.1\lib\win64.o\librdi_hip_devdesign.dll
0x00007fff91070000 - 0x00007fff91132000 	C:\Xilinx\Vivado\2019.1\lib\win64.o\librdi_ipconfig_readwrite.dll
0x00007fffda860000 - 0x00007fffda8a3000 	C:\Xilinx\Vivado\2019.1\lib\win64.o\librdi_noc_frameworks.dll
0x00007fff90520000 - 0x00007fff91067000 	C:\Xilinx\Vivado\2019.1\lib\win64.o\libverific.dll
0x00007fff91140000 - 0x00007fff91525000 	C:\Xilinx\Vivado\2019.1\lib\win64.o\librdi_hip_config.dll
0x00007fff91530000 - 0x00007fff91a7e000 	C:\Xilinx\Vivado\2019.1\lib\win64.o\librdi_xdm.dll
0x00007fffc5e40000 - 0x00007fffc5ede000 	C:\Xilinx\Vivado\2019.1\lib\win64.o\libise.dll
0x00007fff8cdc0000 - 0x00007fff8d3bc000 	C:\Xilinx\Vivado\2019.1\lib\win64.o\librdi_wavedata.dll
0x00007fffd9200000 - 0x00007fffd9240000 	C:\Xilinx\Vivado\2019.1\lib\win64.o\librdi_wavedata_SimpleApi.dll
0x00007fff8f390000 - 0x00007fff9051d000 	C:\Xilinx\Vivado\2019.1\lib\win64.o\librdi_route.dll
0x00007fffd90d0000 - 0x00007fffd910f000 	C:\Xilinx\Vivado\2019.1\lib\win64.o\librdi_schedmon.dll
0x00007fff8d3c0000 - 0x00007fff8f38d000 	C:\Xilinx\Vivado\2019.1\lib\win64.o\librdi_synth.dll
0x00007fff9a0f0000 - 0x00007fff9a178000 	C:\Xilinx\Vivado\2019.1\lib\win64.o\librdi_meir_core.dll

VM Arguments:
jvm_args: -Dsun.java2d.pmoffscreen=false -Dsun.java2d.xrender=false -Dsun.java2d.d3d=false -Dsun.awt.nopixfmt=true -Dsun.java2d.dpiaware=true -Dsun.java2d.uiScale.enabled=false -Xverify:none -Dswing.aatext=true -XX:-UsePerfData -Djdk.map.althashing.threshold=512 -XX:StringTableSize=4072 --add-opens=java.base/java.nio=ALL-UNNAMED --add-opens=java.desktop/sun.swing=ALL-UNNAMED --add-opens=java.desktop/javax.swing=ALL-UNNAMED --add-opens=java.desktop/javax.swing.tree=ALL-UNNAMED --add-opens=java.desktop/javax.swing.plaf.basic=ALL-UNNAMED --add-opens=java.desktop/javax.swing.plaf.synth=ALL-UNNAMED --add-opens=java.desktop/com.sun.awt=ALL-UNNAMED -XX:NewSize=60m -XX:MaxNewSize=60m -Xms128m -Xmx3072m -Xss5m 
java_command: <unknown>
java_class_path (initial): C:/Xilinx/Vivado/2019.1\lib\classes\alloy.jar;C:/Xilinx/Vivado/2019.1\lib\classes\autopilot.scelaborator.jar;C:/Xilinx/Vivado/2019.1\lib\classes\autopilot.sourceprocessor.jar;C:/Xilinx/Vivado/2019.1\lib\classes\autopilot.tbprocessor.jar;C:/Xilinx/Vivado/2019.1\lib\classes\batik-anim.jar;C:/Xilinx/Vivado/2019.1\lib\classes\batik-awt-util.jar;C:/Xilinx/Vivado/2019.1\lib\classes\batik-bridge.jar;C:/Xilinx/Vivado/2019.1\lib\classes\batik-codec.jar;C:/Xilinx/Vivado/2019.1\lib\classes\batik-css.jar;C:/Xilinx/Vivado/2019.1\lib\classes\batik-dom.jar;C:/Xilinx/Vivado/2019.1\lib\classes\batik-ext.jar;C:/Xilinx/Vivado/2019.1\lib\classes\batik-gui-util.jar;C:/Xilinx/Vivado/2019.1\lib\classes\batik-gvt.jar;C:/Xilinx/Vivado/2019.1\lib\classes\batik-parser.jar;C:/Xilinx/Vivado/2019.1\lib\classes\batik-script.jar;C:/Xilinx/Vivado/2019.1\lib\classes\batik-svg-dom.jar;C:/Xilinx/Vivado/2019.1\lib\classes\batik-swing.jar;C:/Xilinx/Vivado/2019.1\lib\classes\batik-transcoder.jar;C:/Xilinx/Vivado/2019.1\lib\classes\batik-util.jar;C:/Xilinx/Vivado/2019.1\lib\classes\batik-xml.jar;C:/Xilinx/Vivado/2019.1\lib\classes\com.google.gson_2.7.0.v20170129-0911.jar;C:/Xilinx/Vivado/2019.1\lib\classes\com.google.guava_21.0.0.v20170206-1425.jar;C:/Xilinx/Vivado/2019.1\lib\classes\com.google.inject_3.0.0.v201605172100.jar;C:/Xilinx/Vivado/2019.1\lib\classes\com.ibm.icu_4.4.2.v20110208.jar;C:/Xilinx/Vivado/2019.1\lib\classes\com.sigasi.hdt.annotations.runtime_4.3.0.201903071210.jar;C:/Xilinx/Vivado/2019.1\lib\classes\com.sigasi.hdt.blockdiagram.model_4.3.0.201903071210.jar;C:/Xilinx/Vivado/2019.1\lib\classes\com.sigasi.hdt.connection_4.3.0.201903071210.jar;C:/Xilinx/Vivado/2019.1\lib\classes\com.sigasi.hdt.dependencies.model_4.3.0.201903071210.jar;C:/Xilinx/Vivado/2019.1\lib\classes\com.sigasi.hdt.epl_4.3.0.201903071210.jar;C:/Xilinx/Vivado/2019.1\lib\classes\com.sigasi.hdt.graphics.model_4.3.0.201903071210.jar;C:/Xilinx/Vivado/2019.1\lib\classes\com.sigasi.hdt.project_4.3.0
Launcher Type: generic

Logging:
Log output configuration:
#0: stdout all=warning uptime,level,tags
#1: stderr all=off uptime,level,tags

Environment Variables:
PATH=C:/Xilinx/Vivado/2019.1/bin;C:/Xilinx/Vivado/2019.1/lib/win64.o;C:/Xilinx/Vivado/2019.1/tps/win64/jre9.0.4/bin/server;C:/Xilinx/Vivado/2019.1/tps/win64/jre9.0.4/bin;C:/Xilinx/SDK/2019.1/bin;C:/Xilinx/Vivado/2019.1/ids_lite/ISE/bin/nt64;C:/Xilinx/Vivado/2019.1/ids_lite/ISE/lib/nt64;C:\WINDOWS\system32;C:\WINDOWS;C:\WINDOWS\System32\Wbem;C:\WINDOWS\System32\WindowsPowerShell\v1.0\;C:\WINDOWS\System32\OpenSSH\;C:\ProgramData\chocolatey\bin;C:\Program Files\Git\cmd;C:\Users\kho29\AppData\Local\Microsoft\WindowsApps;;C:/Xilinx/Vivado/2019.1\tps\mingw\6.2.0\win64.o\nt\bin;C:/Xilinx/Vivado/2019.1\tps\mingw\6.2.0\win64.o\nt\libexec\gcc\x86_64-w64-mingw32\6.2.0;C:/Xilinx/Vivado/2019.1\tps\win64\python-2.7.5;C:/Xilinx/Vivado/2019.1\tps\win64\python-2.7.5\lib;C:/Xilinx/Vivado/2019.1\tps\win64\python-2.7.5\Lib\lib-tk;C:/Xilinx/Vivado/2019.1\tps\win64\python-2.7.5\lib\site-packages
USERNAME=kho29
OS=Windows_NT
PROCESSOR_IDENTIFIER=Intel64 Family 6 Model 94 Stepping 3, GenuineIntel



---------------  S Y S T E M  ---------------

OS: Windows 10 , 64 bit Build 19041 (10.0.19041.1348)

CPU:total 4 (initial active 4) (4 cores per cpu, 1 threads per core) family 6 model 94 stepping 3, cmov, cx8, fxsr, mmx, sse, sse2, sse3, ssse3, sse4.1, sse4.2, popcnt, avx, avx2, aes, clmul, erms, rtm, 3dnowpref, lzcnt, tsc, tscinvbit, bmi1, bmi2, adx, fma

Memory: 4k page, physical 16637828k(9261476k free), swap 19128196k(6065900k free)

vm_info: Java HotSpot(TM) 64-Bit Server VM (9.0.4+11) for windows-amd64 JRE (9.0.4+11), built on Dec 20 2017 02:18:54 by "mach5one" with MS VC++ 12.0 (VS2013)

END.
