#
# A fatal error has been detected by the Java Runtime Environment:
#
#  EXCEPTION_ACCESS_VIOLATION (0xc0000005) at pc=0x00007ffce5631439, pid=5280, tid=1532
#
# JRE version: Java(TM) SE Runtime Environment (9.0+11) (build 9.0.4+11)
# Java VM: Java HotSpot(TM) 64-Bit Server VM (9.0.4+11, mixed mode, tiered, compressed oops, g1 gc, windows-amd64)
# Problematic frame:
# C  0x00007ffce5631439
#
# No core dump will be written. Minidumps are not enabled by default on client versions of Windows
#
# If you would like to submit a bug report, please visit:
#   http://bugreport.java.com/bugreport/crash.jsp
# The crash happened outside the Java Virtual Machine in native code.
# See problematic frame for where to report the bug.
#

---------------  S U M M A R Y ------------

Command Line: -Dsun.java2d.pmoffscreen=false -Dsun.java2d.xrender=false -Dsun.java2d.d3d=false -Dsun.awt.nopixfmt=true -Dsun.java2d.dpiaware=true -Dsun.java2d.uiScale.enabled=false -Xverify:none -Dswing.aatext=true -XX:-UsePerfData -Djdk.map.althashing.threshold=512 -XX:StringTableSize=4072 --add-opens=java.base/java.nio=ALL-UNNAMED --add-opens=java.desktop/sun.swing=ALL-UNNAMED --add-opens=java.desktop/javax.swing=ALL-UNNAMED --add-opens=java.desktop/javax.swing.tree=ALL-UNNAMED --add-opens=java.desktop/javax.swing.plaf.basic=ALL-UNNAMED --add-opens=java.desktop/javax.swing.plaf.synth=ALL-UNNAMED --add-opens=java.desktop/com.sun.awt=ALL-UNNAMED -XX:NewSize=60m -XX:MaxNewSize=60m -Xms128m -Xmx3072m -Xss5m 

Host: Intel(R) Core(TM) i5-6500 CPU @ 3.20GHz, 4 cores, 15G,  Windows 10 , 64 bit Build 19041 (10.0.19041.1348)
Time: Mon Feb 20 11:48:33 2023 Pacific Standard Time elapsed time: 1037 seconds (0d 0h 17m 17s)

---------------  T H R E A D  ---------------

Current thread (0x0000029e00538800):  JavaThread "AWT-EventQueue-1" [_thread_in_native, id=1532, stack(0x000000a176200000,0x000000a176700000)]

Stack: [0x000000a176200000,0x000000a176700000],  sp=0x000000a1766f4430,  free space=5073k
Native frames: (J=compiled Java code, j=interpreted, Vv=VM code, C=native code)
C  0x00007ffce5631439
C  0x00007ffce5645107
C  0x00007ffce5644e12
C  0x00007ffce562ac06
C  0x00007ffce7f85e90
C  0x00007ffce7fa8744
C  0x00007ffce8041cce
C  0x00007ffce8041bef
C  0x00007ffce806cb0a
C  0x00007ffce806aede
C  0x00007ffce80c873b
C  0x00007ffce80ca153
C  0x00007ffce80a2ea0
C  0x00007ffce80a2f1d
C  0x00007ffce80a2fc1
C  0x00007ffce80c95c4
C  0x00007ffce8099546
C  0x00007ffce8099315
C  0x00007ffce80d5c1f
C  0x0000029e6f197b3a

Java frames: (J=compiled Java code, j=interpreted, Vv=VM code)
J 21894  ui.views.waveform.waveformi.WVExecutive_getGraphicsDataSize(J)J (0 bytes) @ 0x0000029e6f197aa1 [0x0000029e6f197a60+0x0000000000000041]
J 21893 c1 ui.views.waveform.executive.a.gEt()Ljava/io/ByteArrayInputStream; (93 bytes) @ 0x0000029e6886322c [0x0000029e68863140+0x00000000000000ec]
J 21892 c1 ui.views.waveform.b.a.gEf()V (142 bytes) @ 0x0000029e68a37fb4 [0x0000029e68a37ea0+0x0000000000000114]
J 20869 c1 ui.views.waveform.w.cRi()V (38 bytes) @ 0x0000029e68a6f3ec [0x0000029e68a6ec80+0x000000000000076c]
J 18770 c1 ui.views.waveform.c.b.j(Lui/frmwork/b/i;)V (603 bytes) @ 0x0000029e68942b3c [0x0000029e68939420+0x000000000000971c]
J 18769 c1 ui.views.waveform.w.a(Lui/frmwork/b/i;)V (17 bytes) @ 0x0000029e67a3dc94 [0x0000029e67a3dbc0+0x00000000000000d4]
J 14083 c1 ui.frmwork.b.l.d(Lui/frmwork/b/i;)V (61 bytes) @ 0x0000029e66fe9f1c [0x0000029e66fe96c0+0x000000000000085c]
J 14069 c1 ui.frmwork.HTclEventBroker.i(JZ)V (471 bytes) @ 0x0000029e672170ac [0x0000029e672128c0+0x00000000000047ec]
J 14070 c1 ui.frmwork.HTclEventBroker.fireTclEvent(J)I (113 bytes) @ 0x0000029e671aa7cc [0x0000029e671a9fc0+0x000000000000080c]
v  ~StubRoutines::call_stub
j  ui.views.waveform.waveformi.WVExecutive_processModelEvent(JJ)V+0
j  ui.views.waveform.executive.a.eE(J)V+5
j  ui.views.waveform.c.b.eD(J)V+8
J 18770 c1 ui.views.waveform.c.b.j(Lui/frmwork/b/i;)V (603 bytes) @ 0x0000029e68943874 [0x0000029e68939420+0x000000000000a454]
J 18769 c1 ui.views.waveform.w.a(Lui/frmwork/b/i;)V (17 bytes) @ 0x0000029e67a3dc94 [0x0000029e67a3dbc0+0x00000000000000d4]
J 14083 c1 ui.frmwork.b.l.d(Lui/frmwork/b/i;)V (61 bytes) @ 0x0000029e66fe9f1c [0x0000029e66fe96c0+0x000000000000085c]
J 14069 c1 ui.frmwork.HTclEventBroker.i(JZ)V (471 bytes) @ 0x0000029e672170ac [0x0000029e672128c0+0x00000000000047ec]
J 19776 c1 ui.frmwork.HTclEventBroker$$Lambda$204.run()V (12 bytes) @ 0x0000029e67a1f3dc [0x0000029e67a1f300+0x00000000000000dc]
J 13834 c2 java.awt.EventQueue$3.run()Ljava/lang/Object; java.desktop@9.0.4 (5 bytes) @ 0x0000029e6e97cc0c [0x0000029e6e97c900+0x000000000000030c]
v  ~StubRoutines::call_stub
J 4140  java.security.AccessController.doPrivileged(Ljava/security/PrivilegedAction;Ljava/security/AccessControlContext;)Ljava/lang/Object; java.base@9.0.4 (0 bytes) @ 0x0000029e6e0d2a46 [0x0000029e6e0d29e0+0x0000000000000066]
J 13663 c2 ui.frmwork.b.d.dispatchEvent(Ljava/awt/AWTEvent;)V (34 bytes) @ 0x0000029e6e939024 [0x0000029e6e938a00+0x0000000000000624]
J 20313 c2 java.awt.EventDispatchThread.pumpOneEventForFilters(I)V java.desktop@9.0.4 (218 bytes) @ 0x0000029e6efa9924 [0x0000029e6efa9580+0x00000000000003a4]
J 21196 c1 java.awt.EventDispatchThread.pumpEventsForFilter(ILjava/awt/Conditional;Ljava/awt/EventFilter;)V java.desktop@9.0.4 (47 bytes) @ 0x0000029e68ccbc0c [0x0000029e68ccb920+0x00000000000002ec]
j  java.awt.EventDispatchThread.pumpEventsForFilter(Ljava/awt/Conditional;Ljava/awt/EventFilter;)V+4 java.desktop@9.0.4
j  java.awt.WaitDispatchSupport$2.run()V+59 java.desktop@9.0.4
j  java.awt.WaitDispatchSupport$4.run()Ljava/lang/Void;+4 java.desktop@9.0.4
j  java.awt.WaitDispatchSupport$4.run()Ljava/lang/Object;+1 java.desktop@9.0.4
v  ~StubRoutines::call_stub
J 1054  java.security.AccessController.doPrivileged(Ljava/security/PrivilegedAction;)Ljava/lang/Object; java.base@9.0.4 (0 bytes) @ 0x0000029e6df273b2 [0x0000029e6df27360+0x0000000000000052]
j  java.awt.WaitDispatchSupport.enter()Z+260 java.desktop@9.0.4
j  java.awt.Dialog.show()V+225 java.desktop@9.0.4
J 12349 c1 java.awt.Component.setVisible(Z)V java.desktop@9.0.4 (6 bytes) @ 0x0000029e686e9bcc [0x0000029e686e99e0+0x00000000000001ec]
j  java.awt.Window.setVisible(Z)V+2 java.desktop@9.0.4
j  java.awt.Dialog.setVisible(Z)V+2 java.desktop@9.0.4
j  ui.b.c.g.setVisible(Z)V+2
j  ui.b.c.by.showDialog()V+64
j  ui.b.c.bF.actionPerformed(Ljava/awt/event/ActionEvent;)V+8
j  ui.b.c.by.cJI()V+396
j  ui.views.c.t.b.a.run()V+60
j  ui.frmwork.a.dWF()Z+66
j  ui.frmwork.V.dYl()V+42
j  ui.bk.actionPerformed(Ljava/awt/event/ActionEvent;)V+25
j  javax.swing.AbstractButton.fireActionPerformed(Ljava/awt/event/ActionEvent;)V+84 java.desktop@9.0.4
j  ui.utils.o.b.B.fireActionPerformed(Ljava/awt/event/ActionEvent;)V+7
j  javax.swing.AbstractButton$Handler.actionPerformed(Ljava/awt/event/ActionEvent;)V+5 java.desktop@9.0.4
j  javax.swing.DefaultButtonModel.fireActionPerformed(Ljava/awt/event/ActionEvent;)V+34 java.desktop@9.0.4
j  javax.swing.DefaultButtonModel.setPressed(Z)V+117 java.desktop@9.0.4
j  javax.swing.plaf.basic.BasicButtonListener.mouseReleased(Ljava/awt/event/MouseEvent;)V+35 java.desktop@9.0.4
j  com.jidesoft.plaf.basic.BasicJideButtonListener.mouseReleased(Ljava/awt/event/MouseEvent;)V+61
J 18026 c1 java.awt.AWTEventMulticaster.mouseReleased(Ljava/awt/event/MouseEvent;)V java.desktop@9.0.4 (27 bytes) @ 0x0000029e66d7bf0c [0x0000029e66d7bd00+0x000000000000020c]
J 18026 c1 java.awt.AWTEventMulticaster.mouseReleased(Ljava/awt/event/MouseEvent;)V java.desktop@9.0.4 (27 bytes) @ 0x0000029e66d7bf0c [0x0000029e66d7bd00+0x000000000000020c]
J 18026 c1 java.awt.AWTEventMulticaster.mouseReleased(Ljava/awt/event/MouseEvent;)V java.desktop@9.0.4 (27 bytes) @ 0x0000029e66d7bf0c [0x0000029e66d7bd00+0x000000000000020c]
J 18026 c1 java.awt.AWTEventMulticaster.mouseReleased(Ljava/awt/event/MouseEvent;)V java.desktop@9.0.4 (27 bytes) @ 0x0000029e66d7bf0c [0x0000029e66d7bd00+0x000000000000020c]
J 15593 c1 java.awt.Component.processMouseEvent(Ljava/awt/event/MouseEvent;)V java.desktop@9.0.4 (100 bytes) @ 0x0000029e66dd4bb4 [0x0000029e66dd4820+0x0000000000000394]
J 15613 c1 javax.swing.JComponent.processMouseEvent(Ljava/awt/event/MouseEvent;)V java.desktop@9.0.4 (27 bytes) @ 0x0000029e66b9ffec [0x0000029e66b9fde0+0x000000000000020c]
J 13159 c2 java.awt.Container.processEvent(Ljava/awt/AWTEvent;)V java.desktop@9.0.4 (22 bytes) @ 0x0000029e6e886840 [0x0000029e6e886720+0x0000000000000120]
J 17014 c2 java.awt.Component.dispatchEventImpl(Ljava/awt/AWTEvent;)V java.desktop@9.0.4 (739 bytes) @ 0x0000029e6eca1638 [0x0000029e6eca0e00+0x0000000000000838]
J 12832 c2 java.awt.Container.dispatchEventImpl(Ljava/awt/AWTEvent;)V java.desktop@9.0.4 (129 bytes) @ 0x0000029e6e805978 [0x0000029e6e805920+0x0000000000000058]
J 16883 c2 java.awt.LightweightDispatcher.retargetMouseEvent(Ljava/awt/Component;ILjava/awt/event/MouseEvent;)V java.desktop@9.0.4 (350 bytes) @ 0x0000029e6e4336e0 [0x0000029e6e433160+0x0000000000000580]
J 18602 c2 java.awt.LightweightDispatcher.processMouseEvent(Ljava/awt/event/MouseEvent;)Z java.desktop@9.0.4 (265 bytes) @ 0x0000029e6e7ddf70 [0x0000029e6e7dd820+0x0000000000000750]
J 12832 c2 java.awt.Container.dispatchEventImpl(Ljava/awt/AWTEvent;)V java.desktop@9.0.4 (129 bytes) @ 0x0000029e6e805cd4 [0x0000029e6e805920+0x00000000000003b4]
J 18500 c2 java.awt.Window.dispatchEventImpl(Ljava/awt/AWTEvent;)V java.desktop@9.0.4 (23 bytes) @ 0x0000029e6e2c588c [0x0000029e6e2c5840+0x000000000000004c]
J 13834 c2 java.awt.EventQueue$3.run()Ljava/lang/Object; java.desktop@9.0.4 (5 bytes) @ 0x0000029e6e97cabc [0x0000029e6e97c900+0x00000000000001bc]
v  ~StubRoutines::call_stub
J 4140  java.security.AccessController.doPrivileged(Ljava/security/PrivilegedAction;Ljava/security/AccessControlContext;)Ljava/lang/Object; java.base@9.0.4 (0 bytes) @ 0x0000029e6e0d2a46 [0x0000029e6e0d29e0+0x0000000000000066]
J 18557 c2 java.awt.EventQueue$4.run()Ljava/lang/Object; java.desktop@9.0.4 (5 bytes) @ 0x0000029e6e540dc0 [0x0000029e6e540b60+0x0000000000000260]
v  ~StubRoutines::call_stub
J 4140  java.security.AccessController.doPrivileged(Ljava/security/PrivilegedAction;Ljava/security/AccessControlContext;)Ljava/lang/Object; java.base@9.0.4 (0 bytes) @ 0x0000029e6e0d2a46 [0x0000029e6e0d29e0+0x0000000000000066]
J 13663 c2 ui.frmwork.b.d.dispatchEvent(Ljava/awt/AWTEvent;)V (34 bytes) @ 0x0000029e6e938e4c [0x0000029e6e938a00+0x000000000000044c]
J 20313 c2 java.awt.EventDispatchThread.pumpOneEventForFilters(I)V java.desktop@9.0.4 (218 bytes) @ 0x0000029e6efa9924 [0x0000029e6efa9580+0x00000000000003a4]
J 21127% c1 java.awt.EventDispatchThread.pumpEventsForFilter(ILjava/awt/Conditional;Ljava/awt/EventFilter;)V java.desktop@9.0.4 (47 bytes) @ 0x0000029e68bd6ce4 [0x0000029e68bd69a0+0x0000000000000344]
j  java.awt.EventDispatchThread.pumpEventsForHierarchy(ILjava/awt/Conditional;Ljava/awt/Component;)V+11 java.desktop@9.0.4
j  java.awt.EventDispatchThread.pumpEvents(ILjava/awt/Conditional;)V+4 java.desktop@9.0.4
j  java.awt.EventDispatchThread.pumpEvents(Ljava/awt/Conditional;)V+3 java.desktop@9.0.4
j  java.awt.EventDispatchThread.run()V+9 java.desktop@9.0.4
v  ~StubRoutines::call_stub

siginfo: EXCEPTION_ACCESS_VIOLATION (0xc0000005), reading address 0x0000000000000044


Register to memory mapping:

RIP=0x00007ffce5631439 is an unknown value
RAX=0x0000029e0da1fef0 is an unknown value
RBX=0x0000029e0aa985a0 is an unknown value
RCX=0x0000000000000000 is an unknown value
RDX=0x0000029e08d3c110 is an unknown value
RSP=0x000000a1766f4430 is pointing into the stack for thread: 0x0000029e00538800
RBP=0x000000a1766f45d0 is pointing into the stack for thread: 0x0000029e00538800
RSI=0x0000000000000000 is an unknown value
RDI=0x000000a1766f4590 is pointing into the stack for thread: 0x0000029e00538800
R8 =0x000000a1766f44d0 is pointing into the stack for thread: 0x0000029e00538800
R9 =0x0000000000000018 is an unknown value
R10=0x0000000000000040 is an unknown value
R11=0x1000040000000000 is an unknown value
R12=0x0000029e12377690 is an unknown value
R13=0x0000000000000001 is an unknown value
R14=0x0000029e08d3c110 is an unknown value
R15=0x000000a1766f44d0 is pointing into the stack for thread: 0x0000029e00538800


Registers:
RAX=0x0000029e0da1fef0, RBX=0x0000029e0aa985a0, RCX=0x0000000000000000, RDX=0x0000029e08d3c110
RSP=0x000000a1766f4430, RBP=0x000000a1766f45d0, RSI=0x0000000000000000, RDI=0x000000a1766f4590
R8 =0x000000a1766f44d0, R9 =0x0000000000000018, R10=0x0000000000000040, R11=0x1000040000000000
R12=0x0000029e12377690, R13=0x0000000000000001, R14=0x0000029e08d3c110, R15=0x000000a1766f44d0
RIP=0x00007ffce5631439, EFLAGS=0x0000000000010206

Top of Stack: (sp=0x000000a1766f4430)
0x000000a1766f4430:   000000a1766f4b60 0000000000000000
0x000000a1766f4440:   0000000000000000 0000029e12377690
0x000000a1766f4450:   0000029e0aa985a0 0000000000000002
0x000000a1766f4460:   fffffffffffffffe 00007ffd7065fde6
0x000000a1766f4470:   0000000000000000 00000000000004f8
0x000000a1766f4480:   000000a1766f4b60 0000000000003800
0x000000a1766f4490:   000000a1766f4590 00007ffce5645107
0x000000a1766f44a0:   00000000000004f8 0000029e0aa985a0
0x000000a1766f44b0:   0000029e0da1fef0 0000029e0f41d208
0x000000a1766f44c0:   0000029e0aa985a0 00007ffce5644e12
0x000000a1766f44d0:   0000029e0aa985a0 0000029e0f41d1e0
0x000000a1766f44e0:   0000000000000002 0000029e0f41d1e0
0x000000a1766f44f0:   0000029e0f41d1e0 0000029e5bcc5d10
0x000000a1766f4500:   0000029e00538800 0000029e12377690
0x000000a1766f4510:   0000000000000012 0000029e0f41d190
0x000000a1766f4520:   0000000000000001 00007ffc00000000 

Instructions: (pc=0x00007ffce5631439)
0x00007ffce5631419:   50 48 c7 44 24 30 fe ff ff ff 48 89 5c 24 78 48
0x00007ffce5631429:   89 b4 24 80 00 00 00 4d 8b f8 4c 8b f2 48 8b f1
0x00007ffce5631439:   83 79 44 00 75 07 33 c0 e9 da 00 00 00 33 db 39
0x00007ffce5631449:   59 44 75 04 8b c3 eb 06 48 8b 41 48 8b 00 8b d0 



---------------  P R O C E S S  ---------------

Java Threads: ( => current thread )
  0x0000029e0245c000 JavaThread "Relaunch Simulation" [_thread_blocked, id=5488, stack(0x000000a17a100000,0x000000a17a600000)]
  0x0000029e02456800 JavaThread "SyntheticaAnimation 50" daemon [_thread_blocked, id=2388, stack(0x000000a179200000,0x000000a179700000)]
  0x0000029e0245a800 JavaThread "Image Animator 0" daemon [_thread_blocked, id=1624, stack(0x000000a17b500000,0x000000a17ba00000)]
  0x0000029e02459000 JavaThread "SyntheticaAnimation 50" daemon [_thread_blocked, id=4744, stack(0x000000a17a600000,0x000000a17ab00000)]
  0x0000029e02458000 JavaThread "Update Runs Swing Worker" [_thread_blocked, id=5760, stack(0x000000a179c00000,0x000000a17a100000)]
  0x0000029e7e70e000 JavaThread "hw_ila_monitor" [_thread_blocked, id=9024, stack(0x000000a176700000,0x000000a176c00000)]
  0x0000029e7e70b800 JavaThread "Refresh Filesets Swing Worker" [_thread_blocked, id=260, stack(0x000000a176c00000,0x000000a177100000)]
  0x0000029e7e709800 JavaThread "SyntheticaAnimation 70" daemon [_thread_blocked, id=11064, stack(0x000000a178d00000,0x000000a179200000)]
  0x0000029e7e708000 JavaThread "SyntheticaAnimation 25" daemon [_thread_blocked, id=9212, stack(0x000000a178300000,0x000000a178800000)]
  0x0000029e7e70a000 JavaThread "SyntheticaAnimation 50" daemon [_thread_blocked, id=1608, stack(0x000000a177e00000,0x000000a178300000)]
  0x0000029e7e707000 JavaThread "Monitor HEventQueue" [_thread_blocked, id=3536, stack(0x000000a177900000,0x000000a177e00000)]
  0x0000029e7e70d000 JavaThread "SyntheticaCleanerThread" daemon [_thread_blocked, id=8656, stack(0x000000a177100000,0x000000a177600000)]
  0x0000029e7e70c800 JavaThread "Batik CleanerThread" daemon [_thread_blocked, id=5224, stack(0x000000a175800000,0x000000a175d00000)]
=>0x0000029e00538800 JavaThread "AWT-EventQueue-1" [_thread_in_native, id=1532, stack(0x000000a176200000,0x000000a176700000)]
  0x0000029e7e041800 JavaThread "Process Messages" [_thread_blocked, id=9536, stack(0x000000a175d00000,0x000000a176200000)]
  0x0000029e7e0ef800 JavaThread "Thread-1" [_thread_in_native, id=3092, stack(0x000000a16f500000,0x000000a170900000)]
  0x0000029e7e4cf000 JavaThread "TimerQueue" daemon [_thread_blocked, id=10524, stack(0x000000a174e00000,0x000000a175300000)]
  0x0000029e7e12a800 JavaThread "AWT-Windows" daemon [_thread_in_native, id=5868, stack(0x000000a174900000,0x000000a174e00000)]
  0x0000029e7e144800 JavaThread "AWT-Shutdown" [_thread_blocked, id=10500, stack(0x000000a174400000,0x000000a174900000)]
  0x0000029e5a9e4000 JavaThread "Java2D Disposer" daemon [_thread_blocked, id=10460, stack(0x000000a173f00000,0x000000a174400000)]
  0x0000029e5e6a6800 JavaThread "Service Thread" daemon [_thread_blocked, id=8724, stack(0x000000a173900000,0x000000a173e00000)]
  0x0000029e5db13000 JavaThread "Common-Cleaner" daemon [_thread_blocked, id=9032, stack(0x000000a173400000,0x000000a173900000)]
  0x0000029e5db12800 JavaThread "Sweeper thread" daemon [_thread_blocked, id=10452, stack(0x000000a172f00000,0x000000a173400000)]
  0x0000029e5b993000 JavaThread "C1 CompilerThread2" daemon [_thread_blocked, id=8956, stack(0x000000a172e00000,0x000000a172f00000)]
  0x0000029e5b992800 JavaThread "C2 CompilerThread1" daemon [_thread_blocked, id=1772, stack(0x000000a172d00000,0x000000a172e00000)]
  0x0000029e5de0b000 JavaThread "C2 CompilerThread0" daemon [_thread_blocked, id=11152, stack(0x000000a172c00000,0x000000a172d00000)]
  0x0000029e5de0a800 JavaThread "Attach Listener" daemon [_thread_blocked, id=1284, stack(0x000000a172700000,0x000000a172c00000)]
  0x0000029e5f0d7000 JavaThread "Signal Dispatcher" daemon [_thread_blocked, id=4052, stack(0x000000a172200000,0x000000a172700000)]
  0x0000029e5f6f8000 JavaThread "Finalizer" daemon [_thread_blocked, id=5580, stack(0x000000a171d00000,0x000000a172200000)]
  0x0000029e5f6f7800 JavaThread "Reference Handler" daemon [_thread_blocked, id=11132, stack(0x000000a171800000,0x000000a171d00000)]
  0x0000029e5f57c000 JavaThread "main" [_thread_blocked, id=748, stack(0x000000a170b00000,0x000000a170c00000)]

Other Threads:
  0x0000029e58e1e800 VMThread "VM Thread" [stack: 0x000000a171700000,0x000000a171800000] [id=248]
  0x0000029e5b79d000 WatcherThread [stack: 0x000000a173e00000,0x000000a173f00000] [id=9828]
  0x0000029e5eac5000 GCTaskThread "GC Thread#0" [stack: 0x000000a170c00000,0x000000a170d00000] [id=8312]
  0x0000029e5f3c5000 GCTaskThread "GC Thread#1" [stack: 0x000000a170d00000,0x000000a170e00000] [id=1848]
  0x0000029e5f3c7800 GCTaskThread "GC Thread#2" [stack: 0x000000a170e00000,0x000000a170f00000] [id=7064]
  0x0000029e5f3c2800 GCTaskThread "GC Thread#3" [stack: 0x000000a170f00000,0x000000a171000000] [id=5636]
  0x0000029e58f30800 ConcurrentGCThread "G1 Main Marker" [stack: 0x000000a171500000,0x000000a171600000] [id=10676]
  0x0000029e5f3c3000 ConcurrentGCThread "G1 Marker#0" [stack: 0x000000a171600000,0x000000a171700000] [id=10172]
  0x0000029e5eae2800 ConcurrentGCThread "G1 Refine#0" [stack: 0x000000a171300000,0x000000a171400000] [id=6484]
  0x0000029e5b798800 ConcurrentGCThread "G1 Refine#1" [stack: 0x000000a171200000,0x000000a171300000] [id=3456]
  0x0000029e5bf57000 ConcurrentGCThread "G1 Refine#2" [stack: 0x000000a171100000,0x000000a171200000] [id=5668]
  0x0000029e5eac5800 ConcurrentGCThread "G1 Refine#3" [stack: 0x000000a171000000,0x000000a171100000] [id=1688]
  0x0000029e5eae3000 ConcurrentGCThread "G1 Young RemSet Sampling" [stack: 0x000000a171400000,0x000000a171500000] [id=7644]

Threads with active compile tasks:

VM state:not at safepoint (normal execution)

VM Mutex/Monitor currently owned by a thread: None

Heap address: 0x0000000700000000, size: 3072 MB, Compressed Oops mode: Zero based, Oop shift amount: 3
Narrow klass base: 0x0000000000000000, Narrow klass shift: 3
Compressed class space size: 1073741824 Address: 0x00000007c0000000

Heap:
 garbage-first heap   total 189440K, used 112799K [0x0000000700000000, 0x00000007001005c8, 0x00000007c0000000)
  region size 1024K, 42 young (43008K), 1 survivors (1024K)
 Metaspace       used 82688K, capacity 88589K, committed 88776K, reserved 1126400K
  class space    used 11097K, capacity 12145K, committed 12232K, reserved 1048576K
Heap Regions: E=young(eden), S=young(survivor), O=old, HS=humongous(starts), HC=humongous(continues), CS=collection set, F=free, A=archive, TS=gc time stamp, AC=allocation context, TAMS=top-at-mark-start (previous, next)
|   0|0x0000000700000000, 0x00000007000fe718, 0x0000000700100000| 99%| O|  |TS  0|AC  0|TAMS 0x0000000700000000, 0x0000000700000000|
|   1|0x0000000700100000, 0x0000000700200000, 0x0000000700200000|100%|HS|  |TS  0|AC  0|TAMS 0x0000000700100000, 0x0000000700100000|
|   2|0x0000000700200000, 0x0000000700300000, 0x0000000700300000|100%|HC|  |TS  0|AC  0|TAMS 0x0000000700200000, 0x0000000700200000|
|   3|0x0000000700300000, 0x0000000700400000, 0x0000000700400000|100%|HS|  |TS  0|AC  0|TAMS 0x0000000700300000, 0x0000000700300000|
|   4|0x0000000700400000, 0x00000007004ffff8, 0x0000000700500000| 99%| O|  |TS  0|AC  0|TAMS 0x0000000700400000, 0x0000000700400000|
|   5|0x0000000700500000, 0x00000007005fffd0, 0x0000000700600000| 99%| O|  |TS  0|AC  0|TAMS 0x0000000700500000, 0x0000000700500000|
|   6|0x0000000700600000, 0x00000007006ffff8, 0x0000000700700000| 99%| O|  |TS  0|AC  0|TAMS 0x0000000700600000, 0x0000000700600000|
|   7|0x0000000700700000, 0x00000007007ffff0, 0x0000000700800000| 99%| O|  |TS  0|AC  0|TAMS 0x0000000700700000, 0x0000000700700000|
|   8|0x0000000700800000, 0x00000007008ffff8, 0x0000000700900000| 99%| O|  |TS  0|AC  0|TAMS 0x0000000700800000, 0x0000000700800000|
|   9|0x0000000700900000, 0x00000007009fff80, 0x0000000700a00000| 99%| O|  |TS  0|AC  0|TAMS 0x0000000700900000, 0x0000000700900000|
|  10|0x0000000700a00000, 0x0000000700ac36f8, 0x0000000700b00000| 76%| O|  |TS  0|AC  0|TAMS 0x0000000700a00000, 0x0000000700a00000|
|  11|0x0000000700b00000, 0x0000000700bffd70, 0x0000000700c00000| 99%| O|  |TS  0|AC  0|TAMS 0x0000000700b00000, 0x0000000700b00000|
|  12|0x0000000700c00000, 0x0000000700cfff48, 0x0000000700d00000| 99%| O|  |TS  0|AC  0|TAMS 0x0000000700c00000, 0x0000000700c00000|
|  13|0x0000000700d00000, 0x0000000700dec598, 0x0000000700e00000| 92%| O|  |TS  0|AC  0|TAMS 0x0000000700d00000, 0x0000000700d00000|
|  14|0x0000000700e00000, 0x0000000700effb18, 0x0000000700f00000| 99%| O|  |TS  0|AC  0|TAMS 0x0000000700e00000, 0x0000000700e00000|
|  15|0x0000000700f00000, 0x0000000700ffffe8, 0x0000000701000000| 99%| O|  |TS  0|AC  0|TAMS 0x0000000700f00000, 0x0000000700f00000|
|  16|0x0000000701000000, 0x00000007010ffff8, 0x0000000701100000| 99%| O|  |TS  0|AC  0|TAMS 0x0000000701000000, 0x0000000701000000|
|  17|0x0000000701100000, 0x00000007011ff3d0, 0x0000000701200000| 99%| O|  |TS  0|AC  0|TAMS 0x0000000701100000, 0x0000000701100000|
|  18|0x0000000701200000, 0x00000007012fffc0, 0x0000000701300000| 99%| O|  |TS  0|AC  0|TAMS 0x0000000701200000, 0x0000000701200000|
|  19|0x0000000701300000, 0x00000007013fffa8, 0x0000000701400000| 99%| O|  |TS  0|AC  0|TAMS 0x0000000701300000, 0x0000000701300000|
|  20|0x0000000701400000, 0x00000007014ffff8, 0x0000000701500000| 99%| O|  |TS  0|AC  0|TAMS 0x0000000701400000, 0x0000000701400000|
|  21|0x0000000701500000, 0x00000007015fffa0, 0x0000000701600000| 99%| O|  |TS  0|AC  0|TAMS 0x0000000701500000, 0x0000000701500000|
|  22|0x0000000701600000, 0x00000007016fffe8, 0x0000000701700000| 99%| O|  |TS  0|AC  0|TAMS 0x0000000701600000, 0x0000000701600000|
|  23|0x0000000701700000, 0x00000007017fffe8, 0x0000000701800000| 99%| O|  |TS  0|AC  0|TAMS 0x0000000701700000, 0x0000000701700000|
|  24|0x0000000701800000, 0x00000007018ffff0, 0x0000000701900000| 99%| O|  |TS  0|AC  0|TAMS 0x0000000701800000, 0x0000000701800000|
|  25|0x0000000701900000, 0x00000007019ffff8, 0x0000000701a00000| 99%| O|  |TS  0|AC  0|TAMS 0x0000000701900000, 0x0000000701900000|
|  26|0x0000000701a00000, 0x0000000701af5ae8, 0x0000000701b00000| 95%| O|  |TS  0|AC  0|TAMS 0x0000000701a00000, 0x0000000701a00000|
|  27|0x0000000701b00000, 0x0000000701bfff88, 0x0000000701c00000| 99%| O|  |TS  0|AC  0|TAMS 0x0000000701b00000, 0x0000000701b00000|
|  28|0x0000000701c00000, 0x0000000701d00000, 0x0000000701d00000|100%| O|  |TS  0|AC  0|TAMS 0x0000000701c00000, 0x0000000701c00000|
|  29|0x0000000701d00000, 0x0000000701dffff0, 0x0000000701e00000| 99%| O|  |TS  0|AC  0|TAMS 0x0000000701d00000, 0x0000000701d00000|
|  30|0x0000000701e00000, 0x0000000701efffe8, 0x0000000701f00000| 99%| O|  |TS  0|AC  0|TAMS 0x0000000701e00000, 0x0000000701e00000|
|  31|0x0000000701f00000, 0x0000000701fea7a8, 0x0000000702000000| 91%| O|  |TS  0|AC  0|TAMS 0x0000000701f00000, 0x0000000701f00000|
|  32|0x0000000702000000, 0x00000007020fffe8, 0x0000000702100000| 99%| O|  |TS  0|AC  0|TAMS 0x0000000702000000, 0x0000000702000000|
|  33|0x0000000702100000, 0x00000007021ffff0, 0x0000000702200000| 99%| O|  |TS  0|AC  0|TAMS 0x0000000702100000, 0x0000000702100000|
|  34|0x0000000702200000, 0x0000000702300000, 0x0000000702300000|100%| O|  |TS  0|AC  0|TAMS 0x0000000702200000, 0x0000000702200000|
|  35|0x0000000702300000, 0x00000007023ffff0, 0x0000000702400000| 99%| O|  |TS  0|AC  0|TAMS 0x0000000702300000, 0x0000000702300000|
|  36|0x0000000702400000, 0x00000007024fffe0, 0x0000000702500000| 99%| O|  |TS  0|AC  0|TAMS 0x0000000702400000, 0x0000000702400000|
|  37|0x0000000702500000, 0x00000007025fffd0, 0x0000000702600000| 99%| O|  |TS  0|AC  0|TAMS 0x0000000702500000, 0x0000000702500000|
|  38|0x0000000702600000, 0x00000007026fffd8, 0x0000000702700000| 99%| O|  |TS  0|AC  0|TAMS 0x0000000702600000, 0x0000000702600000|
|  39|0x0000000702700000, 0x00000007027ffee8, 0x0000000702800000| 99%| O|  |TS  0|AC  0|TAMS 0x0000000702700000, 0x0000000702700000|
|  40|0x0000000702800000, 0x00000007028fa130, 0x0000000702900000| 97%| O|  |TS  0|AC  0|TAMS 0x0000000702800000, 0x0000000702800000|
|  41|0x0000000702900000, 0x00000007029ffff8, 0x0000000702a00000| 99%| O|  |TS  0|AC  0|TAMS 0x0000000702900000, 0x0000000702900000|
|  42|0x0000000702a00000, 0x0000000702afffe8, 0x0000000702b00000| 99%| O|  |TS  0|AC  0|TAMS 0x0000000702a00000, 0x0000000702a00000|
|  43|0x0000000702b00000, 0x0000000702c00000, 0x0000000702c00000|100%|HS|  |TS  0|AC  0|TAMS 0x0000000702b00000, 0x0000000702b00000|
|  44|0x0000000702c00000, 0x0000000702d00000, 0x0000000702d00000|100%|HC|  |TS  0|AC  0|TAMS 0x0000000702c00000, 0x0000000702c00000|
|  45|0x0000000702d00000, 0x0000000702e00000, 0x0000000702e00000|100%|HC|  |TS  0|AC  0|TAMS 0x0000000702d00000, 0x0000000702d00000|
|  46|0x0000000702e00000, 0x0000000702f00000, 0x0000000702f00000|100%|HC|  |TS  0|AC  0|TAMS 0x0000000702e00000, 0x0000000702e00000|
|  47|0x0000000702f00000, 0x0000000703000000, 0x0000000703000000|100%|HC|  |TS  0|AC  0|TAMS 0x0000000702f00000, 0x0000000702f00000|
|  48|0x0000000703000000, 0x0000000703100000, 0x0000000703100000|100%|HC|  |TS  0|AC  0|TAMS 0x0000000703000000, 0x0000000703000000|
|  49|0x0000000703100000, 0x0000000703200000, 0x0000000703200000|100%|HC|  |TS  0|AC  0|TAMS 0x0000000703100000, 0x0000000703100000|
|  50|0x0000000703200000, 0x0000000703300000, 0x0000000703300000|100%|HC|  |TS  0|AC  0|TAMS 0x0000000703200000, 0x0000000703200000|
|  51|0x0000000703300000, 0x00000007033fffe8, 0x0000000703400000| 99%| O|  |TS  0|AC  0|TAMS 0x0000000703300000, 0x0000000703300000|
|  52|0x0000000703400000, 0x00000007034ffeb8, 0x0000000703500000| 99%| O|  |TS  0|AC  0|TAMS 0x0000000703400000, 0x0000000703400000|
|  53|0x0000000703500000, 0x00000007035fe150, 0x0000000703600000| 99%| O|  |TS  0|AC  0|TAMS 0x0000000703500000, 0x0000000703500000|
|  54|0x0000000703600000, 0x00000007036fff20, 0x0000000703700000| 99%| O|  |TS  0|AC  0|TAMS 0x0000000703600000, 0x0000000703600000|
|  55|0x0000000703700000, 0x00000007037fff08, 0x0000000703800000| 99%| O|  |TS  0|AC  0|TAMS 0x0000000703700000, 0x0000000703700000|
|  56|0x0000000703800000, 0x0000000703900000, 0x0000000703900000|100%| O|  |TS  0|AC  0|TAMS 0x0000000703800000, 0x0000000703800000|
|  57|0x0000000703900000, 0x00000007039ffe50, 0x0000000703a00000| 99%| O|  |TS  0|AC  0|TAMS 0x0000000703900000, 0x0000000703900000|
|  58|0x0000000703a00000, 0x0000000703affff8, 0x0000000703b00000| 99%| O|  |TS  0|AC  0|TAMS 0x0000000703a00000, 0x0000000703a00000|
|  59|0x0000000703b00000, 0x0000000703bffff8, 0x0000000703c00000| 99%| O|  |TS  0|AC  0|TAMS 0x0000000703b00000, 0x0000000703b00000|
|  60|0x0000000703c00000, 0x0000000703cffff0, 0x0000000703d00000| 99%| O|  |TS  0|AC  0|TAMS 0x0000000703c00000, 0x0000000703c00000|
|  61|0x0000000703d00000, 0x0000000703dffd88, 0x0000000703e00000| 99%| O|  |TS  0|AC  0|TAMS 0x0000000703d00000, 0x0000000703d00000|
|  62|0x0000000703e00000, 0x0000000703e0ad00, 0x0000000703f00000|  4%| O|  |TS  0|AC  0|TAMS 0x0000000703e00000, 0x0000000703e00000|
|  63|0x0000000703f00000, 0x0000000703f00000, 0x0000000704000000|  0%| F|  |TS  0|AC  0|TAMS 0x0000000703f00000, 0x0000000703f00000|
|  64|0x0000000704000000, 0x0000000704000000, 0x0000000704100000|  0%| F|  |TS  0|AC  0|TAMS 0x0000000704000000, 0x0000000704000000|
|  65|0x0000000704100000, 0x0000000704100000, 0x0000000704200000|  0%| F|  |TS  0|AC  0|TAMS 0x0000000704100000, 0x0000000704100000|
|  66|0x0000000704200000, 0x0000000704300000, 0x0000000704300000|100%|HS|  |TS  0|AC  0|TAMS 0x0000000704200000, 0x0000000704200000|
|  67|0x0000000704300000, 0x0000000704400000, 0x0000000704400000|100%|HC|  |TS  0|AC  0|TAMS 0x0000000704300000, 0x0000000704300000|
|  68|0x0000000704400000, 0x0000000704500000, 0x0000000704500000|100%|HC|  |TS  0|AC  0|TAMS 0x0000000704400000, 0x0000000704400000|
|  69|0x0000000704500000, 0x0000000704600000, 0x0000000704600000|100%|HC|  |TS  0|AC  0|TAMS 0x0000000704500000, 0x0000000704500000|
|  70|0x0000000704600000, 0x0000000704600000, 0x0000000704700000|  0%| F|  |TS  7|AC  0|TAMS 0x0000000704600000, 0x0000000704600000|
|  71|0x0000000704700000, 0x0000000704700000, 0x0000000704800000|  0%| F|  |TS  7|AC  0|TAMS 0x0000000704700000, 0x0000000704700000|
|  72|0x0000000704800000, 0x0000000704800000, 0x0000000704900000|  0%| F|  |TS  7|AC  0|TAMS 0x0000000704800000, 0x0000000704800000|
|  73|0x0000000704900000, 0x0000000704900000, 0x0000000704a00000|  0%| F|  |TS  7|AC  0|TAMS 0x0000000704900000, 0x0000000704900000|
|  74|0x0000000704a00000, 0x0000000704b00000, 0x0000000704b00000|100%|HS|  |TS  0|AC  0|TAMS 0x0000000704a00000, 0x0000000704a00000|
|  75|0x0000000704b00000, 0x0000000704c00000, 0x0000000704c00000|100%|HC|  |TS  0|AC  0|TAMS 0x0000000704b00000, 0x0000000704b00000|
|  76|0x0000000704c00000, 0x0000000704d00000, 0x0000000704d00000|100%|HC|  |TS  0|AC  0|TAMS 0x0000000704c00000, 0x0000000704c00000|
|  77|0x0000000704d00000, 0x0000000704e00000, 0x0000000704e00000|100%|HC|  |TS  0|AC  0|TAMS 0x0000000704d00000, 0x0000000704d00000|
|  78|0x0000000704e00000, 0x0000000704e00000, 0x0000000704f00000|  0%| F|  |TS  0|AC  0|TAMS 0x0000000704e00000, 0x0000000704e00000|
|  79|0x0000000704f00000, 0x0000000704f00000, 0x0000000705000000|  0%| F|  |TS  0|AC  0|TAMS 0x0000000704f00000, 0x0000000704f00000|
|  80|0x0000000705000000, 0x0000000705000000, 0x0000000705100000|  0%| F|  |TS  0|AC  0|TAMS 0x0000000705000000, 0x0000000705000000|
|  81|0x0000000705100000, 0x0000000705100000, 0x0000000705200000|  0%| F|  |TS  0|AC  0|TAMS 0x0000000705100000, 0x0000000705100000|
|  82|0x0000000705200000, 0x0000000705200000, 0x0000000705300000|  0%| F|  |TS  0|AC  0|TAMS 0x0000000705200000, 0x0000000705200000|
|  83|0x0000000705300000, 0x0000000705300000, 0x0000000705400000|  0%| F|  |TS  0|AC  0|TAMS 0x0000000705300000, 0x0000000705300000|
|  84|0x0000000705400000, 0x0000000705400000, 0x0000000705500000|  0%| F|  |TS  0|AC  0|TAMS 0x0000000705400000, 0x0000000705400000|
|  85|0x0000000705500000, 0x0000000705500000, 0x0000000705600000|  0%| F|  |TS  0|AC  0|TAMS 0x0000000705500000, 0x0000000705500000|
|  86|0x0000000705600000, 0x0000000705600000, 0x0000000705700000|  0%| F|  |TS  0|AC  0|TAMS 0x0000000705600000, 0x0000000705600000|
|  87|0x0000000705700000, 0x0000000705700000, 0x0000000705800000|  0%| F|  |TS  0|AC  0|TAMS 0x0000000705700000, 0x0000000705700000|
|  88|0x0000000705800000, 0x0000000705800000, 0x0000000705900000|  0%| F|  |TS  0|AC  0|TAMS 0x0000000705800000, 0x0000000705800000|
|  89|0x0000000705900000, 0x0000000705900000, 0x0000000705a00000|  0%| F|  |TS  0|AC  0|TAMS 0x0000000705900000, 0x0000000705900000|
|  90|0x0000000705a00000, 0x0000000705a00000, 0x0000000705b00000|  0%| F|  |TS  0|AC  0|TAMS 0x0000000705a00000, 0x0000000705a00000|
|  91|0x0000000705b00000, 0x0000000705b00000, 0x0000000705c00000|  0%| F|  |TS  0|AC  0|TAMS 0x0000000705b00000, 0x0000000705b00000|
|  92|0x0000000705c00000, 0x0000000705c00000, 0x0000000705d00000|  0%| F|  |TS  0|AC  0|TAMS 0x0000000705c00000, 0x0000000705c00000|
|  93|0x0000000705d00000, 0x0000000705d00000, 0x0000000705e00000|  0%| F|  |TS  0|AC  0|TAMS 0x0000000705d00000, 0x0000000705d00000|
|  94|0x0000000705e00000, 0x0000000705e00000, 0x0000000705f00000|  0%| F|  |TS  0|AC  0|TAMS 0x0000000705e00000, 0x0000000705e00000|
|  95|0x0000000705f00000, 0x0000000705f00000, 0x0000000706000000|  0%| F|  |TS  0|AC  0|TAMS 0x0000000705f00000, 0x0000000705f00000|
|  96|0x0000000706000000, 0x0000000706000000, 0x0000000706100000|  0%| F|  |TS  0|AC  0|TAMS 0x0000000706000000, 0x0000000706000000|
|  97|0x0000000706100000, 0x0000000706100000, 0x0000000706200000|  0%| F|  |TS  0|AC  0|TAMS 0x0000000706100000, 0x0000000706100000|
|  98|0x0000000706200000, 0x0000000706200000, 0x0000000706300000|  0%| F|  |TS  0|AC  0|TAMS 0x0000000706200000, 0x0000000706200000|
|  99|0x0000000706300000, 0x0000000706300000, 0x0000000706400000|  0%| F|  |TS  0|AC  0|TAMS 0x0000000706300000, 0x0000000706300000|
| 100|0x0000000706400000, 0x0000000706400000, 0x0000000706500000|  0%| F|  |TS  0|AC  0|TAMS 0x0000000706400000, 0x0000000706400000|
| 101|0x0000000706500000, 0x0000000706500000, 0x0000000706600000|  0%| F|  |TS  0|AC  0|TAMS 0x0000000706500000, 0x0000000706500000|
| 102|0x0000000706600000, 0x0000000706600000, 0x0000000706700000|  0%| F|  |TS  0|AC  0|TAMS 0x0000000706600000, 0x0000000706600000|
| 103|0x0000000706700000, 0x0000000706700000, 0x0000000706800000|  0%| F|  |TS  0|AC  0|TAMS 0x0000000706700000, 0x0000000706700000|
| 104|0x0000000706800000, 0x0000000706800000, 0x0000000706900000|  0%| F|  |TS  0|AC  0|TAMS 0x0000000706800000, 0x0000000706800000|
| 105|0x0000000706900000, 0x0000000706900000, 0x0000000706a00000|  0%| F|  |TS  0|AC  0|TAMS 0x0000000706900000, 0x0000000706900000|
| 106|0x0000000706a00000, 0x0000000706a00000, 0x0000000706b00000|  0%| F|  |TS  0|AC  0|TAMS 0x0000000706a00000, 0x0000000706a00000|
| 107|0x0000000706b00000, 0x0000000706b00000, 0x0000000706c00000|  0%| F|  |TS  0|AC  0|TAMS 0x0000000706b00000, 0x0000000706b00000|
| 108|0x0000000706c00000, 0x0000000706c00000, 0x0000000706d00000|  0%| F|  |TS  0|AC  0|TAMS 0x0000000706c00000, 0x0000000706c00000|
| 109|0x0000000706d00000, 0x0000000706d00000, 0x0000000706e00000|  0%| F|  |TS  0|AC  0|TAMS 0x0000000706d00000, 0x0000000706d00000|
| 110|0x0000000706e00000, 0x0000000706e00000, 0x0000000706f00000|  0%| F|  |TS  0|AC  0|TAMS 0x0000000706e00000, 0x0000000706e00000|
| 111|0x0000000706f00000, 0x0000000706f00000, 0x0000000707000000|  0%| F|  |TS  0|AC  0|TAMS 0x0000000706f00000, 0x0000000706f00000|
| 112|0x0000000707000000, 0x0000000707000000, 0x0000000707100000|  0%| F|  |TS  0|AC  0|TAMS 0x0000000707000000, 0x0000000707000000|
| 113|0x0000000707100000, 0x0000000707100000, 0x0000000707200000|  0%| F|  |TS  0|AC  0|TAMS 0x0000000707100000, 0x0000000707100000|
| 114|0x0000000707200000, 0x0000000707200000, 0x0000000707300000|  0%| F|  |TS  0|AC  0|TAMS 0x0000000707200000, 0x0000000707200000|
| 115|0x0000000707300000, 0x0000000707300000, 0x0000000707400000|  0%| F|  |TS  0|AC  0|TAMS 0x0000000707300000, 0x0000000707300000|
| 116|0x0000000707400000, 0x0000000707400000, 0x0000000707500000|  0%| F|  |TS  0|AC  0|TAMS 0x0000000707400000, 0x0000000707400000|
| 117|0x0000000707500000, 0x0000000707500000, 0x0000000707600000|  0%| F|  |TS  0|AC  0|TAMS 0x0000000707500000, 0x0000000707500000|
| 118|0x0000000707600000, 0x0000000707600000, 0x0000000707700000|  0%| F|  |TS  0|AC  0|TAMS 0x0000000707600000, 0x0000000707600000|
| 119|0x0000000707700000, 0x0000000707700000, 0x0000000707800000|  0%| F|  |TS  0|AC  0|TAMS 0x0000000707700000, 0x0000000707700000|
| 120|0x0000000707800000, 0x0000000707800000, 0x0000000707900000|  0%| F|  |TS  0|AC  0|TAMS 0x0000000707800000, 0x0000000707800000|
| 121|0x0000000707900000, 0x0000000707900000, 0x0000000707a00000|  0%| F|  |TS  0|AC  0|TAMS 0x0000000707900000, 0x0000000707900000|
| 122|0x0000000707a00000, 0x0000000707a00000, 0x0000000707b00000|  0%| F|  |TS  0|AC  0|TAMS 0x0000000707a00000, 0x0000000707a00000|
| 123|0x0000000707b00000, 0x0000000707b00000, 0x0000000707c00000|  0%| F|  |TS  0|AC  0|TAMS 0x0000000707b00000, 0x0000000707b00000|
| 124|0x0000000707c00000, 0x0000000707c00000, 0x0000000707d00000|  0%| F|  |TS 11|AC  0|TAMS 0x0000000707c00000, 0x0000000707c00000|
| 125|0x0000000707d00000, 0x0000000707d98810, 0x0000000707e00000| 59%| S|CS|TS 11|AC  0|TAMS 0x0000000707d00000, 0x0000000707d00000|
| 126|0x0000000707e00000, 0x0000000707e00000, 0x0000000707f00000|  0%| F|  |TS 11|AC  0|TAMS 0x0000000707e00000, 0x0000000707e00000|
| 127|0x0000000707f00000, 0x0000000707f00000, 0x0000000708000000|  0%| F|  |TS 11|AC  0|TAMS 0x0000000707f00000, 0x0000000707f00000|
| 128|0x0000000708000000, 0x0000000708000000, 0x0000000708100000|  0%| F|  |TS 11|AC  0|TAMS 0x0000000708000000, 0x0000000708000000|
| 129|0x0000000708100000, 0x0000000708100000, 0x0000000708200000|  0%| F|  |TS 11|AC  0|TAMS 0x0000000708100000, 0x0000000708100000|
| 130|0x0000000708200000, 0x0000000708200000, 0x0000000708300000|  0%| F|  |TS 11|AC  0|TAMS 0x0000000708200000, 0x0000000708200000|
| 131|0x0000000708300000, 0x0000000708300000, 0x0000000708400000|  0%| F|  |TS 11|AC  0|TAMS 0x0000000708300000, 0x0000000708300000|
| 132|0x0000000708400000, 0x0000000708400000, 0x0000000708500000|  0%| F|  |TS 11|AC  0|TAMS 0x0000000708400000, 0x0000000708400000|
| 133|0x0000000708500000, 0x0000000708500000, 0x0000000708600000|  0%| F|  |TS 11|AC  0|TAMS 0x0000000708500000, 0x0000000708500000|
| 134|0x0000000708600000, 0x0000000708600000, 0x0000000708700000|  0%| F|  |TS 11|AC  0|TAMS 0x0000000708600000, 0x0000000708600000|
| 135|0x0000000708700000, 0x0000000708700000, 0x0000000708800000|  0%| F|  |TS 11|AC  0|TAMS 0x0000000708700000, 0x0000000708700000|
| 136|0x0000000708800000, 0x0000000708800000, 0x0000000708900000|  0%| F|  |TS 11|AC  0|TAMS 0x0000000708800000, 0x0000000708800000|
| 137|0x0000000708900000, 0x0000000708900000, 0x0000000708a00000|  0%| F|  |TS 11|AC  0|TAMS 0x0000000708900000, 0x0000000708900000|
| 138|0x0000000708a00000, 0x0000000708a00000, 0x0000000708b00000|  0%| F|  |TS 11|AC  0|TAMS 0x0000000708a00000, 0x0000000708a00000|
| 139|0x0000000708b00000, 0x0000000708b00000, 0x0000000708c00000|  0%| F|  |TS 11|AC  0|TAMS 0x0000000708b00000, 0x0000000708b00000|
| 140|0x0000000708c00000, 0x0000000708c00000, 0x0000000708d00000|  0%| F|  |TS 11|AC  0|TAMS 0x0000000708c00000, 0x0000000708c00000|
| 141|0x0000000708d00000, 0x0000000708d00000, 0x0000000708e00000|  0%| F|  |TS 11|AC  0|TAMS 0x0000000708d00000, 0x0000000708d00000|
| 142|0x0000000708e00000, 0x0000000708e00000, 0x0000000708f00000|  0%| F|  |TS 11|AC  0|TAMS 0x0000000708e00000, 0x0000000708e00000|
| 143|0x0000000708f00000, 0x0000000708f00000, 0x0000000709000000|  0%| F|  |TS 11|AC  0|TAMS 0x0000000708f00000, 0x0000000708f00000|
| 144|0x0000000709000000, 0x000000070901e5d8, 0x0000000709100000| 11%| E|  |TS 11|AC  0|TAMS 0x0000000709000000, 0x0000000709000000|
| 145|0x0000000709100000, 0x0000000709200000, 0x0000000709200000|100%| E|CS|TS 11|AC  0|TAMS 0x0000000709100000, 0x0000000709100000|
| 146|0x0000000709200000, 0x0000000709300000, 0x0000000709300000|100%| E|CS|TS 11|AC  0|TAMS 0x0000000709200000, 0x0000000709200000|
| 147|0x0000000709300000, 0x0000000709400000, 0x0000000709400000|100%| E|CS|TS 11|AC  0|TAMS 0x0000000709300000, 0x0000000709300000|
| 148|0x0000000709400000, 0x0000000709500000, 0x0000000709500000|100%| E|CS|TS 11|AC  0|TAMS 0x0000000709400000, 0x0000000709400000|
| 149|0x0000000709500000, 0x0000000709600000, 0x0000000709600000|100%| E|CS|TS 11|AC  0|TAMS 0x0000000709500000, 0x0000000709500000|
| 150|0x0000000709600000, 0x0000000709700000, 0x0000000709700000|100%| E|CS|TS 11|AC  0|TAMS 0x0000000709600000, 0x0000000709600000|
| 151|0x0000000709700000, 0x0000000709800000, 0x0000000709800000|100%| E|CS|TS 11|AC  0|TAMS 0x0000000709700000, 0x0000000709700000|
| 152|0x0000000709800000, 0x0000000709900000, 0x0000000709900000|100%| E|CS|TS 11|AC  0|TAMS 0x0000000709800000, 0x0000000709800000|
| 153|0x0000000709900000, 0x0000000709a00000, 0x0000000709a00000|100%| E|CS|TS 11|AC  0|TAMS 0x0000000709900000, 0x0000000709900000|
| 154|0x0000000709a00000, 0x0000000709b00000, 0x0000000709b00000|100%| E|CS|TS 11|AC  0|TAMS 0x0000000709a00000, 0x0000000709a00000|
| 155|0x0000000709b00000, 0x0000000709c00000, 0x0000000709c00000|100%| E|CS|TS 11|AC  0|TAMS 0x0000000709b00000, 0x0000000709b00000|
| 156|0x0000000709c00000, 0x0000000709d00000, 0x0000000709d00000|100%| E|CS|TS 11|AC  0|TAMS 0x0000000709c00000, 0x0000000709c00000|
| 157|0x0000000709d00000, 0x0000000709e00000, 0x0000000709e00000|100%| E|CS|TS 11|AC  0|TAMS 0x0000000709d00000, 0x0000000709d00000|
| 158|0x0000000709e00000, 0x0000000709f00000, 0x0000000709f00000|100%| E|CS|TS 11|AC  0|TAMS 0x0000000709e00000, 0x0000000709e00000|
| 159|0x0000000709f00000, 0x000000070a000000, 0x000000070a000000|100%| E|CS|TS 11|AC  0|TAMS 0x0000000709f00000, 0x0000000709f00000|
| 160|0x000000070a000000, 0x000000070a100000, 0x000000070a100000|100%| E|CS|TS 11|AC  0|TAMS 0x000000070a000000, 0x000000070a000000|
| 161|0x000000070a100000, 0x000000070a200000, 0x000000070a200000|100%| E|CS|TS 11|AC  0|TAMS 0x000000070a100000, 0x000000070a100000|
| 162|0x000000070a200000, 0x000000070a300000, 0x000000070a300000|100%| E|CS|TS 11|AC  0|TAMS 0x000000070a200000, 0x000000070a200000|
| 163|0x000000070a300000, 0x000000070a400000, 0x000000070a400000|100%| E|CS|TS 11|AC  0|TAMS 0x000000070a300000, 0x000000070a300000|
| 164|0x000000070a400000, 0x000000070a500000, 0x000000070a500000|100%| E|CS|TS 11|AC  0|TAMS 0x000000070a400000, 0x000000070a400000|
| 165|0x000000070a500000, 0x000000070a600000, 0x000000070a600000|100%| E|CS|TS 11|AC  0|TAMS 0x000000070a500000, 0x000000070a500000|
| 166|0x000000070a600000, 0x000000070a700000, 0x000000070a700000|100%| E|CS|TS 11|AC  0|TAMS 0x000000070a600000, 0x000000070a600000|
| 167|0x000000070a700000, 0x000000070a800000, 0x000000070a800000|100%| E|CS|TS 11|AC  0|TAMS 0x000000070a700000, 0x000000070a700000|
| 168|0x000000070a800000, 0x000000070a900000, 0x000000070a900000|100%| E|CS|TS 11|AC  0|TAMS 0x000000070a800000, 0x000000070a800000|
| 169|0x000000070a900000, 0x000000070aa00000, 0x000000070aa00000|100%| E|CS|TS 11|AC  0|TAMS 0x000000070a900000, 0x000000070a900000|
| 170|0x000000070aa00000, 0x000000070ab00000, 0x000000070ab00000|100%| E|CS|TS 11|AC  0|TAMS 0x000000070aa00000, 0x000000070aa00000|
| 171|0x000000070ab00000, 0x000000070ac00000, 0x000000070ac00000|100%| E|CS|TS 11|AC  0|TAMS 0x000000070ab00000, 0x000000070ab00000|
| 172|0x000000070ac00000, 0x000000070ad00000, 0x000000070ad00000|100%| E|CS|TS 11|AC  0|TAMS 0x000000070ac00000, 0x000000070ac00000|
| 173|0x000000070ad00000, 0x000000070ae00000, 0x000000070ae00000|100%| E|CS|TS 11|AC  0|TAMS 0x000000070ad00000, 0x000000070ad00000|
| 174|0x000000070ae00000, 0x000000070af00000, 0x000000070af00000|100%| E|CS|TS 11|AC  0|TAMS 0x000000070ae00000, 0x000000070ae00000|
| 175|0x000000070af00000, 0x000000070b000000, 0x000000070b000000|100%| E|CS|TS 11|AC  0|TAMS 0x000000070af00000, 0x000000070af00000|
| 176|0x000000070b000000, 0x000000070b100000, 0x000000070b100000|100%| E|CS|TS 11|AC  0|TAMS 0x000000070b000000, 0x000000070b000000|
| 177|0x000000070b100000, 0x000000070b200000, 0x000000070b200000|100%| E|CS|TS 11|AC  0|TAMS 0x000000070b100000, 0x000000070b100000|
| 178|0x000000070b200000, 0x000000070b300000, 0x000000070b300000|100%| E|CS|TS 11|AC  0|TAMS 0x000000070b200000, 0x000000070b200000|
| 179|0x000000070b300000, 0x000000070b400000, 0x000000070b400000|100%| E|CS|TS 11|AC  0|TAMS 0x000000070b300000, 0x000000070b300000|
| 180|0x000000070b400000, 0x000000070b500000, 0x000000070b500000|100%| E|CS|TS 11|AC  0|TAMS 0x000000070b400000, 0x000000070b400000|
| 181|0x000000070b500000, 0x000000070b600000, 0x000000070b600000|100%| E|CS|TS 11|AC  0|TAMS 0x000000070b500000, 0x000000070b500000|
| 182|0x000000070b600000, 0x000000070b700000, 0x000000070b700000|100%| E|CS|TS 11|AC  0|TAMS 0x000000070b600000, 0x000000070b600000|
| 183|0x000000070b700000, 0x000000070b800000, 0x000000070b800000|100%| E|CS|TS 11|AC  0|TAMS 0x000000070b700000, 0x000000070b700000|
| 184|0x000000070b800000, 0x000000070b900000, 0x000000070b900000|100%| E|CS|TS 11|AC  0|TAMS 0x000000070b800000, 0x000000070b800000|

Card table byte_map: [0x0000029e5cb60000,0x0000029e5d160000] byte_map_base: 0x0000029e59360000

Marking Bits (Prev, Next): (CMBitMap*) 0x0000029e58f30090, (CMBitMap*) 0x0000029e58f300c8
 Prev Bits: [0x0000029e75400000, 0x0000029e78400000)
 Next Bits: [0x0000029e78400000, 0x0000029e7b400000)

Polling page: 0x0000029e52820000

CodeHeap 'non-profiled nmethods': size=120064Kb used=19490Kb max_used=19490Kb free=100574Kb
 bounds [0x0000029e6dec0000, 0x0000029e6f1d0000, 0x0000029e75400000]
CodeHeap 'profiled nmethods': size=120000Kb used=39737Kb max_used=40398Kb free=80262Kb
 bounds [0x0000029e66990000, 0x0000029e69150000, 0x0000029e6dec0000]
CodeHeap 'non-nmethods': size=5696Kb used=1755Kb max_used=1803Kb free=3940Kb
 bounds [0x0000029e66400000, 0x0000029e66670000, 0x0000029e66990000]
 total_blobs=31063 nmethods=16823 adapters=1072
 compilation: enabled

Compilation events (10 events):
Event: 1035.664 Thread 0x0000029e5b993000 nmethod 22009 0x0000029e6f1ca010 code [0x0000029e6f1ca1c0, 0x0000029e6f1ca2d8]
Event: 1036.674 Thread 0x0000029e5b993000 22010       1       ui.views.S.Q::a (1 bytes)
Event: 1036.674 Thread 0x0000029e5b993000 nmethod 22010 0x0000029e6f1ca390 code [0x0000029e6f1ca540, 0x0000029e6f1ca658]
Event: 1037.347 Thread 0x0000029e5b993000 22011       1       java.util.BitSet::wordIndex (5 bytes)
Event: 1037.347 Thread 0x0000029e5b993000 nmethod 22011 0x0000029e6f1ca710 code [0x0000029e6f1ca8a0, 0x0000029e6f1ca998]
Event: 1037.349 Thread 0x0000029e5de0b000 22012       4       ui.views.S.u::fbZ (69 bytes)
Event: 1037.349 Thread 0x0000029e5b993000 22013       1       javax.swing.plaf.basic.BasicSplitPaneUI$BasicHorizontalLayoutManager::invalidateLayout (1 bytes)
Event: 1037.349 Thread 0x0000029e5b993000 nmethod 22013 0x0000029e6f1caa10 code [0x0000029e6f1cabc0, 0x0000029e6f1cacd8]
Event: 1037.350 Thread 0x0000029e5b993000 22014       3       ui.b.o.au::a (17 bytes)
Event: 1037.350 Thread 0x0000029e5b993000 nmethod 22014 0x0000029e67af0990 code [0x0000029e67af0b60, 0x0000029e67af0d60]

GC Heap History (10 events):
Event: 988.642 GC heap before
{Heap before GC invocations=255 (full 92):
 garbage-first heap   total 189440K, used 131858K [0x0000000700000000, 0x00000007001005c8, 0x00000007c0000000)
  region size 1024K, 60 young (61440K), 1 survivors (1024K)
 Metaspace       used 82651K, capacity 88557K, committed 88776K, reserved 1126400K
  class space    used 11095K, capacity 12113K, committed 12232K, reserved 1048576K
}
Event: 988.645 GC heap after
{Heap after GC invocations=256 (full 92):
 garbage-first heap   total 189440K, used 71664K [0x0000000700000000, 0x00000007001005c8, 0x00000007c0000000)
  region size 1024K, 1 young (1024K), 1 survivors (1024K)
 Metaspace       used 82651K, capacity 88557K, committed 88776K, reserved 1126400K
  class space    used 11095K, capacity 12113K, committed 12232K, reserved 1048576K
}
Event: 1002.331 GC heap before
{Heap before GC invocations=256 (full 92):
 garbage-first heap   total 189440K, used 136176K [0x0000000700000000, 0x00000007001005c8, 0x00000007c0000000)
  region size 1024K, 60 young (61440K), 1 survivors (1024K)
 Metaspace       used 82653K, capacity 88557K, committed 88776K, reserved 1126400K
  class space    used 11095K, capacity 12113K, committed 12232K, reserved 1048576K
}
Event: 1002.336 GC heap after
{Heap after GC invocations=257 (full 92):
 garbage-first heap   total 189440K, used 75828K [0x0000000700000000, 0x00000007001005c8, 0x00000007c0000000)
  region size 1024K, 1 young (1024K), 1 survivors (1024K)
 Metaspace       used 82653K, capacity 88557K, committed 88776K, reserved 1126400K
  class space    used 11095K, capacity 12113K, committed 12232K, reserved 1048576K
}
Event: 1002.770 GC heap before
{Heap before GC invocations=257 (full 92):
 garbage-first heap   total 189440K, used 136244K [0x0000000700000000, 0x00000007001005c8, 0x00000007c0000000)
  region size 1024K, 60 young (61440K), 1 survivors (1024K)
 Metaspace       used 82660K, capacity 88589K, committed 88776K, reserved 1126400K
  class space    used 11097K, capacity 12145K, committed 12232K, reserved 1048576K
}
Event: 1002.772 GC heap after
{Heap after GC invocations=258 (full 92):
 garbage-first heap   total 189440K, used 71665K [0x0000000700000000, 0x00000007001005c8, 0x00000007c0000000)
  region size 1024K, 1 young (1024K), 1 survivors (1024K)
 Metaspace       used 82660K, capacity 88589K, committed 88776K, reserved 1126400K
  class space    used 11097K, capacity 12145K, committed 12232K, reserved 1048576K
}
Event: 1029.299 GC heap before
{Heap before GC invocations=258 (full 92):
 garbage-first heap   total 189440K, used 132081K [0x0000000700000000, 0x00000007001005c8, 0x00000007c0000000)
  region size 1024K, 60 young (61440K), 1 survivors (1024K)
 Metaspace       used 82663K, capacity 88589K, committed 88776K, reserved 1126400K
  class space    used 11097K, capacity 12145K, committed 12232K, reserved 1048576K
}
Event: 1029.301 GC heap after
{Heap after GC invocations=259 (full 92):
 garbage-first heap   total 189440K, used 71692K [0x0000000700000000, 0x00000007001005c8, 0x00000007c0000000)
  region size 1024K, 1 young (1024K), 1 survivors (1024K)
 Metaspace       used 82663K, capacity 88589K, committed 88776K, reserved 1126400K
  class space    used 11097K, capacity 12145K, committed 12232K, reserved 1048576K
}
Event: 1030.770 GC heap before
{Heap before GC invocations=259 (full 92):
 garbage-first heap   total 189440K, used 132108K [0x0000000700000000, 0x00000007001005c8, 0x00000007c0000000)
  region size 1024K, 60 young (61440K), 1 survivors (1024K)
 Metaspace       used 82672K, capacity 88589K, committed 88776K, reserved 1126400K
  class space    used 11097K, capacity 12145K, committed 12232K, reserved 1048576K
}
Event: 1030.772 GC heap after
{Heap after GC invocations=260 (full 92):
 garbage-first heap   total 189440K, used 71839K [0x0000000700000000, 0x00000007001005c8, 0x00000007c0000000)
  region size 1024K, 1 young (1024K), 1 survivors (1024K)
 Metaspace       used 82672K, capacity 88589K, committed 88776K, reserved 1126400K
  class space    used 11097K, capacity 12145K, committed 12232K, reserved 1048576K
}

Deoptimization events (10 events):
Event: 842.635 Thread 0x0000029e00538800 Uncommon trap: reason=unstable_if action=reinterpret pc=0x0000029e6eafdd18 method=com.jidesoft.plaf.basic.BasicStyledLabelUI.buildStyledText(Lcom/jidesoft/swing/StyledLabel;)V @ 189 c2
Event: 842.646 Thread 0x0000029e00538800 Uncommon trap: reason=class_check action=maybe_recompile pc=0x0000029e6e01c6b4 method=java.util.HashMap.removeNode(ILjava/lang/Object;Ljava/lang/Object;ZZ)Ljava/util/HashMap$Node; @ 143 c2
Event: 842.781 Thread 0x0000029e00538800 Uncommon trap: reason=unstable_if action=reinterpret pc=0x0000029e6e8b3fdc method=javax.swing.JComponent.processKeyBinding(Ljavax/swing/KeyStroke;Ljava/awt/event/KeyEvent;IZ)Z @ 42 c2
Event: 842.817 Thread 0x0000029e00538800 Uncommon trap: reason=unstable_if action=reinterpret pc=0x0000029e6e8a6484 method=javax.swing.JMenuBar.processBindingForKeyStrokeRecursive(Ljavax/swing/MenuElement;Ljavax/swing/KeyStroke;Ljava/awt/event/KeyEvent;IZ)Z @ 66 c2
Event: 842.817 Thread 0x0000029e00538800 Uncommon trap: reason=unstable_if action=reinterpret pc=0x0000029e6e8a6334 method=javax.swing.JMenuBar.processBindingForKeyStrokeRecursive(Ljavax/swing/MenuElement;Ljavax/swing/KeyStroke;Ljava/awt/event/KeyEvent;IZ)Z @ 115 c2
Event: 842.817 Thread 0x0000029e00538800 Uncommon trap: reason=unstable_if action=reinterpret pc=0x0000029e6e8a6334 method=javax.swing.JMenuBar.processBindingForKeyStrokeRecursive(Ljavax/swing/MenuElement;Ljavax/swing/KeyStroke;Ljava/awt/event/KeyEvent;IZ)Z @ 115 c2
Event: 947.134 Thread 0x0000029e00538800 Uncommon trap: reason=unstable_if action=reinterpret pc=0x0000029e6f142dac method=com.jidesoft.docking.DockingUtils.g(Ljava/awt/Component;)Ljava/awt/Component; @ 22 c2
Event: 947.134 Thread 0x0000029e00538800 Uncommon trap: reason=unstable_if action=reinterpret pc=0x0000029e6eeaee34 method=com.jidesoft.docking.DefaultDockingManager.handleEvent(Ljava/awt/AWTEvent;)Z @ 34 c2
Event: 947.135 Thread 0x0000029e00538800 Uncommon trap: reason=unstable_if action=reinterpret pc=0x0000029e6e6eeff0 method=com.jidesoft.docking.DockingUtils.g(Ljava/awt/Component;)Ljava/awt/Component; @ 22 c2
Event: 1002.512 Thread 0x0000029e00538800 Uncommon trap: reason=unstable_if action=reinterpret pc=0x0000029e6efcf3f0 method=java.awt.Component.getLocationOnScreen_NoTreeLock()Ljava/awt/Point; @ 11 c2

Classes redefined (0 events):
No events

Internal exceptions (10 events):
Event: 103.500 Thread 0x0000029e00538800 Exception <a 'java/lang/NoSuchMethodError'{0x00000007081af9f8}: java.lang.invoke.DelegatingMethodHandle$Holder.reinvoke_L(Ljava/lang/Object;IILjava/lang/Object;IIILjava/lang/Object;Ljava/lang/Object;II)Ljava/lang/Object;> (0x00000007081af9f8) thrown at [t
Event: 103.503 Thread 0x0000029e00538800 Exception <a 'java/lang/NoSuchMethodError'{0x000000070800a7f0}: method resolution failed> (0x000000070800a7f0) thrown at [t:/workspace/hotspot/src/share/vm/prims/methodHandles.cpp, line 1256]
Event: 103.504 Thread 0x0000029e00538800 Exception <a 'java/lang/NoSuchMethodError'{0x000000070800e588}: java.lang.invoke.DelegatingMethodHandle$Holder.reinvoke_L(Ljava/lang/Object;Ljava/lang/Object;IIILjava/lang/Object;Ljava/lang/Object;II)Ljava/lang/Object;> (0x000000070800e588) thrown at [t:/
Event: 113.562 Thread 0x0000029e00538800 Exception <a 'java/lang/NoSuchMethodError'{0x000000070907a698}: java.lang.invoke.DirectMethodHandle$Holder.invokeSpecial(Ljava/lang/Object;Ljava/lang/Object;IILjava/lang/Object;Ljava/lang/Object;Ljava/lang/Object;ILjava/lang/Object;)Ljava/lang/Object;> (0
Event: 113.562 Thread 0x0000029e00538800 Exception <a 'java/lang/NoSuchMethodError'{0x000000070907e108}: java.lang.invoke.DelegatingMethodHandle$Holder.reinvoke_L(Ljava/lang/Object;IILjava/lang/Object;Ljava/lang/Object;Ljava/lang/Object;ILjava/lang/Object;)Ljava/lang/Object;> (0x000000070907e108
Event: 113.564 Thread 0x0000029e00538800 Exception <a 'java/lang/NoSuchMethodError'{0x00000007090d60b8}: method resolution failed> (0x00000007090d60b8) thrown at [t:/workspace/hotspot/src/share/vm/prims/methodHandles.cpp, line 1256]
Event: 113.564 Thread 0x0000029e00538800 Exception <a 'java/lang/NoSuchMethodError'{0x00000007090d9d98}: java.lang.invoke.DelegatingMethodHandle$Holder.reinvoke_L(Ljava/lang/Object;Ljava/lang/Object;Ljava/lang/Object;Ljava/lang/Object;ILjava/lang/Object;)Ljava/lang/Object;> (0x00000007090d9d98) 
Event: 165.443 Thread 0x0000029e00538800 Implicit null exception at 0x0000029e6e33672b to 0x0000029e6e336ce1
Event: 224.807 Thread 0x0000029e0245c000 Exception <a 'java/lang/InterruptedException'{0x000000070a3be108}: sleep interrupted> (0x000000070a3be108) thrown at [t:/workspace/hotspot/src/share/vm/prims/jvm.cpp, line 3023]
Event: 1002.513 Thread 0x0000029e00538800 Exception <a 'java/awt/IllegalComponentStateException'{0x000000070876e220}> (0x000000070876e220) thrown at [t:/workspace/hotspot/src/share/vm/prims/jvm.cpp, line 1314]

Events (10 events):
Event: 1034.658 Thread 0x0000029e0245c800 Thread added: 0x0000029e0245c800
Event: 1034.662 Thread 0x0000029e0245c800 Thread exited: 0x0000029e0245c800
Event: 1035.660 Thread 0x0000029e0245e000 Thread added: 0x0000029e0245e000
Event: 1035.663 Thread 0x0000029e0245e000 Thread exited: 0x0000029e0245e000
Event: 1036.004 Thread 0x0000029e0245e000 Thread added: 0x0000029e0245e000
Event: 1036.007 Executing VM operation: RevokeBias
Event: 1036.008 Executing VM operation: RevokeBias done
Event: 1036.008 Thread 0x0000029e0245e000 Thread exited: 0x0000029e0245e000
Event: 1036.660 Thread 0x0000029e0245c800 Thread added: 0x0000029e0245c800
Event: 1036.670 Thread 0x0000029e0245c800 Thread exited: 0x0000029e0245c800


Dynamic libraries:
0x00007ff7a2eb0000 - 0x00007ff7a2ee0000 	C:\Xilinx\Vivado\2019.1\bin\unwrapped\win64.o\vivado.exe
0x00007ffd72bd0000 - 0x00007ffd72dc5000 	C:\WINDOWS\SYSTEM32\ntdll.dll
0x00007ffd71b00000 - 0x00007ffd71bbe000 	C:\WINDOWS\System32\KERNEL32.DLL
0x00007ffd70380000 - 0x00007ffd70648000 	C:\WINDOWS\System32\KERNELBASE.dll
0x00007ffd70650000 - 0x00007ffd70750000 	C:\WINDOWS\System32\ucrtbase.dll
0x00007ffd2d4c0000 - 0x00007ffd2d55d000 	C:\WINDOWS\SYSTEM32\MSVCP140.dll
0x00007ffd30560000 - 0x00007ffd30577000 	C:\WINDOWS\SYSTEM32\VCRUNTIME140.dll
0x00007ffd30540000 - 0x00007ffd30554000 	C:\Xilinx\Vivado\2019.1\lib\win64.o\librdi_commonmain.dll
0x00007ffd30520000 - 0x00007ffd30534000 	C:\Xilinx\Vivado\2019.1\lib\win64.o\libboost_signals.dll
0x00007ffd61970000 - 0x00007ffd6197a000 	C:\Xilinx\Vivado\2019.1\lib\win64.o\librdi_commonversion.dll
0x00007ffd2f8d0000 - 0x00007ffd2f8f6000 	C:\Xilinx\Vivado\2019.1\lib\win64.o\libboost_filesystem.dll
0x00007ffd70c50000 - 0x00007ffd70cfc000 	C:\WINDOWS\System32\ADVAPI32.dll
0x00007ffd710d0000 - 0x00007ffd7116e000 	C:\WINDOWS\System32\msvcrt.dll
0x00007ffd71030000 - 0x00007ffd710cb000 	C:\WINDOWS\System32\sechost.dll
0x00007ffd72a60000 - 0x00007ffd72b8a000 	C:\WINDOWS\System32\RPCRT4.dll
0x00007ffd2a140000 - 0x00007ffd2a261000 	C:\Xilinx\Vivado\2019.1\lib\win64.o\librdi_commonxillic.dll
0x00007ffd72740000 - 0x00007ffd728e1000 	C:\WINDOWS\System32\USER32.dll
0x00007ffd70350000 - 0x00007ffd70372000 	C:\WINDOWS\System32\win32u.dll
0x00007ffd70d60000 - 0x00007ffd70d8b000 	C:\WINDOWS\System32\GDI32.dll
0x00007ffd708e0000 - 0x00007ffd709eb000 	C:\WINDOWS\System32\gdi32full.dll
0x00007ffd709f0000 - 0x00007ffd70a8d000 	C:\WINDOWS\System32\msvcp_win.dll
0x0000000054e50000 - 0x0000000054f7b000 	C:\Xilinx\Vivado\2019.1\lib\win64.o\tcl85t.dll
0x00007ffd72600000 - 0x00007ffd7266b000 	C:\WINDOWS\System32\WS2_32.dll
0x00007ffd5f060000 - 0x00007ffd5f06b000 	C:\Xilinx\Vivado\2019.1\lib\win64.o\libboost_system.dll
0x00007ffd27530000 - 0x00007ffd27808000 	C:\Xilinx\Vivado\2019.1\lib\win64.o\libXil_lmgr11.dll
0x00007ffd70f50000 - 0x00007ffd7102a000 	C:\WINDOWS\System32\COMDLG32.dll
0x00007ffd71d70000 - 0x00007ffd720c5000 	C:\WINDOWS\System32\combase.dll
0x00007ffd72550000 - 0x00007ffd725fd000 	C:\WINDOWS\System32\shcore.dll
0x00007ffd728f0000 - 0x00007ffd72945000 	C:\WINDOWS\System32\SHLWAPI.dll
0x00007ffd713a0000 - 0x00007ffd71adf000 	C:\WINDOWS\System32\SHELL32.dll
0x00007ffd72670000 - 0x00007ffd7273d000 	C:\WINDOWS\System32\OLEAUT32.dll
0x00007ffd71170000 - 0x00007ffd7129a000 	C:\WINDOWS\System32\ole32.dll
0x00007ffd702f0000 - 0x00007ffd70350000 	C:\WINDOWS\System32\WINTRUST.dll
0x00007ffd70750000 - 0x00007ffd708a6000 	C:\WINDOWS\System32\CRYPT32.dll
0x00007ffd2a020000 - 0x00007ffd2a134000 	C:\Xilinx\Vivado\2019.1\lib\win64.o\libboost_regex.dll
0x00007ffd568b0000 - 0x00007ffd568c8000 	C:\WINDOWS\SYSTEM32\NETAPI32.dll
0x00007ffd5ea40000 - 0x00007ffd5eaf0000 	C:\WINDOWS\WinSxS\amd64_microsoft.windows.common-controls_6595b64144ccf1df_5.82.19041.1110_none_792d1c772443f647\COMCTL32.dll
0x00007ffd5ed00000 - 0x00007ffd5ed09000 	C:\WINDOWS\SYSTEM32\WSOCK32.dll
0x00007ffd6b8e0000 - 0x00007ffd6b8fd000 	C:\WINDOWS\SYSTEM32\dhcpcsvc.DLL
0x00007ffd18e90000 - 0x00007ffd19d72000 	C:\Xilinx\Vivado\2019.1\lib\win64.o\librdi_common.dll
0x00007ffd2f4a0000 - 0x00007ffd2f4b4000 	C:\Xilinx\Vivado\2019.1\lib\win64.o\libboost_date_time.dll
0x00007ffd2e6d0000 - 0x00007ffd2e6f1000 	C:\Xilinx\Vivado\2019.1\lib\win64.o\libboost_thread.dll
0x00007ffd29fa0000 - 0x00007ffd2a01f000 	C:\Xilinx\Vivado\2019.1\lib\win64.o\libboost_program_options.dll
0x00007ffd271c0000 - 0x00007ffd2752e000 	C:\Xilinx\Vivado\2019.1\lib\win64.o\libCOIN-all.dll
0x00007ffd5d270000 - 0x00007ffd5d27f000 	C:\Xilinx\Vivado\2019.1\lib\win64.o\libboost_xilinx.dll
0x00007ffd18e00000 - 0x00007ffd18e82000 	C:\Xilinx\Vivado\2019.1\lib\win64.o\libhdlpsolve.dll
0x00007ffd2e6a0000 - 0x00007ffd2e6ce000 	C:\Xilinx\Vivado\2019.1\lib\win64.o\libisl_sysinfo.dll
0x00007ffd18d50000 - 0x00007ffd18df5000 	C:\Xilinx\Vivado\2019.1\lib\win64.o\libhdxml.dll
0x00007ffd18ce0000 - 0x00007ffd18d45000 	C:\Xilinx\Vivado\2019.1\lib\win64.o\liblmx6.0.dll
0x00007ffd2d6e0000 - 0x00007ffd2d6fc000 	C:\Xilinx\Vivado\2019.1\lib\win64.o\librdiconfig.dll
0x00007ffd2f480000 - 0x00007ffd2f49a000 	C:\Xilinx\Vivado\2019.1\lib\win64.o\pthreadVC2.dll
0x00007ffd52ae0000 - 0x00007ffd52fb8000 	C:\WINDOWS\SYSTEM32\WININET.dll
0x00007ffd69700000 - 0x00007ffd6980c000 	C:\WINDOWS\SYSTEM32\WINHTTP.dll
0x00007ffd68b30000 - 0x00007ffd68d1b000 	C:\WINDOWS\SYSTEM32\urlmon.dll
0x00007ffd26da0000 - 0x00007ffd26dc1000 	C:\Xilinx\Vivado\2019.1\lib\win64.o\librdizlib.dll
0x00007ffd26d70000 - 0x00007ffd26d9e000 	C:\WINDOWS\SYSTEM32\VCOMP140.DLL
0x00007ffd5c5d0000 - 0x00007ffd5c5dd000 	C:\Xilinx\Vivado\2019.1\lib\win64.o\libboost_chrono.dll
0x00007ffd680c0000 - 0x00007ffd68370000 	C:\WINDOWS\SYSTEM32\iertutil.dll
0x00007ffd67ea0000 - 0x00007ffd67ec8000 	C:\WINDOWS\SYSTEM32\srvcli.dll
0x00007ffd6f780000 - 0x00007ffd6f78c000 	C:\WINDOWS\SYSTEM32\netutils.dll
0x00007ffd17e40000 - 0x00007ffd18cd1000 	C:\Xilinx\Vivado\2019.1\lib\win64.o\gurobi65.dll
0x0000000012000000 - 0x0000000012270000 	C:\Xilinx\Vivado\2019.1\lib\win64.o\xerces-c_3_1.dll
0x00007ffd17290000 - 0x00007ffd17e3f400 	C:\Xilinx\Vivado\2019.1\lib\win64.o\libisl_iostreams.dll
0x00007ffd17260000 - 0x00007ffd17285000 	C:\Xilinx\Vivado\2019.1\lib\win64.o\libisl_iosutils.dll
0x00007ffd2d6c0000 - 0x00007ffd2d6db000 	C:\Xilinx\Vivado\2019.1\lib\win64.o\libboost_iostreams.dll
0x00007ffd70c20000 - 0x00007ffd70c50000 	C:\WINDOWS\System32\IMM32.DLL
0x00007ffd6fed0000 - 0x00007ffd6fee2000 	C:\WINDOWS\SYSTEM32\MSASN1.dll
0x00007ffd6e130000 - 0x00007ffd6e142000 	C:\WINDOWS\SYSTEM32\kernel.appcore.dll
0x00007ffd16d40000 - 0x00007ffd17257000 	C:\Xilinx\Vivado\2019.1\lib\win64.o\librdi_commontasks.dll
0x00007ffd67e90000 - 0x00007ffd67e9a000 	C:\WINDOWS\SYSTEM32\VERSION.dll
0x00007ffd16ab0000 - 0x00007ffd16d36000 	C:\Xilinx\Vivado\2019.1\lib\win64.o\librdi_sio.dll
0x00007ffd6f720000 - 0x00007ffd6f75b000 	C:\WINDOWS\SYSTEM32\IPHLPAPI.DLL
0x0000000054420000 - 0x0000000054e45000 	C:\Xilinx\Vivado\2019.1\tps\win64\jre9.0.4\bin\server\jvm.dll
0x00007ffd712a0000 - 0x00007ffd712a8000 	C:\WINDOWS\System32\PSAPI.DLL
0x00007ffd6db70000 - 0x00007ffd6db97000 	C:\WINDOWS\SYSTEM32\WINMM.dll
0x00007ffd169c0000 - 0x00007ffd16aaf000 	C:\Xilinx\Vivado\2019.1\tps\win64\jre9.0.4\bin\MSVCR120.dll
0x00007ffd6faa0000 - 0x00007ffd6fb0a000 	C:\WINDOWS\SYSTEM32\MSWSOCK.DLL
0x00007ffd6e410000 - 0x00007ffd6eba0000 	C:\WINDOWS\SYSTEM32\windows.storage.dll
0x00007ffd6fd40000 - 0x00007ffd6fd6e000 	C:\WINDOWS\SYSTEM32\Wldp.dll
0x00007ffd14500000 - 0x00007ffd169bc000 	C:\Xilinx\Vivado\2019.1\lib\win64.o\librdi_tcltasks.dll
0x00007ffd14480000 - 0x00007ffd144f8000 	C:\Xilinx\Vivado\2019.1\lib\win64.o\librdi_boarddep.dll
0x00007ffd14070000 - 0x00007ffd14478000 	C:\Xilinx\Vivado\2019.1\lib\win64.o\librdi_bitstream.dll
0x00007ffd13ed0000 - 0x00007ffd14061000 	C:\Xilinx\Vivado\2019.1\lib\win64.o\librdi_board.dll
0x00007ffd13de0000 - 0x00007ffd13ecb000 	C:\Xilinx\Vivado\2019.1\lib\win64.o\librdi_chipscope.dll
0x00007ffd13c20000 - 0x00007ffd13ddd000 	C:\Xilinx\Vivado\2019.1\lib\win64.o\librdi_chipscopeimpl.dll
0x00007ffd13ac0000 - 0x00007ffd13c16000 	C:\Xilinx\Vivado\2019.1\lib\win64.o\librdi_containers.dll
0x00007ffd0fa70000 - 0x00007ffd13ab3000 	C:\Xilinx\Vivado\2019.1\lib\win64.o\librdi_designutils.dll
0x00007ffd0e080000 - 0x00007ffd0fa6a000 	C:\Xilinx\Vivado\2019.1\lib\win64.o\librdi_constraints.dll
0x00007ffd0dd60000 - 0x00007ffd0e07e000 	C:\Xilinx\Vivado\2019.1\lib\win64.o\librdi_dlyest.dll
0x00007ffd0d7c0000 - 0x00007ffd0dd5a000 	C:\Xilinx\Vivado\2019.1\lib\win64.o\librdi_drc.dll
0x00007ffd0d6f0000 - 0x00007ffd0d7b4000 	C:\Xilinx\Vivado\2019.1\lib\win64.o\librdi_dsp.dll
0x00007ffd0b830000 - 0x00007ffd0d6e1000 	C:\Xilinx\Vivado\2019.1\lib\win64.o\librdi_coregen.dll
0x00007ffd0b540000 - 0x00007ffd0b823000 	C:\Xilinx\Vivado\2019.1\lib\win64.o\librdi_guitools.dll
0x00007ffcf9110000 - 0x00007ffd0b53c000 	C:\Xilinx\Vivado\2019.1\lib\win64.o\librdi_device.dll
0x00007ffcf90a0000 - 0x00007ffcf9105000 	C:\Xilinx\Vivado\2019.1\lib\win64.o\librdi_hdf.dll
0x00007ffcf8a50000 - 0x00007ffcf909d000 	C:\Xilinx\Vivado\2019.1\lib\win64.o\librdi_filemgmt.dll
0x00007ffcf8370000 - 0x00007ffcf8a4a000 	C:\Xilinx\Vivado\2019.1\lib\win64.o\librdi_coregenipxact.dll
0x00007ffcf82f0000 - 0x00007ffcf8363000 	C:\Xilinx\Vivado\2019.1\lib\win64.o\librdi_memoryarray.dll
0x00007ffcf7cd0000 - 0x00007ffcf82e5000 	C:\Xilinx\Vivado\2019.1\lib\win64.o\librdi_memdata.dll
0x00007ffcf6710000 - 0x00007ffcf7cd0000 	C:\Xilinx\Vivado\2019.1\lib\win64.o\librdi_implflow.dll
0x00007ffcf66c0000 - 0x00007ffcf670b000 	C:\Xilinx\Vivado\2019.1\lib\win64.o\librdi_pfi.dll
0x00007ffcf39d0000 - 0x00007ffcf66b6000 	C:\Xilinx\Vivado\2019.1\lib\win64.o\librdi_mig.dll
0x00007ffcf3320000 - 0x00007ffcf39c2000 	C:\Xilinx\Vivado\2019.1\lib\win64.o\librdi_netlist.dll
0x00007ffcf2bd0000 - 0x00007ffcf331a000 	C:\Xilinx\Vivado\2019.1\lib\win64.o\librdi_power.dll
0x00007ffcf28c0000 - 0x00007ffcf2bcf000 	C:\Xilinx\Vivado\2019.1\lib\win64.o\librdi_platform.dll
0x00007ffcf2340000 - 0x00007ffcf28bf000 	C:\Xilinx\Vivado\2019.1\lib\win64.o\librdi_project.dll
0x00007ffcefcc0000 - 0x00007ffcf2336000 	C:\Xilinx\Vivado\2019.1\lib\win64.o\librdi_place.dll
0x00007ffcef5b0000 - 0x00007ffcefcb6000 	C:\Xilinx\Vivado\2019.1\lib\win64.o\librdi_rsb.dll
0x00007ffceeea0000 - 0x00007ffcef5a9000 	C:\Xilinx\Vivado\2019.1\lib\win64.o\librdi_psta.dll
0x00007ffceeda0000 - 0x00007ffceee9a000 	C:\Xilinx\Vivado\2019.1\lib\win64.o\librdi_runsbase.dll
0x00007ffcee9a0000 - 0x00007ffceed91000 	C:\Xilinx\Vivado\2019.1\lib\win64.o\librdi_runs.dll
0x00007ffcee740000 - 0x00007ffcee996000 	C:\Xilinx\Vivado\2019.1\lib\win64.o\librdi_simdata.dll
0x00007ffcee5c0000 - 0x00007ffcee732000 	C:\Xilinx\Vivado\2019.1\lib\win64.o\librdi_advchipscopeimpl.dll
0x00007ffcee570000 - 0x00007ffcee5bc000 	C:\Xilinx\Vivado\2019.1\lib\win64.o\libboost_serialization.dll
0x00007ffced750000 - 0x00007ffcee561000 	C:\Xilinx\Vivado\2019.1\lib\win64.o\librdi_timing.dll
0x00007ffced5b0000 - 0x00007ffced74f000 	C:\Xilinx\Vivado\2019.1\lib\win64.o\librdi_hip_devdesign.dll
0x00007ffced1c0000 - 0x00007ffced5a5000 	C:\Xilinx\Vivado\2019.1\lib\win64.o\librdi_hip_config.dll
0x00007ffced170000 - 0x00007ffced1b3000 	C:\Xilinx\Vivado\2019.1\lib\win64.o\librdi_noc_frameworks.dll
0x00007ffcecc20000 - 0x00007ffced16e000 	C:\Xilinx\Vivado\2019.1\lib\win64.o\librdi_xdm.dll
0x00007ffcecb50000 - 0x00007ffcecc12000 	C:\Xilinx\Vivado\2019.1\lib\win64.o\librdi_ipconfig_readwrite.dll
0x00007ffcecb10000 - 0x00007ffcecb50000 	C:\Xilinx\Vivado\2019.1\lib\win64.o\librdi_wavedata_SimpleApi.dll
0x00007ffceca70000 - 0x00007ffcecb0e000 	C:\Xilinx\Vivado\2019.1\lib\win64.o\libise.dll
0x00007ffcebf20000 - 0x00007ffceca67000 	C:\Xilinx\Vivado\2019.1\lib\win64.o\libverific.dll
0x00007ffcebee0000 - 0x00007ffcebf1f000 	C:\Xilinx\Vivado\2019.1\lib\win64.o\librdi_schedmon.dll
0x00007ffce9f10000 - 0x00007ffcebedd000 	C:\Xilinx\Vivado\2019.1\lib\win64.o\librdi_synth.dll
0x00007ffce8d80000 - 0x00007ffce9f0d000 	C:\Xilinx\Vivado\2019.1\lib\win64.o\librdi_route.dll
0x00007ffce8b20000 - 0x00007ffce8d79000 	C:\Xilinx\Vivado\2019.1\lib\win64.o\librdi_hsm.dll
0x00007ffce8a90000 - 0x00007ffce8b18000 	C:\Xilinx\Vivado\2019.1\lib\win64.o\librdi_meir_core.dll

VM Arguments:
jvm_args: -Dsun.java2d.pmoffscreen=false -Dsun.java2d.xrender=false -Dsun.java2d.d3d=false -Dsun.awt.nopixfmt=true -Dsun.java2d.dpiaware=true -Dsun.java2d.uiScale.enabled=false -Xverify:none -Dswing.aatext=true -XX:-UsePerfData -Djdk.map.althashing.threshold=512 -XX:StringTableSize=4072 --add-opens=java.base/java.nio=ALL-UNNAMED --add-opens=java.desktop/sun.swing=ALL-UNNAMED --add-opens=java.desktop/javax.swing=ALL-UNNAMED --add-opens=java.desktop/javax.swing.tree=ALL-UNNAMED --add-opens=java.desktop/javax.swing.plaf.basic=ALL-UNNAMED --add-opens=java.desktop/javax.swing.plaf.synth=ALL-UNNAMED --add-opens=java.desktop/com.sun.awt=ALL-UNNAMED -XX:NewSize=60m -XX:MaxNewSize=60m -Xms128m -Xmx3072m -Xss5m 
java_command: <unknown>
java_class_path (initial): C:/Xilinx/Vivado/2019.1\lib\classes\alloy.jar;C:/Xilinx/Vivado/2019.1\lib\classes\autopilot.scelaborator.jar;C:/Xilinx/Vivado/2019.1\lib\classes\autopilot.sourceprocessor.jar;C:/Xilinx/Vivado/2019.1\lib\classes\autopilot.tbprocessor.jar;C:/Xilinx/Vivado/2019.1\lib\classes\batik-anim.jar;C:/Xilinx/Vivado/2019.1\lib\classes\batik-awt-util.jar;C:/Xilinx/Vivado/2019.1\lib\classes\batik-bridge.jar;C:/Xilinx/Vivado/2019.1\lib\classes\batik-codec.jar;C:/Xilinx/Vivado/2019.1\lib\classes\batik-css.jar;C:/Xilinx/Vivado/2019.1\lib\classes\batik-dom.jar;C:/Xilinx/Vivado/2019.1\lib\classes\batik-ext.jar;C:/Xilinx/Vivado/2019.1\lib\classes\batik-gui-util.jar;C:/Xilinx/Vivado/2019.1\lib\classes\batik-gvt.jar;C:/Xilinx/Vivado/2019.1\lib\classes\batik-parser.jar;C:/Xilinx/Vivado/2019.1\lib\classes\batik-script.jar;C:/Xilinx/Vivado/2019.1\lib\classes\batik-svg-dom.jar;C:/Xilinx/Vivado/2019.1\lib\classes\batik-swing.jar;C:/Xilinx/Vivado/2019.1\lib\classes\batik-transcoder.jar;C:/Xilinx/Vivado/2019.1\lib\classes\batik-util.jar;C:/Xilinx/Vivado/2019.1\lib\classes\batik-xml.jar;C:/Xilinx/Vivado/2019.1\lib\classes\com.google.gson_2.7.0.v20170129-0911.jar;C:/Xilinx/Vivado/2019.1\lib\classes\com.google.guava_21.0.0.v20170206-1425.jar;C:/Xilinx/Vivado/2019.1\lib\classes\com.google.inject_3.0.0.v201605172100.jar;C:/Xilinx/Vivado/2019.1\lib\classes\com.ibm.icu_4.4.2.v20110208.jar;C:/Xilinx/Vivado/2019.1\lib\classes\com.sigasi.hdt.annotations.runtime_4.3.0.201903071210.jar;C:/Xilinx/Vivado/2019.1\lib\classes\com.sigasi.hdt.blockdiagram.model_4.3.0.201903071210.jar;C:/Xilinx/Vivado/2019.1\lib\classes\com.sigasi.hdt.connection_4.3.0.201903071210.jar;C:/Xilinx/Vivado/2019.1\lib\classes\com.sigasi.hdt.dependencies.model_4.3.0.201903071210.jar;C:/Xilinx/Vivado/2019.1\lib\classes\com.sigasi.hdt.epl_4.3.0.201903071210.jar;C:/Xilinx/Vivado/2019.1\lib\classes\com.sigasi.hdt.graphics.model_4.3.0.201903071210.jar;C:/Xilinx/Vivado/2019.1\lib\classes\com.sigasi.hdt.project_4.3.0
Launcher Type: generic

Logging:
Log output configuration:
#0: stdout all=warning uptime,level,tags
#1: stderr all=off uptime,level,tags

Environment Variables:
PATH=C:/Xilinx/Vivado/2019.1/bin;C:/Xilinx/Vivado/2019.1/lib/win64.o;C:/Xilinx/Vivado/2019.1/tps/win64/jre9.0.4/bin/server;C:/Xilinx/Vivado/2019.1/tps/win64/jre9.0.4/bin;C:/Xilinx/SDK/2019.1/bin;C:/Xilinx/Vivado/2019.1/ids_lite/ISE/bin/nt64;C:/Xilinx/Vivado/2019.1/ids_lite/ISE/lib/nt64;C:\WINDOWS\system32;C:\WINDOWS;C:\WINDOWS\System32\Wbem;C:\WINDOWS\System32\WindowsPowerShell\v1.0\;C:\WINDOWS\System32\OpenSSH\;C:\ProgramData\chocolatey\bin;C:\Program Files\Git\cmd;C:\Users\kho29\AppData\Local\Microsoft\WindowsApps;;C:/Xilinx/Vivado/2019.1\tps\mingw\6.2.0\win64.o\nt\bin;C:/Xilinx/Vivado/2019.1\tps\mingw\6.2.0\win64.o\nt\libexec\gcc\x86_64-w64-mingw32\6.2.0;C:/Xilinx/Vivado/2019.1\tps\win64\python-2.7.5;C:/Xilinx/Vivado/2019.1\tps\win64\python-2.7.5\lib;C:/Xilinx/Vivado/2019.1\tps\win64\python-2.7.5\Lib\lib-tk;C:/Xilinx/Vivado/2019.1\tps\win64\python-2.7.5\lib\site-packages
USERNAME=kho29
OS=Windows_NT
PROCESSOR_IDENTIFIER=Intel64 Family 6 Model 94 Stepping 3, GenuineIntel



---------------  S Y S T E M  ---------------

OS: Windows 10 , 64 bit Build 19041 (10.0.19041.1348)

CPU:total 4 (initial active 4) (4 cores per cpu, 1 threads per core) family 6 model 94 stepping 3, cmov, cx8, fxsr, mmx, sse, sse2, sse3, ssse3, sse4.1, sse4.2, popcnt, avx, avx2, aes, clmul, erms, rtm, 3dnowpref, lzcnt, tsc, tscinvbit, bmi1, bmi2, adx, fma

Memory: 4k page, physical 16637828k(11626508k free), swap 19128196k(13527972k free)

vm_info: Java HotSpot(TM) 64-Bit Server VM (9.0.4+11) for windows-amd64 JRE (9.0.4+11), built on Dec 20 2017 02:18:54 by "mach5one" with MS VC++ 12.0 (VS2013)

END.
